2024-10-03 14:15:33 INFO  org.testng.internal.Utils - [XmlSuite] [WARN] 'parallel' value 'false' is no longer valid, defaulting to 'none'.
2024-10-03 14:15:34 INFO  io.github.bonigarcia.wdm.WebDriverManager - Using chromedriver 129.0.6668.89 (resolved driver for Chrome 129)
2024-10-03 14:15:34 INFO  io.github.bonigarcia.wdm.WebDriverManager - Exporting webdriver.chrome.driver as C:\Users\iryna\.cache\selenium\chromedriver\win64\129.0.6668.89\chromedriver.exe
2024-10-03 14:15:39 INFO  ui.stepsdef.CommonSteps - Opened the homepage
2024-10-03 14:15:40 INFO  ui.stepsdef.CommonSteps - Clicked on Products link
2024-10-03 14:15:41 INFO  ui.pages.ProductsPage - Clicking on product at index: 0
2024-10-03 14:15:41 INFO  ui.pages.ProductsPage - Successfully clicked on product at index: 0
2024-10-03 14:15:41 INFO  ui.stepsdef.ProductDetailsInformationSteps - Clicked on a product
2024-10-03 15:24:01 INFO  org.testng.internal.Utils - [XmlSuite] [WARN] 'parallel' value 'false' is no longer valid, defaulting to 'none'.
2024-10-03 15:24:02 INFO  io.github.bonigarcia.wdm.WebDriverManager - Using chromedriver 129.0.6668.89 (resolved driver for Chrome 129)
2024-10-03 15:24:02 INFO  io.github.bonigarcia.wdm.WebDriverManager - Exporting webdriver.chrome.driver as C:\Users\iryna\.cache\selenium\chromedriver\win64\129.0.6668.89\chromedriver.exe
2024-10-03 15:24:06 INFO  ui.stepsdef.CommonSteps - Opened the homepage
2024-10-03 15:24:08 INFO  ui.stepsdef.CommonSteps - Clicked on Products link
2024-10-03 15:24:08 INFO  ui.pages.ProductsPage - No banner found, proceeding.
2024-10-03 15:24:08 INFO  ui.pages.ProductsPage - Clicking on product at index: 0
2024-10-03 15:24:11 INFO  ui.pages.ProductsPage - Successfully clicked on product at index: 0
2024-10-03 15:24:11 INFO  ui.stepsdef.ProductDetailsInformationSteps - Clicked on a product
2024-10-03 15:40:52 INFO  org.testng.internal.Utils - [XmlSuite] [WARN] 'parallel' value 'false' is no longer valid, defaulting to 'none'.
2024-10-03 15:40:53 INFO  io.github.bonigarcia.wdm.WebDriverManager - Using chromedriver 129.0.6668.89 (resolved driver for Chrome 129)
2024-10-03 15:40:53 INFO  io.github.bonigarcia.wdm.WebDriverManager - Exporting webdriver.chrome.driver as C:\Users\iryna\.cache\selenium\chromedriver\win64\129.0.6668.89\chromedriver.exe
2024-10-03 15:40:59 INFO  ui.stepsdef.CommonSteps - Opened the homepage
2024-10-03 15:41:01 INFO  ui.stepsdef.CommonSteps - Clicked on Products link
2024-10-03 15:41:01 INFO  ui.pages.ProductsPage - No banner found, proceeding.
2024-10-03 15:41:01 INFO  ui.pages.ProductsPage - Clicking on product at index: 0
2024-10-03 15:41:01 INFO  ui.pages.ProductsPage - Successfully clicked on product at index: 0
2024-10-03 15:41:01 INFO  ui.stepsdef.ProductDetailsInformationSteps - Clicked on a product
2024-10-03 15:48:12 INFO  org.testng.internal.Utils - [XmlSuite] [WARN] 'parallel' value 'false' is no longer valid, defaulting to 'none'.
2024-10-03 15:48:13 INFO  io.github.bonigarcia.wdm.WebDriverManager - Using chromedriver 129.0.6668.89 (resolved driver for Chrome 129)
2024-10-03 15:48:13 INFO  io.github.bonigarcia.wdm.WebDriverManager - Exporting webdriver.chrome.driver as C:\Users\iryna\.cache\selenium\chromedriver\win64\129.0.6668.89\chromedriver.exe
2024-10-03 15:48:17 INFO  ui.stepsdef.CommonSteps - Opened the homepage
2024-10-03 15:48:19 INFO  ui.stepsdef.CommonSteps - Clicked on Products link
2024-10-03 15:48:19 INFO  ui.pages.ProductsPage - No banner found, proceeding.
2024-10-03 15:48:19 INFO  ui.pages.ProductsPage - Clicking on product at index: 0
2024-10-03 15:48:19 INFO  ui.pages.ProductsPage - Successfully clicked on product at index: 0
2024-10-03 15:48:19 INFO  ui.stepsdef.ProductDetailsInformationSteps - Clicked on a product
2024-10-03 16:18:37 INFO  org.testng.internal.Utils - [XmlSuite] [WARN] 'parallel' value 'false' is no longer valid, defaulting to 'none'.
2024-10-03 16:18:38 INFO  io.github.bonigarcia.wdm.WebDriverManager - Using chromedriver 129.0.6668.89 (resolved driver for Chrome 129)
2024-10-03 16:18:38 INFO  io.github.bonigarcia.wdm.WebDriverManager - Exporting webdriver.chrome.driver as C:\Users\iryna\.cache\selenium\chromedriver\win64\129.0.6668.89\chromedriver.exe
2024-10-03 16:18:42 INFO  ui.stepsdef.CommonSteps - Opened the homepage
2024-10-03 16:18:44 INFO  ui.stepsdef.CommonSteps - Clicked on Products link
2024-10-03 16:20:45 INFO  org.testng.internal.Utils - [XmlSuite] [WARN] 'parallel' value 'false' is no longer valid, defaulting to 'none'.
2024-10-03 16:20:45 INFO  io.github.bonigarcia.wdm.WebDriverManager - Using chromedriver 129.0.6668.89 (resolved driver for Chrome 129)
2024-10-03 16:20:45 INFO  io.github.bonigarcia.wdm.WebDriverManager - Exporting webdriver.chrome.driver as C:\Users\iryna\.cache\selenium\chromedriver\win64\129.0.6668.89\chromedriver.exe
2024-10-03 16:20:49 INFO  ui.stepsdef.CommonSteps - Opened the homepage
2024-10-03 16:20:50 INFO  ui.stepsdef.CommonSteps - Clicked on Products link
2024-10-03 16:20:50 INFO  ui.pages.ProductsPage - No banner found, proceeding.
2024-10-03 16:20:50 INFO  ui.pages.ProductsPage - Clicking on the first product
2024-10-03 16:20:51 INFO  ui.pages.ProductsPage - Successfully clicked on the first product
2024-10-03 16:20:51 INFO  ui.stepsdef.ProductDetailsInformationSteps - Clicked on the 'View Product' button for the first product
2024-10-03 16:25:23 INFO  org.testng.internal.Utils - [XmlSuite] [WARN] 'parallel' value 'false' is no longer valid, defaulting to 'none'.
2024-10-03 16:25:24 INFO  io.github.bonigarcia.wdm.WebDriverManager - Using chromedriver 129.0.6668.89 (resolved driver for Chrome 129)
2024-10-03 16:25:24 INFO  io.github.bonigarcia.wdm.WebDriverManager - Exporting webdriver.chrome.driver as C:\Users\iryna\.cache\selenium\chromedriver\win64\129.0.6668.89\chromedriver.exe
2024-10-03 16:25:28 INFO  ui.stepsdef.CommonSteps - Opened the homepage
2024-10-03 16:25:29 INFO  ui.stepsdef.CommonSteps - Clicked on Products link
2024-10-03 16:25:29 INFO  ui.pages.ProductsPage - No banner found, proceeding.
2024-10-03 16:25:29 INFO  ui.pages.ProductsPage - Clicking on the first product
2024-10-03 16:25:29 INFO  ui.pages.ProductsPage - Successfully clicked on the first product
2024-10-03 16:25:29 INFO  ui.stepsdef.ProductDetailsInformationSteps - Clicked on the 'View Product' button for the first product
2024-10-03 16:30:10 INFO  org.testng.internal.Utils - [XmlSuite] [WARN] 'parallel' value 'false' is no longer valid, defaulting to 'none'.
2024-10-03 16:30:10 INFO  io.github.bonigarcia.wdm.WebDriverManager - Using chromedriver 129.0.6668.89 (resolved driver for Chrome 129)
2024-10-03 16:30:11 INFO  io.github.bonigarcia.wdm.WebDriverManager - Exporting webdriver.chrome.driver as C:\Users\iryna\.cache\selenium\chromedriver\win64\129.0.6668.89\chromedriver.exe
2024-10-03 16:30:15 INFO  ui.stepsdef.CommonSteps - Opened the homepage
2024-10-03 16:30:18 INFO  ui.stepsdef.CommonSteps - Clicked on Products link
2024-10-03 16:30:18 INFO  ui.pages.ProductsPage - No banner found, proceeding.
2024-10-03 16:30:18 INFO  ui.pages.ProductsPage - Clicking on the first product
2024-10-03 16:30:18 INFO  ui.pages.ProductsPage - Successfully clicked on the first product
2024-10-03 16:30:18 INFO  ui.stepsdef.ProductDetailsInformationSteps - Clicked on the 'View Product' button for the first product
2024-10-03 16:31:36 INFO  org.testng.internal.Utils - [XmlSuite] [WARN] 'parallel' value 'false' is no longer valid, defaulting to 'none'.
2024-10-03 16:31:37 INFO  io.github.bonigarcia.wdm.WebDriverManager - Using chromedriver 129.0.6668.89 (resolved driver for Chrome 129)
2024-10-03 16:31:37 INFO  io.github.bonigarcia.wdm.WebDriverManager - Exporting webdriver.chrome.driver as C:\Users\iryna\.cache\selenium\chromedriver\win64\129.0.6668.89\chromedriver.exe
2024-10-03 16:31:41 INFO  ui.stepsdef.CommonSteps - Opened the homepage
2024-10-03 16:31:44 INFO  ui.stepsdef.CommonSteps - Clicked on Products link
2024-10-03 16:31:44 INFO  ui.pages.ProductsPage - No banner found, proceeding.
2024-10-03 16:31:44 INFO  ui.pages.ProductsPage - Clicking on the first product
2024-10-03 16:31:44 INFO  ui.pages.ProductsPage - Successfully clicked on the first product
2024-10-03 16:31:44 INFO  ui.stepsdef.ProductDetailsInformationSteps - Clicked on the 'View Product' button for the first product
2024-10-03 16:38:30 INFO  org.testng.internal.Utils - [XmlSuite] [WARN] 'parallel' value 'false' is no longer valid, defaulting to 'none'.
2024-10-03 16:38:30 INFO  io.github.bonigarcia.wdm.WebDriverManager - Using chromedriver 129.0.6668.89 (resolved driver for Chrome 129)
2024-10-03 16:38:30 INFO  io.github.bonigarcia.wdm.WebDriverManager - Exporting webdriver.chrome.driver as C:\Users\iryna\.cache\selenium\chromedriver\win64\129.0.6668.89\chromedriver.exe
2024-10-03 16:38:35 INFO  ui.stepsdef.CommonSteps - Opened the homepage
2024-10-03 16:38:36 INFO  ui.stepsdef.CommonSteps - Clicked on Products link
2024-10-03 16:38:36 INFO  ui.pages.ProductsPage - No banner found, proceeding.
2024-10-03 16:38:38 INFO  ui.pages.ProductsPage - Scrolled to the product at index: 0 and clicked.
2024-10-03 16:38:38 INFO  ui.stepsdef.ProductDetailsInformationSteps - Clicked on the 'View Product' button for the first product
2024-10-03 16:38:38 INFO  ui.stepsdef.ProductDetailsInformationSteps - Product details are displayed correctly
2024-10-03 16:55:26 INFO  org.testng.internal.Utils - [XmlSuite] [WARN] 'parallel' value 'false' is no longer valid, defaulting to 'none'.
2024-10-03 16:55:27 INFO  org.littleshoot.proxy.impl.DefaultHttpProxyServer - Starting proxy at address: 0.0.0.0/0.0.0.0:0
2024-10-03 16:55:27 INFO  org.littleshoot.proxy.impl.DefaultHttpProxyServer - Proxy listening with TCP transport
2024-10-03 16:55:27 INFO  org.littleshoot.proxy.impl.DefaultHttpProxyServer - Proxy started at address: /0:0:0:0:0:0:0:0:52009
2024-10-03 16:55:27 INFO  io.github.bonigarcia.wdm.WebDriverManager - Using chromedriver 129.0.6668.89 (resolved driver for Chrome 129)
2024-10-03 16:55:27 INFO  io.github.bonigarcia.wdm.WebDriverManager - Exporting webdriver.chrome.driver as C:\Users\iryna\.cache\selenium\chromedriver\win64\129.0.6668.89\chromedriver.exe
2024-10-03 16:55:28 ERROR org.littleshoot.proxy.impl.ClientToProxyConnection - (NEGOTIATING_CONNECT) [id: 0xdd6f7984, L:0.0.0.0/0.0.0.0:52009 ! R:/0:0:0:0:0:0:0:1:52017]: Caught an exception on ClientToProxyConnection
io.netty.handler.codec.DecoderException: javax.net.ssl.SSLHandshakeException: Received fatal alert: certificate_unknown
	at io.netty.handler.codec.ByteToMessageDecoder.callDecode(ByteToMessageDecoder.java:461) ~[netty-all-4.0.51.Final.jar:4.0.51.Final]
	at io.netty.handler.codec.ByteToMessageDecoder.channelRead(ByteToMessageDecoder.java:267) ~[netty-all-4.0.51.Final.jar:4.0.51.Final]
	at io.netty.channel.AbstractChannelHandlerContext.invokeChannelRead(AbstractChannelHandlerContext.java:356) [netty-all-4.0.51.Final.jar:4.0.51.Final]
	at io.netty.channel.AbstractChannelHandlerContext.invokeChannelRead(AbstractChannelHandlerContext.java:342) [netty-all-4.0.51.Final.jar:4.0.51.Final]
	at io.netty.channel.AbstractChannelHandlerContext.fireChannelRead(AbstractChannelHandlerContext.java:335) [netty-all-4.0.51.Final.jar:4.0.51.Final]
	at io.netty.channel.DefaultChannelPipeline$HeadContext.channelRead(DefaultChannelPipeline.java:1302) [netty-all-4.0.51.Final.jar:4.0.51.Final]
	at io.netty.channel.AbstractChannelHandlerContext.invokeChannelRead(AbstractChannelHandlerContext.java:356) [netty-all-4.0.51.Final.jar:4.0.51.Final]
	at io.netty.channel.AbstractChannelHandlerContext.invokeChannelRead(AbstractChannelHandlerContext.java:342) [netty-all-4.0.51.Final.jar:4.0.51.Final]
	at io.netty.channel.DefaultChannelPipeline.fireChannelRead(DefaultChannelPipeline.java:919) [netty-all-4.0.51.Final.jar:4.0.51.Final]
	at io.netty.channel.nio.AbstractNioByteChannel$NioByteUnsafe.read(AbstractNioByteChannel.java:131) [netty-all-4.0.51.Final.jar:4.0.51.Final]
	at io.netty.channel.nio.NioEventLoop.processSelectedKey(NioEventLoop.java:646) [netty-all-4.0.51.Final.jar:4.0.51.Final]
	at io.netty.channel.nio.NioEventLoop.processSelectedKeysOptimized(NioEventLoop.java:581) [netty-all-4.0.51.Final.jar:4.0.51.Final]
	at io.netty.channel.nio.NioEventLoop.processSelectedKeys(NioEventLoop.java:498) [netty-all-4.0.51.Final.jar:4.0.51.Final]
	at io.netty.channel.nio.NioEventLoop.run(NioEventLoop.java:460) [netty-all-4.0.51.Final.jar:4.0.51.Final]
	at io.netty.util.concurrent.SingleThreadEventExecutor$2.run(SingleThreadEventExecutor.java:131) [netty-all-4.0.51.Final.jar:4.0.51.Final]
	at java.lang.Thread.run(Thread.java:829) [?:?]
Caused by: javax.net.ssl.SSLHandshakeException: Received fatal alert: certificate_unknown
	at sun.security.ssl.Alert.createSSLException(Alert.java:131) ~[?:?]
	at sun.security.ssl.Alert.createSSLException(Alert.java:117) ~[?:?]
	at sun.security.ssl.TransportContext.fatal(TransportContext.java:347) ~[?:?]
	at sun.security.ssl.Alert$AlertConsumer.consume(Alert.java:293) ~[?:?]
	at sun.security.ssl.TransportContext.dispatch(TransportContext.java:186) ~[?:?]
	at sun.security.ssl.SSLTransport.decode(SSLTransport.java:172) ~[?:?]
	at sun.security.ssl.SSLEngineImpl.decode(SSLEngineImpl.java:681) ~[?:?]
	at sun.security.ssl.SSLEngineImpl.readRecord(SSLEngineImpl.java:636) ~[?:?]
	at sun.security.ssl.SSLEngineImpl.unwrap(SSLEngineImpl.java:454) ~[?:?]
	at sun.security.ssl.SSLEngineImpl.unwrap(SSLEngineImpl.java:433) ~[?:?]
	at javax.net.ssl.SSLEngine.unwrap(SSLEngine.java:637) ~[?:?]
	at io.netty.handler.ssl.SslHandler$SslEngineType$3.unwrap(SslHandler.java:272) ~[netty-all-4.0.51.Final.jar:4.0.51.Final]
	at io.netty.handler.ssl.SslHandler.unwrap(SslHandler.java:1175) ~[netty-all-4.0.51.Final.jar:4.0.51.Final]
	at io.netty.handler.ssl.SslHandler.decodeJdkCompatible(SslHandler.java:1087) ~[netty-all-4.0.51.Final.jar:4.0.51.Final]
	at io.netty.handler.ssl.SslHandler.decode(SslHandler.java:1122) ~[netty-all-4.0.51.Final.jar:4.0.51.Final]
	at io.netty.handler.codec.ByteToMessageDecoder.decodeRemovalReentryProtection(ByteToMessageDecoder.java:491) ~[netty-all-4.0.51.Final.jar:4.0.51.Final]
	at io.netty.handler.codec.ByteToMessageDecoder.callDecode(ByteToMessageDecoder.java:430) ~[netty-all-4.0.51.Final.jar:4.0.51.Final]
	... 15 more
2024-10-03 16:55:28 INFO  org.littleshoot.proxy.impl.ProxyToServerConnection - (HANDSHAKING) [id: 0x97e4bd97, L:0.0.0.0/0.0.0.0:52018]: Connection to upstream server failed
javax.net.ssl.SSLHandshakeException: Received fatal alert: certificate_unknown
	at sun.security.ssl.Alert.createSSLException(Alert.java:131) ~[?:?]
	at sun.security.ssl.Alert.createSSLException(Alert.java:117) ~[?:?]
	at sun.security.ssl.TransportContext.fatal(TransportContext.java:347) ~[?:?]
	at sun.security.ssl.Alert$AlertConsumer.consume(Alert.java:293) ~[?:?]
	at sun.security.ssl.TransportContext.dispatch(TransportContext.java:186) ~[?:?]
	at sun.security.ssl.SSLTransport.decode(SSLTransport.java:172) ~[?:?]
	at sun.security.ssl.SSLEngineImpl.decode(SSLEngineImpl.java:681) ~[?:?]
	at sun.security.ssl.SSLEngineImpl.readRecord(SSLEngineImpl.java:636) ~[?:?]
	at sun.security.ssl.SSLEngineImpl.unwrap(SSLEngineImpl.java:454) ~[?:?]
	at sun.security.ssl.SSLEngineImpl.unwrap(SSLEngineImpl.java:433) ~[?:?]
	at javax.net.ssl.SSLEngine.unwrap(SSLEngine.java:637) ~[?:?]
	at io.netty.handler.ssl.SslHandler$SslEngineType$3.unwrap(SslHandler.java:272) ~[netty-all-4.0.51.Final.jar:4.0.51.Final]
	at io.netty.handler.ssl.SslHandler.unwrap(SslHandler.java:1175) ~[netty-all-4.0.51.Final.jar:4.0.51.Final]
	at io.netty.handler.ssl.SslHandler.decodeJdkCompatible(SslHandler.java:1087) ~[netty-all-4.0.51.Final.jar:4.0.51.Final]
	at io.netty.handler.ssl.SslHandler.decode(SslHandler.java:1122) ~[netty-all-4.0.51.Final.jar:4.0.51.Final]
	at io.netty.handler.codec.ByteToMessageDecoder.decodeRemovalReentryProtection(ByteToMessageDecoder.java:491) ~[netty-all-4.0.51.Final.jar:4.0.51.Final]
	at io.netty.handler.codec.ByteToMessageDecoder.callDecode(ByteToMessageDecoder.java:430) ~[netty-all-4.0.51.Final.jar:4.0.51.Final]
	at io.netty.handler.codec.ByteToMessageDecoder.channelRead(ByteToMessageDecoder.java:267) ~[netty-all-4.0.51.Final.jar:4.0.51.Final]
	at io.netty.channel.AbstractChannelHandlerContext.invokeChannelRead(AbstractChannelHandlerContext.java:356) ~[netty-all-4.0.51.Final.jar:4.0.51.Final]
	at io.netty.channel.AbstractChannelHandlerContext.invokeChannelRead(AbstractChannelHandlerContext.java:342) ~[netty-all-4.0.51.Final.jar:4.0.51.Final]
	at io.netty.channel.AbstractChannelHandlerContext.fireChannelRead(AbstractChannelHandlerContext.java:335) ~[netty-all-4.0.51.Final.jar:4.0.51.Final]
	at io.netty.channel.DefaultChannelPipeline$HeadContext.channelRead(DefaultChannelPipeline.java:1302) ~[netty-all-4.0.51.Final.jar:4.0.51.Final]
	at io.netty.channel.AbstractChannelHandlerContext.invokeChannelRead(AbstractChannelHandlerContext.java:356) ~[netty-all-4.0.51.Final.jar:4.0.51.Final]
	at io.netty.channel.AbstractChannelHandlerContext.invokeChannelRead(AbstractChannelHandlerContext.java:342) ~[netty-all-4.0.51.Final.jar:4.0.51.Final]
	at io.netty.channel.DefaultChannelPipeline.fireChannelRead(DefaultChannelPipeline.java:919) ~[netty-all-4.0.51.Final.jar:4.0.51.Final]
	at io.netty.channel.nio.AbstractNioByteChannel$NioByteUnsafe.read(AbstractNioByteChannel.java:131) ~[netty-all-4.0.51.Final.jar:4.0.51.Final]
	at io.netty.channel.nio.NioEventLoop.processSelectedKey(NioEventLoop.java:646) ~[netty-all-4.0.51.Final.jar:4.0.51.Final]
	at io.netty.channel.nio.NioEventLoop.processSelectedKeysOptimized(NioEventLoop.java:581) ~[netty-all-4.0.51.Final.jar:4.0.51.Final]
	at io.netty.channel.nio.NioEventLoop.processSelectedKeys(NioEventLoop.java:498) ~[netty-all-4.0.51.Final.jar:4.0.51.Final]
	at io.netty.channel.nio.NioEventLoop.run(NioEventLoop.java:460) [netty-all-4.0.51.Final.jar:4.0.51.Final]
	at io.netty.util.concurrent.SingleThreadEventExecutor$2.run(SingleThreadEventExecutor.java:131) [netty-all-4.0.51.Final.jar:4.0.51.Final]
	at java.lang.Thread.run(Thread.java:829) [?:?]
2024-10-03 16:55:28 ERROR org.littleshoot.proxy.impl.ClientToProxyConnection - (NEGOTIATING_CONNECT) [id: 0x25badafe, L:0.0.0.0/0.0.0.0:52009 ! R:/0:0:0:0:0:0:0:1:52126]: Caught an exception on ClientToProxyConnection
io.netty.handler.codec.DecoderException: javax.net.ssl.SSLHandshakeException: Received fatal alert: certificate_unknown
	at io.netty.handler.codec.ByteToMessageDecoder.callDecode(ByteToMessageDecoder.java:461) ~[netty-all-4.0.51.Final.jar:4.0.51.Final]
	at io.netty.handler.codec.ByteToMessageDecoder.channelRead(ByteToMessageDecoder.java:267) ~[netty-all-4.0.51.Final.jar:4.0.51.Final]
	at io.netty.channel.AbstractChannelHandlerContext.invokeChannelRead(AbstractChannelHandlerContext.java:356) [netty-all-4.0.51.Final.jar:4.0.51.Final]
	at io.netty.channel.AbstractChannelHandlerContext.invokeChannelRead(AbstractChannelHandlerContext.java:342) [netty-all-4.0.51.Final.jar:4.0.51.Final]
	at io.netty.channel.AbstractChannelHandlerContext.fireChannelRead(AbstractChannelHandlerContext.java:335) [netty-all-4.0.51.Final.jar:4.0.51.Final]
	at io.netty.channel.DefaultChannelPipeline$HeadContext.channelRead(DefaultChannelPipeline.java:1302) [netty-all-4.0.51.Final.jar:4.0.51.Final]
	at io.netty.channel.AbstractChannelHandlerContext.invokeChannelRead(AbstractChannelHandlerContext.java:356) [netty-all-4.0.51.Final.jar:4.0.51.Final]
	at io.netty.channel.AbstractChannelHandlerContext.invokeChannelRead(AbstractChannelHandlerContext.java:342) [netty-all-4.0.51.Final.jar:4.0.51.Final]
	at io.netty.channel.DefaultChannelPipeline.fireChannelRead(DefaultChannelPipeline.java:919) [netty-all-4.0.51.Final.jar:4.0.51.Final]
	at io.netty.channel.nio.AbstractNioByteChannel$NioByteUnsafe.read(AbstractNioByteChannel.java:131) [netty-all-4.0.51.Final.jar:4.0.51.Final]
	at io.netty.channel.nio.NioEventLoop.processSelectedKey(NioEventLoop.java:646) [netty-all-4.0.51.Final.jar:4.0.51.Final]
	at io.netty.channel.nio.NioEventLoop.processSelectedKeysOptimized(NioEventLoop.java:581) [netty-all-4.0.51.Final.jar:4.0.51.Final]
	at io.netty.channel.nio.NioEventLoop.processSelectedKeys(NioEventLoop.java:498) [netty-all-4.0.51.Final.jar:4.0.51.Final]
	at io.netty.channel.nio.NioEventLoop.run(NioEventLoop.java:460) [netty-all-4.0.51.Final.jar:4.0.51.Final]
	at io.netty.util.concurrent.SingleThreadEventExecutor$2.run(SingleThreadEventExecutor.java:131) [netty-all-4.0.51.Final.jar:4.0.51.Final]
	at java.lang.Thread.run(Thread.java:829) [?:?]
Caused by: javax.net.ssl.SSLHandshakeException: Received fatal alert: certificate_unknown
	at sun.security.ssl.Alert.createSSLException(Alert.java:131) ~[?:?]
	at sun.security.ssl.Alert.createSSLException(Alert.java:117) ~[?:?]
	at sun.security.ssl.TransportContext.fatal(TransportContext.java:347) ~[?:?]
	at sun.security.ssl.Alert$AlertConsumer.consume(Alert.java:293) ~[?:?]
	at sun.security.ssl.TransportContext.dispatch(TransportContext.java:186) ~[?:?]
	at sun.security.ssl.SSLTransport.decode(SSLTransport.java:172) ~[?:?]
	at sun.security.ssl.SSLEngineImpl.decode(SSLEngineImpl.java:681) ~[?:?]
	at sun.security.ssl.SSLEngineImpl.readRecord(SSLEngineImpl.java:636) ~[?:?]
	at sun.security.ssl.SSLEngineImpl.unwrap(SSLEngineImpl.java:454) ~[?:?]
	at sun.security.ssl.SSLEngineImpl.unwrap(SSLEngineImpl.java:433) ~[?:?]
	at javax.net.ssl.SSLEngine.unwrap(SSLEngine.java:637) ~[?:?]
	at io.netty.handler.ssl.SslHandler$SslEngineType$3.unwrap(SslHandler.java:272) ~[netty-all-4.0.51.Final.jar:4.0.51.Final]
	at io.netty.handler.ssl.SslHandler.unwrap(SslHandler.java:1175) ~[netty-all-4.0.51.Final.jar:4.0.51.Final]
	at io.netty.handler.ssl.SslHandler.decodeJdkCompatible(SslHandler.java:1087) ~[netty-all-4.0.51.Final.jar:4.0.51.Final]
	at io.netty.handler.ssl.SslHandler.decode(SslHandler.java:1122) ~[netty-all-4.0.51.Final.jar:4.0.51.Final]
	at io.netty.handler.codec.ByteToMessageDecoder.decodeRemovalReentryProtection(ByteToMessageDecoder.java:491) ~[netty-all-4.0.51.Final.jar:4.0.51.Final]
	at io.netty.handler.codec.ByteToMessageDecoder.callDecode(ByteToMessageDecoder.java:430) ~[netty-all-4.0.51.Final.jar:4.0.51.Final]
	... 15 more
2024-10-03 16:55:28 ERROR org.littleshoot.proxy.impl.ClientToProxyConnection - (NEGOTIATING_CONNECT) [id: 0x9287f84e, L:0.0.0.0/0.0.0.0:52009 ! R:/0:0:0:0:0:0:0:1:52127]: Caught an exception on ClientToProxyConnection
io.netty.handler.codec.DecoderException: javax.net.ssl.SSLHandshakeException: Received fatal alert: certificate_unknown
	at io.netty.handler.codec.ByteToMessageDecoder.callDecode(ByteToMessageDecoder.java:461) ~[netty-all-4.0.51.Final.jar:4.0.51.Final]
	at io.netty.handler.codec.ByteToMessageDecoder.channelRead(ByteToMessageDecoder.java:267) ~[netty-all-4.0.51.Final.jar:4.0.51.Final]
	at io.netty.channel.AbstractChannelHandlerContext.invokeChannelRead(AbstractChannelHandlerContext.java:356) [netty-all-4.0.51.Final.jar:4.0.51.Final]
	at io.netty.channel.AbstractChannelHandlerContext.invokeChannelRead(AbstractChannelHandlerContext.java:342) [netty-all-4.0.51.Final.jar:4.0.51.Final]
	at io.netty.channel.AbstractChannelHandlerContext.fireChannelRead(AbstractChannelHandlerContext.java:335) [netty-all-4.0.51.Final.jar:4.0.51.Final]
	at io.netty.channel.DefaultChannelPipeline$HeadContext.channelRead(DefaultChannelPipeline.java:1302) [netty-all-4.0.51.Final.jar:4.0.51.Final]
	at io.netty.channel.AbstractChannelHandlerContext.invokeChannelRead(AbstractChannelHandlerContext.java:356) [netty-all-4.0.51.Final.jar:4.0.51.Final]
	at io.netty.channel.AbstractChannelHandlerContext.invokeChannelRead(AbstractChannelHandlerContext.java:342) [netty-all-4.0.51.Final.jar:4.0.51.Final]
	at io.netty.channel.DefaultChannelPipeline.fireChannelRead(DefaultChannelPipeline.java:919) [netty-all-4.0.51.Final.jar:4.0.51.Final]
	at io.netty.channel.nio.AbstractNioByteChannel$NioByteUnsafe.read(AbstractNioByteChannel.java:131) [netty-all-4.0.51.Final.jar:4.0.51.Final]
	at io.netty.channel.nio.NioEventLoop.processSelectedKey(NioEventLoop.java:646) [netty-all-4.0.51.Final.jar:4.0.51.Final]
	at io.netty.channel.nio.NioEventLoop.processSelectedKeysOptimized(NioEventLoop.java:581) [netty-all-4.0.51.Final.jar:4.0.51.Final]
	at io.netty.channel.nio.NioEventLoop.processSelectedKeys(NioEventLoop.java:498) [netty-all-4.0.51.Final.jar:4.0.51.Final]
	at io.netty.channel.nio.NioEventLoop.run(NioEventLoop.java:460) [netty-all-4.0.51.Final.jar:4.0.51.Final]
	at io.netty.util.concurrent.SingleThreadEventExecutor$2.run(SingleThreadEventExecutor.java:131) [netty-all-4.0.51.Final.jar:4.0.51.Final]
	at java.lang.Thread.run(Thread.java:829) [?:?]
Caused by: javax.net.ssl.SSLHandshakeException: Received fatal alert: certificate_unknown
	at sun.security.ssl.Alert.createSSLException(Alert.java:131) ~[?:?]
	at sun.security.ssl.Alert.createSSLException(Alert.java:117) ~[?:?]
	at sun.security.ssl.TransportContext.fatal(TransportContext.java:347) ~[?:?]
	at sun.security.ssl.Alert$AlertConsumer.consume(Alert.java:293) ~[?:?]
	at sun.security.ssl.TransportContext.dispatch(TransportContext.java:186) ~[?:?]
	at sun.security.ssl.SSLTransport.decode(SSLTransport.java:172) ~[?:?]
	at sun.security.ssl.SSLEngineImpl.decode(SSLEngineImpl.java:681) ~[?:?]
	at sun.security.ssl.SSLEngineImpl.readRecord(SSLEngineImpl.java:636) ~[?:?]
	at sun.security.ssl.SSLEngineImpl.unwrap(SSLEngineImpl.java:454) ~[?:?]
	at sun.security.ssl.SSLEngineImpl.unwrap(SSLEngineImpl.java:433) ~[?:?]
	at javax.net.ssl.SSLEngine.unwrap(SSLEngine.java:637) ~[?:?]
	at io.netty.handler.ssl.SslHandler$SslEngineType$3.unwrap(SslHandler.java:272) ~[netty-all-4.0.51.Final.jar:4.0.51.Final]
	at io.netty.handler.ssl.SslHandler.unwrap(SslHandler.java:1175) ~[netty-all-4.0.51.Final.jar:4.0.51.Final]
	at io.netty.handler.ssl.SslHandler.decodeJdkCompatible(SslHandler.java:1087) ~[netty-all-4.0.51.Final.jar:4.0.51.Final]
	at io.netty.handler.ssl.SslHandler.decode(SslHandler.java:1122) ~[netty-all-4.0.51.Final.jar:4.0.51.Final]
	at io.netty.handler.codec.ByteToMessageDecoder.decodeRemovalReentryProtection(ByteToMessageDecoder.java:491) ~[netty-all-4.0.51.Final.jar:4.0.51.Final]
	at io.netty.handler.codec.ByteToMessageDecoder.callDecode(ByteToMessageDecoder.java:430) ~[netty-all-4.0.51.Final.jar:4.0.51.Final]
	... 15 more
2024-10-03 16:55:28 INFO  org.littleshoot.proxy.impl.ProxyToServerConnection - (HANDSHAKING) [id: 0xf99da4dc, L:0.0.0.0/0.0.0.0:52128]: Connection to upstream server failed
javax.net.ssl.SSLHandshakeException: Received fatal alert: certificate_unknown
	at sun.security.ssl.Alert.createSSLException(Alert.java:131) ~[?:?]
	at sun.security.ssl.Alert.createSSLException(Alert.java:117) ~[?:?]
	at sun.security.ssl.TransportContext.fatal(TransportContext.java:347) ~[?:?]
	at sun.security.ssl.Alert$AlertConsumer.consume(Alert.java:293) ~[?:?]
	at sun.security.ssl.TransportContext.dispatch(TransportContext.java:186) ~[?:?]
	at sun.security.ssl.SSLTransport.decode(SSLTransport.java:172) ~[?:?]
	at sun.security.ssl.SSLEngineImpl.decode(SSLEngineImpl.java:681) ~[?:?]
	at sun.security.ssl.SSLEngineImpl.readRecord(SSLEngineImpl.java:636) ~[?:?]
	at sun.security.ssl.SSLEngineImpl.unwrap(SSLEngineImpl.java:454) ~[?:?]
	at sun.security.ssl.SSLEngineImpl.unwrap(SSLEngineImpl.java:433) ~[?:?]
	at javax.net.ssl.SSLEngine.unwrap(SSLEngine.java:637) ~[?:?]
	at io.netty.handler.ssl.SslHandler$SslEngineType$3.unwrap(SslHandler.java:272) ~[netty-all-4.0.51.Final.jar:4.0.51.Final]
	at io.netty.handler.ssl.SslHandler.unwrap(SslHandler.java:1175) ~[netty-all-4.0.51.Final.jar:4.0.51.Final]
	at io.netty.handler.ssl.SslHandler.decodeJdkCompatible(SslHandler.java:1087) ~[netty-all-4.0.51.Final.jar:4.0.51.Final]
	at io.netty.handler.ssl.SslHandler.decode(SslHandler.java:1122) ~[netty-all-4.0.51.Final.jar:4.0.51.Final]
	at io.netty.handler.codec.ByteToMessageDecoder.decodeRemovalReentryProtection(ByteToMessageDecoder.java:491) ~[netty-all-4.0.51.Final.jar:4.0.51.Final]
	at io.netty.handler.codec.ByteToMessageDecoder.callDecode(ByteToMessageDecoder.java:430) ~[netty-all-4.0.51.Final.jar:4.0.51.Final]
	at io.netty.handler.codec.ByteToMessageDecoder.channelRead(ByteToMessageDecoder.java:267) ~[netty-all-4.0.51.Final.jar:4.0.51.Final]
	at io.netty.channel.AbstractChannelHandlerContext.invokeChannelRead(AbstractChannelHandlerContext.java:356) ~[netty-all-4.0.51.Final.jar:4.0.51.Final]
	at io.netty.channel.AbstractChannelHandlerContext.invokeChannelRead(AbstractChannelHandlerContext.java:342) ~[netty-all-4.0.51.Final.jar:4.0.51.Final]
	at io.netty.channel.AbstractChannelHandlerContext.fireChannelRead(AbstractChannelHandlerContext.java:335) ~[netty-all-4.0.51.Final.jar:4.0.51.Final]
	at io.netty.channel.DefaultChannelPipeline$HeadContext.channelRead(DefaultChannelPipeline.java:1302) ~[netty-all-4.0.51.Final.jar:4.0.51.Final]
	at io.netty.channel.AbstractChannelHandlerContext.invokeChannelRead(AbstractChannelHandlerContext.java:356) ~[netty-all-4.0.51.Final.jar:4.0.51.Final]
	at io.netty.channel.AbstractChannelHandlerContext.invokeChannelRead(AbstractChannelHandlerContext.java:342) ~[netty-all-4.0.51.Final.jar:4.0.51.Final]
	at io.netty.channel.DefaultChannelPipeline.fireChannelRead(DefaultChannelPipeline.java:919) ~[netty-all-4.0.51.Final.jar:4.0.51.Final]
	at io.netty.channel.nio.AbstractNioByteChannel$NioByteUnsafe.read(AbstractNioByteChannel.java:131) ~[netty-all-4.0.51.Final.jar:4.0.51.Final]
	at io.netty.channel.nio.NioEventLoop.processSelectedKey(NioEventLoop.java:646) ~[netty-all-4.0.51.Final.jar:4.0.51.Final]
	at io.netty.channel.nio.NioEventLoop.processSelectedKeysOptimized(NioEventLoop.java:581) ~[netty-all-4.0.51.Final.jar:4.0.51.Final]
	at io.netty.channel.nio.NioEventLoop.processSelectedKeys(NioEventLoop.java:498) ~[netty-all-4.0.51.Final.jar:4.0.51.Final]
	at io.netty.channel.nio.NioEventLoop.run(NioEventLoop.java:460) [netty-all-4.0.51.Final.jar:4.0.51.Final]
	at io.netty.util.concurrent.SingleThreadEventExecutor$2.run(SingleThreadEventExecutor.java:131) [netty-all-4.0.51.Final.jar:4.0.51.Final]
	at java.lang.Thread.run(Thread.java:829) [?:?]
2024-10-03 16:55:28 INFO  org.littleshoot.proxy.impl.ProxyToServerConnection - (HANDSHAKING) [id: 0x726f5224, L:0.0.0.0/0.0.0.0:52129]: Connection to upstream server failed
javax.net.ssl.SSLHandshakeException: Received fatal alert: certificate_unknown
	at sun.security.ssl.Alert.createSSLException(Alert.java:131) ~[?:?]
	at sun.security.ssl.Alert.createSSLException(Alert.java:117) ~[?:?]
	at sun.security.ssl.TransportContext.fatal(TransportContext.java:347) ~[?:?]
	at sun.security.ssl.Alert$AlertConsumer.consume(Alert.java:293) ~[?:?]
	at sun.security.ssl.TransportContext.dispatch(TransportContext.java:186) ~[?:?]
	at sun.security.ssl.SSLTransport.decode(SSLTransport.java:172) ~[?:?]
	at sun.security.ssl.SSLEngineImpl.decode(SSLEngineImpl.java:681) ~[?:?]
	at sun.security.ssl.SSLEngineImpl.readRecord(SSLEngineImpl.java:636) ~[?:?]
	at sun.security.ssl.SSLEngineImpl.unwrap(SSLEngineImpl.java:454) ~[?:?]
	at sun.security.ssl.SSLEngineImpl.unwrap(SSLEngineImpl.java:433) ~[?:?]
	at javax.net.ssl.SSLEngine.unwrap(SSLEngine.java:637) ~[?:?]
	at io.netty.handler.ssl.SslHandler$SslEngineType$3.unwrap(SslHandler.java:272) ~[netty-all-4.0.51.Final.jar:4.0.51.Final]
	at io.netty.handler.ssl.SslHandler.unwrap(SslHandler.java:1175) ~[netty-all-4.0.51.Final.jar:4.0.51.Final]
	at io.netty.handler.ssl.SslHandler.decodeJdkCompatible(SslHandler.java:1087) ~[netty-all-4.0.51.Final.jar:4.0.51.Final]
	at io.netty.handler.ssl.SslHandler.decode(SslHandler.java:1122) ~[netty-all-4.0.51.Final.jar:4.0.51.Final]
	at io.netty.handler.codec.ByteToMessageDecoder.decodeRemovalReentryProtection(ByteToMessageDecoder.java:491) ~[netty-all-4.0.51.Final.jar:4.0.51.Final]
	at io.netty.handler.codec.ByteToMessageDecoder.callDecode(ByteToMessageDecoder.java:430) ~[netty-all-4.0.51.Final.jar:4.0.51.Final]
	at io.netty.handler.codec.ByteToMessageDecoder.channelRead(ByteToMessageDecoder.java:267) ~[netty-all-4.0.51.Final.jar:4.0.51.Final]
	at io.netty.channel.AbstractChannelHandlerContext.invokeChannelRead(AbstractChannelHandlerContext.java:356) ~[netty-all-4.0.51.Final.jar:4.0.51.Final]
	at io.netty.channel.AbstractChannelHandlerContext.invokeChannelRead(AbstractChannelHandlerContext.java:342) ~[netty-all-4.0.51.Final.jar:4.0.51.Final]
	at io.netty.channel.AbstractChannelHandlerContext.fireChannelRead(AbstractChannelHandlerContext.java:335) ~[netty-all-4.0.51.Final.jar:4.0.51.Final]
	at io.netty.channel.DefaultChannelPipeline$HeadContext.channelRead(DefaultChannelPipeline.java:1302) ~[netty-all-4.0.51.Final.jar:4.0.51.Final]
	at io.netty.channel.AbstractChannelHandlerContext.invokeChannelRead(AbstractChannelHandlerContext.java:356) ~[netty-all-4.0.51.Final.jar:4.0.51.Final]
	at io.netty.channel.AbstractChannelHandlerContext.invokeChannelRead(AbstractChannelHandlerContext.java:342) ~[netty-all-4.0.51.Final.jar:4.0.51.Final]
	at io.netty.channel.DefaultChannelPipeline.fireChannelRead(DefaultChannelPipeline.java:919) ~[netty-all-4.0.51.Final.jar:4.0.51.Final]
	at io.netty.channel.nio.AbstractNioByteChannel$NioByteUnsafe.read(AbstractNioByteChannel.java:131) ~[netty-all-4.0.51.Final.jar:4.0.51.Final]
	at io.netty.channel.nio.NioEventLoop.processSelectedKey(NioEventLoop.java:646) ~[netty-all-4.0.51.Final.jar:4.0.51.Final]
	at io.netty.channel.nio.NioEventLoop.processSelectedKeysOptimized(NioEventLoop.java:581) ~[netty-all-4.0.51.Final.jar:4.0.51.Final]
	at io.netty.channel.nio.NioEventLoop.processSelectedKeys(NioEventLoop.java:498) ~[netty-all-4.0.51.Final.jar:4.0.51.Final]
	at io.netty.channel.nio.NioEventLoop.run(NioEventLoop.java:460) [netty-all-4.0.51.Final.jar:4.0.51.Final]
	at io.netty.util.concurrent.SingleThreadEventExecutor$2.run(SingleThreadEventExecutor.java:131) [netty-all-4.0.51.Final.jar:4.0.51.Final]
	at java.lang.Thread.run(Thread.java:829) [?:?]
2024-10-03 16:55:29 INFO  org.littleshoot.proxy.impl.ProxyToServerConnection - (HANDSHAKING) [id: 0x2f32778a, L:0.0.0.0/0.0.0.0:52135]: Connection to upstream server failed
javax.net.ssl.SSLHandshakeException: Received fatal alert: certificate_unknown
	at sun.security.ssl.Alert.createSSLException(Alert.java:131) ~[?:?]
	at sun.security.ssl.Alert.createSSLException(Alert.java:117) ~[?:?]
	at sun.security.ssl.TransportContext.fatal(TransportContext.java:347) ~[?:?]
	at sun.security.ssl.Alert$AlertConsumer.consume(Alert.java:293) ~[?:?]
	at sun.security.ssl.TransportContext.dispatch(TransportContext.java:186) ~[?:?]
	at sun.security.ssl.SSLTransport.decode(SSLTransport.java:172) ~[?:?]
	at sun.security.ssl.SSLEngineImpl.decode(SSLEngineImpl.java:681) ~[?:?]
	at sun.security.ssl.SSLEngineImpl.readRecord(SSLEngineImpl.java:636) ~[?:?]
	at sun.security.ssl.SSLEngineImpl.unwrap(SSLEngineImpl.java:454) ~[?:?]
	at sun.security.ssl.SSLEngineImpl.unwrap(SSLEngineImpl.java:433) ~[?:?]
	at javax.net.ssl.SSLEngine.unwrap(SSLEngine.java:637) ~[?:?]
	at io.netty.handler.ssl.SslHandler$SslEngineType$3.unwrap(SslHandler.java:272) ~[netty-all-4.0.51.Final.jar:4.0.51.Final]
	at io.netty.handler.ssl.SslHandler.unwrap(SslHandler.java:1175) ~[netty-all-4.0.51.Final.jar:4.0.51.Final]
	at io.netty.handler.ssl.SslHandler.decodeJdkCompatible(SslHandler.java:1087) ~[netty-all-4.0.51.Final.jar:4.0.51.Final]
	at io.netty.handler.ssl.SslHandler.decode(SslHandler.java:1122) ~[netty-all-4.0.51.Final.jar:4.0.51.Final]
	at io.netty.handler.codec.ByteToMessageDecoder.decodeRemovalReentryProtection(ByteToMessageDecoder.java:491) ~[netty-all-4.0.51.Final.jar:4.0.51.Final]
	at io.netty.handler.codec.ByteToMessageDecoder.callDecode(ByteToMessageDecoder.java:430) ~[netty-all-4.0.51.Final.jar:4.0.51.Final]
	at io.netty.handler.codec.ByteToMessageDecoder.channelRead(ByteToMessageDecoder.java:267) ~[netty-all-4.0.51.Final.jar:4.0.51.Final]
	at io.netty.channel.AbstractChannelHandlerContext.invokeChannelRead(AbstractChannelHandlerContext.java:356) ~[netty-all-4.0.51.Final.jar:4.0.51.Final]
	at io.netty.channel.AbstractChannelHandlerContext.invokeChannelRead(AbstractChannelHandlerContext.java:342) ~[netty-all-4.0.51.Final.jar:4.0.51.Final]
	at io.netty.channel.AbstractChannelHandlerContext.fireChannelRead(AbstractChannelHandlerContext.java:335) ~[netty-all-4.0.51.Final.jar:4.0.51.Final]
	at io.netty.channel.DefaultChannelPipeline$HeadContext.channelRead(DefaultChannelPipeline.java:1302) ~[netty-all-4.0.51.Final.jar:4.0.51.Final]
	at io.netty.channel.AbstractChannelHandlerContext.invokeChannelRead(AbstractChannelHandlerContext.java:356) ~[netty-all-4.0.51.Final.jar:4.0.51.Final]
	at io.netty.channel.AbstractChannelHandlerContext.invokeChannelRead(AbstractChannelHandlerContext.java:342) ~[netty-all-4.0.51.Final.jar:4.0.51.Final]
	at io.netty.channel.DefaultChannelPipeline.fireChannelRead(DefaultChannelPipeline.java:919) ~[netty-all-4.0.51.Final.jar:4.0.51.Final]
	at io.netty.channel.nio.AbstractNioByteChannel$NioByteUnsafe.read(AbstractNioByteChannel.java:131) ~[netty-all-4.0.51.Final.jar:4.0.51.Final]
	at io.netty.channel.nio.NioEventLoop.processSelectedKey(NioEventLoop.java:646) ~[netty-all-4.0.51.Final.jar:4.0.51.Final]
	at io.netty.channel.nio.NioEventLoop.processSelectedKeysOptimized(NioEventLoop.java:581) ~[netty-all-4.0.51.Final.jar:4.0.51.Final]
	at io.netty.channel.nio.NioEventLoop.processSelectedKeys(NioEventLoop.java:498) ~[netty-all-4.0.51.Final.jar:4.0.51.Final]
	at io.netty.channel.nio.NioEventLoop.run(NioEventLoop.java:460) [netty-all-4.0.51.Final.jar:4.0.51.Final]
	at io.netty.util.concurrent.SingleThreadEventExecutor$2.run(SingleThreadEventExecutor.java:131) [netty-all-4.0.51.Final.jar:4.0.51.Final]
	at java.lang.Thread.run(Thread.java:829) [?:?]
2024-10-03 16:55:29 ERROR org.littleshoot.proxy.impl.ClientToProxyConnection - (NEGOTIATING_CONNECT) [id: 0xca326a69, L:0.0.0.0/0.0.0.0:52009 ! R:/0:0:0:0:0:0:0:1:52134]: Caught an exception on ClientToProxyConnection
io.netty.handler.codec.DecoderException: javax.net.ssl.SSLHandshakeException: Received fatal alert: certificate_unknown
	at io.netty.handler.codec.ByteToMessageDecoder.callDecode(ByteToMessageDecoder.java:461) ~[netty-all-4.0.51.Final.jar:4.0.51.Final]
	at io.netty.handler.codec.ByteToMessageDecoder.channelRead(ByteToMessageDecoder.java:267) ~[netty-all-4.0.51.Final.jar:4.0.51.Final]
	at io.netty.channel.AbstractChannelHandlerContext.invokeChannelRead(AbstractChannelHandlerContext.java:356) [netty-all-4.0.51.Final.jar:4.0.51.Final]
	at io.netty.channel.AbstractChannelHandlerContext.invokeChannelRead(AbstractChannelHandlerContext.java:342) [netty-all-4.0.51.Final.jar:4.0.51.Final]
	at io.netty.channel.AbstractChannelHandlerContext.fireChannelRead(AbstractChannelHandlerContext.java:335) [netty-all-4.0.51.Final.jar:4.0.51.Final]
	at io.netty.channel.DefaultChannelPipeline$HeadContext.channelRead(DefaultChannelPipeline.java:1302) [netty-all-4.0.51.Final.jar:4.0.51.Final]
	at io.netty.channel.AbstractChannelHandlerContext.invokeChannelRead(AbstractChannelHandlerContext.java:356) [netty-all-4.0.51.Final.jar:4.0.51.Final]
	at io.netty.channel.AbstractChannelHandlerContext.invokeChannelRead(AbstractChannelHandlerContext.java:342) [netty-all-4.0.51.Final.jar:4.0.51.Final]
	at io.netty.channel.DefaultChannelPipeline.fireChannelRead(DefaultChannelPipeline.java:919) [netty-all-4.0.51.Final.jar:4.0.51.Final]
	at io.netty.channel.nio.AbstractNioByteChannel$NioByteUnsafe.read(AbstractNioByteChannel.java:131) [netty-all-4.0.51.Final.jar:4.0.51.Final]
	at io.netty.channel.nio.NioEventLoop.processSelectedKey(NioEventLoop.java:646) [netty-all-4.0.51.Final.jar:4.0.51.Final]
	at io.netty.channel.nio.NioEventLoop.processSelectedKeysOptimized(NioEventLoop.java:581) [netty-all-4.0.51.Final.jar:4.0.51.Final]
	at io.netty.channel.nio.NioEventLoop.processSelectedKeys(NioEventLoop.java:498) [netty-all-4.0.51.Final.jar:4.0.51.Final]
	at io.netty.channel.nio.NioEventLoop.run(NioEventLoop.java:460) [netty-all-4.0.51.Final.jar:4.0.51.Final]
	at io.netty.util.concurrent.SingleThreadEventExecutor$2.run(SingleThreadEventExecutor.java:131) [netty-all-4.0.51.Final.jar:4.0.51.Final]
	at java.lang.Thread.run(Thread.java:829) [?:?]
Caused by: javax.net.ssl.SSLHandshakeException: Received fatal alert: certificate_unknown
	at sun.security.ssl.Alert.createSSLException(Alert.java:131) ~[?:?]
	at sun.security.ssl.Alert.createSSLException(Alert.java:117) ~[?:?]
	at sun.security.ssl.TransportContext.fatal(TransportContext.java:347) ~[?:?]
	at sun.security.ssl.Alert$AlertConsumer.consume(Alert.java:293) ~[?:?]
	at sun.security.ssl.TransportContext.dispatch(TransportContext.java:186) ~[?:?]
	at sun.security.ssl.SSLTransport.decode(SSLTransport.java:172) ~[?:?]
	at sun.security.ssl.SSLEngineImpl.decode(SSLEngineImpl.java:681) ~[?:?]
	at sun.security.ssl.SSLEngineImpl.readRecord(SSLEngineImpl.java:636) ~[?:?]
	at sun.security.ssl.SSLEngineImpl.unwrap(SSLEngineImpl.java:454) ~[?:?]
	at sun.security.ssl.SSLEngineImpl.unwrap(SSLEngineImpl.java:433) ~[?:?]
	at javax.net.ssl.SSLEngine.unwrap(SSLEngine.java:637) ~[?:?]
	at io.netty.handler.ssl.SslHandler$SslEngineType$3.unwrap(SslHandler.java:272) ~[netty-all-4.0.51.Final.jar:4.0.51.Final]
	at io.netty.handler.ssl.SslHandler.unwrap(SslHandler.java:1175) ~[netty-all-4.0.51.Final.jar:4.0.51.Final]
	at io.netty.handler.ssl.SslHandler.decodeJdkCompatible(SslHandler.java:1087) ~[netty-all-4.0.51.Final.jar:4.0.51.Final]
	at io.netty.handler.ssl.SslHandler.decode(SslHandler.java:1122) ~[netty-all-4.0.51.Final.jar:4.0.51.Final]
	at io.netty.handler.codec.ByteToMessageDecoder.decodeRemovalReentryProtection(ByteToMessageDecoder.java:491) ~[netty-all-4.0.51.Final.jar:4.0.51.Final]
	at io.netty.handler.codec.ByteToMessageDecoder.callDecode(ByteToMessageDecoder.java:430) ~[netty-all-4.0.51.Final.jar:4.0.51.Final]
	... 15 more
2024-10-03 16:55:29 ERROR org.littleshoot.proxy.impl.ClientToProxyConnection - (NEGOTIATING_CONNECT) [id: 0x84c3eeb3, L:0.0.0.0/0.0.0.0:52009 ! R:/0:0:0:0:0:0:0:1:52136]: Caught an exception on ClientToProxyConnection
io.netty.handler.codec.DecoderException: javax.net.ssl.SSLHandshakeException: Received fatal alert: certificate_unknown
	at io.netty.handler.codec.ByteToMessageDecoder.callDecode(ByteToMessageDecoder.java:461) ~[netty-all-4.0.51.Final.jar:4.0.51.Final]
	at io.netty.handler.codec.ByteToMessageDecoder.channelRead(ByteToMessageDecoder.java:267) ~[netty-all-4.0.51.Final.jar:4.0.51.Final]
	at io.netty.channel.AbstractChannelHandlerContext.invokeChannelRead(AbstractChannelHandlerContext.java:356) [netty-all-4.0.51.Final.jar:4.0.51.Final]
	at io.netty.channel.AbstractChannelHandlerContext.invokeChannelRead(AbstractChannelHandlerContext.java:342) [netty-all-4.0.51.Final.jar:4.0.51.Final]
	at io.netty.channel.AbstractChannelHandlerContext.fireChannelRead(AbstractChannelHandlerContext.java:335) [netty-all-4.0.51.Final.jar:4.0.51.Final]
	at io.netty.channel.DefaultChannelPipeline$HeadContext.channelRead(DefaultChannelPipeline.java:1302) [netty-all-4.0.51.Final.jar:4.0.51.Final]
	at io.netty.channel.AbstractChannelHandlerContext.invokeChannelRead(AbstractChannelHandlerContext.java:356) [netty-all-4.0.51.Final.jar:4.0.51.Final]
	at io.netty.channel.AbstractChannelHandlerContext.invokeChannelRead(AbstractChannelHandlerContext.java:342) [netty-all-4.0.51.Final.jar:4.0.51.Final]
	at io.netty.channel.DefaultChannelPipeline.fireChannelRead(DefaultChannelPipeline.java:919) [netty-all-4.0.51.Final.jar:4.0.51.Final]
	at io.netty.channel.nio.AbstractNioByteChannel$NioByteUnsafe.read(AbstractNioByteChannel.java:131) [netty-all-4.0.51.Final.jar:4.0.51.Final]
	at io.netty.channel.nio.NioEventLoop.processSelectedKey(NioEventLoop.java:646) [netty-all-4.0.51.Final.jar:4.0.51.Final]
	at io.netty.channel.nio.NioEventLoop.processSelectedKeysOptimized(NioEventLoop.java:581) [netty-all-4.0.51.Final.jar:4.0.51.Final]
	at io.netty.channel.nio.NioEventLoop.processSelectedKeys(NioEventLoop.java:498) [netty-all-4.0.51.Final.jar:4.0.51.Final]
	at io.netty.channel.nio.NioEventLoop.run(NioEventLoop.java:460) [netty-all-4.0.51.Final.jar:4.0.51.Final]
	at io.netty.util.concurrent.SingleThreadEventExecutor$2.run(SingleThreadEventExecutor.java:131) [netty-all-4.0.51.Final.jar:4.0.51.Final]
	at java.lang.Thread.run(Thread.java:829) [?:?]
Caused by: javax.net.ssl.SSLHandshakeException: Received fatal alert: certificate_unknown
	at sun.security.ssl.Alert.createSSLException(Alert.java:131) ~[?:?]
	at sun.security.ssl.Alert.createSSLException(Alert.java:117) ~[?:?]
	at sun.security.ssl.TransportContext.fatal(TransportContext.java:347) ~[?:?]
	at sun.security.ssl.Alert$AlertConsumer.consume(Alert.java:293) ~[?:?]
	at sun.security.ssl.TransportContext.dispatch(TransportContext.java:186) ~[?:?]
	at sun.security.ssl.SSLTransport.decode(SSLTransport.java:172) ~[?:?]
	at sun.security.ssl.SSLEngineImpl.decode(SSLEngineImpl.java:681) ~[?:?]
	at sun.security.ssl.SSLEngineImpl.readRecord(SSLEngineImpl.java:636) ~[?:?]
	at sun.security.ssl.SSLEngineImpl.unwrap(SSLEngineImpl.java:454) ~[?:?]
	at sun.security.ssl.SSLEngineImpl.unwrap(SSLEngineImpl.java:433) ~[?:?]
	at javax.net.ssl.SSLEngine.unwrap(SSLEngine.java:637) ~[?:?]
	at io.netty.handler.ssl.SslHandler$SslEngineType$3.unwrap(SslHandler.java:272) ~[netty-all-4.0.51.Final.jar:4.0.51.Final]
	at io.netty.handler.ssl.SslHandler.unwrap(SslHandler.java:1175) ~[netty-all-4.0.51.Final.jar:4.0.51.Final]
	at io.netty.handler.ssl.SslHandler.decodeJdkCompatible(SslHandler.java:1087) ~[netty-all-4.0.51.Final.jar:4.0.51.Final]
	at io.netty.handler.ssl.SslHandler.decode(SslHandler.java:1122) ~[netty-all-4.0.51.Final.jar:4.0.51.Final]
	at io.netty.handler.codec.ByteToMessageDecoder.decodeRemovalReentryProtection(ByteToMessageDecoder.java:491) ~[netty-all-4.0.51.Final.jar:4.0.51.Final]
	at io.netty.handler.codec.ByteToMessageDecoder.callDecode(ByteToMessageDecoder.java:430) ~[netty-all-4.0.51.Final.jar:4.0.51.Final]
	... 15 more
2024-10-03 16:55:29 INFO  org.littleshoot.proxy.impl.ProxyToServerConnection - (HANDSHAKING) [id: 0x3f6bcd37, L:0.0.0.0/0.0.0.0:52137]: Connection to upstream server failed
javax.net.ssl.SSLHandshakeException: Received fatal alert: certificate_unknown
	at sun.security.ssl.Alert.createSSLException(Alert.java:131) ~[?:?]
	at sun.security.ssl.Alert.createSSLException(Alert.java:117) ~[?:?]
	at sun.security.ssl.TransportContext.fatal(TransportContext.java:347) ~[?:?]
	at sun.security.ssl.Alert$AlertConsumer.consume(Alert.java:293) ~[?:?]
	at sun.security.ssl.TransportContext.dispatch(TransportContext.java:186) ~[?:?]
	at sun.security.ssl.SSLTransport.decode(SSLTransport.java:172) ~[?:?]
	at sun.security.ssl.SSLEngineImpl.decode(SSLEngineImpl.java:681) ~[?:?]
	at sun.security.ssl.SSLEngineImpl.readRecord(SSLEngineImpl.java:636) ~[?:?]
	at sun.security.ssl.SSLEngineImpl.unwrap(SSLEngineImpl.java:454) ~[?:?]
	at sun.security.ssl.SSLEngineImpl.unwrap(SSLEngineImpl.java:433) ~[?:?]
	at javax.net.ssl.SSLEngine.unwrap(SSLEngine.java:637) ~[?:?]
	at io.netty.handler.ssl.SslHandler$SslEngineType$3.unwrap(SslHandler.java:272) ~[netty-all-4.0.51.Final.jar:4.0.51.Final]
	at io.netty.handler.ssl.SslHandler.unwrap(SslHandler.java:1175) ~[netty-all-4.0.51.Final.jar:4.0.51.Final]
	at io.netty.handler.ssl.SslHandler.decodeJdkCompatible(SslHandler.java:1087) ~[netty-all-4.0.51.Final.jar:4.0.51.Final]
	at io.netty.handler.ssl.SslHandler.decode(SslHandler.java:1122) ~[netty-all-4.0.51.Final.jar:4.0.51.Final]
	at io.netty.handler.codec.ByteToMessageDecoder.decodeRemovalReentryProtection(ByteToMessageDecoder.java:491) ~[netty-all-4.0.51.Final.jar:4.0.51.Final]
	at io.netty.handler.codec.ByteToMessageDecoder.callDecode(ByteToMessageDecoder.java:430) ~[netty-all-4.0.51.Final.jar:4.0.51.Final]
	at io.netty.handler.codec.ByteToMessageDecoder.channelRead(ByteToMessageDecoder.java:267) ~[netty-all-4.0.51.Final.jar:4.0.51.Final]
	at io.netty.channel.AbstractChannelHandlerContext.invokeChannelRead(AbstractChannelHandlerContext.java:356) ~[netty-all-4.0.51.Final.jar:4.0.51.Final]
	at io.netty.channel.AbstractChannelHandlerContext.invokeChannelRead(AbstractChannelHandlerContext.java:342) ~[netty-all-4.0.51.Final.jar:4.0.51.Final]
	at io.netty.channel.AbstractChannelHandlerContext.fireChannelRead(AbstractChannelHandlerContext.java:335) ~[netty-all-4.0.51.Final.jar:4.0.51.Final]
	at io.netty.channel.DefaultChannelPipeline$HeadContext.channelRead(DefaultChannelPipeline.java:1302) ~[netty-all-4.0.51.Final.jar:4.0.51.Final]
	at io.netty.channel.AbstractChannelHandlerContext.invokeChannelRead(AbstractChannelHandlerContext.java:356) ~[netty-all-4.0.51.Final.jar:4.0.51.Final]
	at io.netty.channel.AbstractChannelHandlerContext.invokeChannelRead(AbstractChannelHandlerContext.java:342) ~[netty-all-4.0.51.Final.jar:4.0.51.Final]
	at io.netty.channel.DefaultChannelPipeline.fireChannelRead(DefaultChannelPipeline.java:919) ~[netty-all-4.0.51.Final.jar:4.0.51.Final]
	at io.netty.channel.nio.AbstractNioByteChannel$NioByteUnsafe.read(AbstractNioByteChannel.java:131) ~[netty-all-4.0.51.Final.jar:4.0.51.Final]
	at io.netty.channel.nio.NioEventLoop.processSelectedKey(NioEventLoop.java:646) ~[netty-all-4.0.51.Final.jar:4.0.51.Final]
	at io.netty.channel.nio.NioEventLoop.processSelectedKeysOptimized(NioEventLoop.java:581) ~[netty-all-4.0.51.Final.jar:4.0.51.Final]
	at io.netty.channel.nio.NioEventLoop.processSelectedKeys(NioEventLoop.java:498) ~[netty-all-4.0.51.Final.jar:4.0.51.Final]
	at io.netty.channel.nio.NioEventLoop.run(NioEventLoop.java:460) [netty-all-4.0.51.Final.jar:4.0.51.Final]
	at io.netty.util.concurrent.SingleThreadEventExecutor$2.run(SingleThreadEventExecutor.java:131) [netty-all-4.0.51.Final.jar:4.0.51.Final]
	at java.lang.Thread.run(Thread.java:829) [?:?]
2024-10-03 16:55:29 INFO  ui.stepsdef.CommonSteps - Opened the homepage
2024-10-03 16:55:29 INFO  org.littleshoot.proxy.impl.ClientToProxyConnection - (AWAITING_INITIAL) [id: 0xdd44ddaf, L:/0:0:0:0:0:0:0:1:52009 - R:/0:0:0:0:0:0:0:1:52132]: An IOException occurred on ClientToProxyConnection: ��������� ���� ������������� �������� ������������ �����������
2024-10-03 16:55:29 INFO  org.littleshoot.proxy.impl.DefaultHttpProxyServer - Shutting down proxy server gracefully
2024-10-03 16:55:29 INFO  org.littleshoot.proxy.impl.DefaultHttpProxyServer - Closing all channels (graceful)
2024-10-03 16:55:29 INFO  org.littleshoot.proxy.impl.ServerGroup - Shutting down server group event loops (graceful)
2024-10-03 16:55:31 INFO  org.littleshoot.proxy.impl.DefaultHttpProxyServer - Done shutting down proxy server
2024-10-03 16:58:08 INFO  org.testng.internal.Utils - [XmlSuite] [WARN] 'parallel' value 'false' is no longer valid, defaulting to 'none'.
2024-10-03 16:58:09 INFO  io.github.bonigarcia.wdm.WebDriverManager - Using chromedriver 129.0.6668.89 (resolved driver for Chrome 129)
2024-10-03 16:58:09 INFO  io.github.bonigarcia.wdm.WebDriverManager - Exporting webdriver.chrome.driver as C:\Users\iryna\.cache\selenium\chromedriver\win64\129.0.6668.89\chromedriver.exe
2024-10-03 16:58:14 INFO  ui.stepsdef.CommonSteps - Opened the homepage
2024-10-03 16:58:15 INFO  ui.stepsdef.CommonSteps - Clicked on Products link
2024-10-03 16:58:15 INFO  ui.pages.ProductsPage - No banner found, proceeding.
2024-10-03 16:58:17 INFO  ui.pages.ProductsPage - Scrolled to the product at index: 0 and clicked.
2024-10-03 16:58:17 INFO  ui.stepsdef.ProductDetailsInformationSteps - Clicked on the 'View Product' button for the first product
2024-10-03 16:58:17 INFO  ui.stepsdef.ProductDetailsInformationSteps - Product details are displayed correctly
2024-10-03 17:00:23 INFO  org.testng.internal.Utils - [XmlSuite] [WARN] 'parallel' value 'false' is no longer valid, defaulting to 'none'.
2024-10-03 17:00:23 INFO  io.github.bonigarcia.wdm.WebDriverManager - Using chromedriver 129.0.6668.89 (resolved driver for Chrome 129)
2024-10-03 17:00:23 INFO  io.github.bonigarcia.wdm.WebDriverManager - Exporting webdriver.chrome.driver as C:\Users\iryna\.cache\selenium\chromedriver\win64\129.0.6668.89\chromedriver.exe
2024-10-03 17:00:27 INFO  ui.stepsdef.CommonSteps - Opened the homepage
2024-10-03 17:00:29 INFO  ui.stepsdef.CommonSteps - Clicked on Products link
2024-10-03 17:00:29 INFO  ui.pages.ProductsPage - No banner found, proceeding.
2024-10-03 17:00:31 INFO  ui.pages.ProductsPage - Scrolled to the product at index: 0 and clicked.
2024-10-03 17:00:31 INFO  ui.stepsdef.ProductDetailsInformationSteps - Clicked on the 'View Product' button for the first product
2024-10-03 17:00:31 INFO  ui.stepsdef.ProductDetailsInformationSteps - Product details are displayed correctly
2024-10-03 17:01:26 INFO  org.testng.internal.Utils - [XmlSuite] [WARN] 'parallel' value 'false' is no longer valid, defaulting to 'none'.
2024-10-03 17:01:27 INFO  io.github.bonigarcia.wdm.WebDriverManager - Using chromedriver 129.0.6668.89 (resolved driver for Chrome 129)
2024-10-03 17:01:27 INFO  io.github.bonigarcia.wdm.WebDriverManager - Exporting webdriver.chrome.driver as C:\Users\iryna\.cache\selenium\chromedriver\win64\129.0.6668.89\chromedriver.exe
2024-10-03 17:01:31 INFO  ui.stepsdef.CommonSteps - Opened the homepage
2024-10-03 17:01:33 INFO  ui.stepsdef.CommonSteps - Clicked on Products link
2024-10-03 17:01:33 INFO  ui.pages.ProductsPage - No banner found, proceeding.
2024-10-03 17:01:35 INFO  ui.pages.ProductsPage - Scrolled to the product at index: 0 and clicked.
2024-10-03 17:01:35 INFO  ui.stepsdef.ProductDetailsInformationSteps - Clicked on the 'View Product' button for the first product
2024-10-03 17:01:35 INFO  ui.stepsdef.ProductDetailsInformationSteps - Product details are displayed correctly
2024-10-03 17:01:35 INFO  io.github.bonigarcia.wdm.WebDriverManager - Using chromedriver 129.0.6668.89 (resolved driver for Chrome 129)
2024-10-03 17:01:36 INFO  io.github.bonigarcia.wdm.WebDriverManager - Exporting webdriver.chrome.driver as C:\Users\iryna\.cache\selenium\chromedriver\win64\129.0.6668.89\chromedriver.exe
2024-10-03 17:01:41 INFO  ui.stepsdef.CommonSteps - Opened the homepage
2024-10-03 17:01:42 INFO  ui.stepsdef.ViewAndFilterProductsSteps - Clicked on Women category
2024-10-03 17:04:11 INFO  org.testng.internal.Utils - [XmlSuite] [WARN] 'parallel' value 'false' is no longer valid, defaulting to 'none'.
2024-10-03 17:04:12 INFO  io.github.bonigarcia.wdm.WebDriverManager - Using chromedriver 129.0.6668.89 (resolved driver for Chrome 129)
2024-10-03 17:04:12 INFO  io.github.bonigarcia.wdm.WebDriverManager - Exporting webdriver.chrome.driver as C:\Users\iryna\.cache\selenium\chromedriver\win64\129.0.6668.89\chromedriver.exe
2024-10-03 17:04:16 INFO  ui.stepsdef.CommonSteps - Opened the homepage
2024-10-03 17:04:18 INFO  ui.stepsdef.CommonSteps - Clicked on Products link
2024-10-03 17:04:18 INFO  ui.pages.ProductsPage - No banner found, proceeding.
2024-10-03 17:04:21 INFO  ui.pages.ProductsPage - Scrolled to the product at index: 0 and clicked.
2024-10-03 17:04:21 INFO  ui.stepsdef.ProductDetailsInformationSteps - Clicked on the 'View Product' button for the first product
2024-10-03 17:04:21 INFO  ui.stepsdef.ProductDetailsInformationSteps - Product details are displayed correctly
2024-10-03 17:12:43 INFO  org.testng.internal.Utils - [XmlSuite] [WARN] 'parallel' value 'false' is no longer valid, defaulting to 'none'.
2024-10-03 17:12:43 INFO  io.github.bonigarcia.wdm.WebDriverManager - Using chromedriver 129.0.6668.89 (resolved driver for Chrome 129)
2024-10-03 17:12:43 INFO  io.github.bonigarcia.wdm.WebDriverManager - Exporting webdriver.chrome.driver as C:\Users\iryna\.cache\selenium\chromedriver\win64\129.0.6668.89\chromedriver.exe
2024-10-03 17:12:48 INFO  ui.stepsdef.CommonSteps - Opened the homepage
2024-10-03 17:12:50 INFO  ui.stepsdef.CommonSteps - Clicked on Products link
2024-10-03 17:12:50 INFO  ui.pages.ProductsPage - No banner found, proceeding.
2024-10-03 17:12:51 INFO  ui.pages.ProductsPage - Scrolled to the product at index: 0 and clicked.
2024-10-03 17:12:51 INFO  ui.stepsdef.ProductDetailsInformationSteps - Clicked on the 'View Product' button for the first product
2024-10-03 17:12:52 INFO  ui.stepsdef.ProductDetailsInformationSteps - Product details are displayed correctly
2024-10-03 17:16:55 INFO  org.testng.internal.Utils - [XmlSuite] [WARN] 'parallel' value 'false' is no longer valid, defaulting to 'none'.
2024-10-03 17:16:56 INFO  io.github.bonigarcia.wdm.WebDriverManager - Using chromedriver 129.0.6668.89 (resolved driver for Chrome 129)
2024-10-03 17:16:56 INFO  io.github.bonigarcia.wdm.WebDriverManager - Exporting webdriver.chrome.driver as C:\Users\iryna\.cache\selenium\chromedriver\win64\129.0.6668.89\chromedriver.exe
2024-10-03 17:17:01 INFO  ui.stepsdef.CommonSteps - Opened the homepage
2024-10-03 17:17:03 INFO  ui.stepsdef.CommonSteps - Clicked on Products link
2024-10-03 17:17:03 INFO  ui.pages.ProductsPage - No banner found, proceeding.
2024-10-03 17:17:05 INFO  ui.pages.ProductsPage - Scrolled to the product at index: 0 and clicked.
2024-10-03 17:17:05 INFO  ui.stepsdef.ProductDetailsInformationSteps - Clicked on the 'View Product' button for the first product
2024-10-03 17:17:05 INFO  ui.stepsdef.ProductDetailsInformationSteps - Product details are displayed correctly
2024-10-03 17:19:29 INFO  org.testng.internal.Utils - [XmlSuite] [WARN] 'parallel' value 'false' is no longer valid, defaulting to 'none'.
2024-10-03 17:19:29 INFO  io.github.bonigarcia.wdm.WebDriverManager - Using chromedriver 129.0.6668.89 (resolved driver for Chrome 129)
2024-10-03 17:19:29 INFO  io.github.bonigarcia.wdm.WebDriverManager - Exporting webdriver.chrome.driver as C:\Users\iryna\.cache\selenium\chromedriver\win64\129.0.6668.89\chromedriver.exe
2024-10-03 17:19:34 INFO  ui.stepsdef.CommonSteps - Opened the homepage
2024-10-03 17:19:36 INFO  ui.stepsdef.CommonSteps - Clicked on Products link
2024-10-03 17:19:36 INFO  ui.pages.ProductsPage - No banner found, proceeding.
2024-10-03 17:19:38 INFO  ui.pages.ProductsPage - Scrolled to the product at index: 0 and clicked.
2024-10-03 17:19:38 INFO  ui.stepsdef.ProductDetailsInformationSteps - Clicked on the 'View Product' button for the first product
2024-10-03 17:19:38 INFO  ui.stepsdef.ProductDetailsInformationSteps - Product details are displayed correctly
2024-10-03 17:23:33 INFO  org.testng.internal.Utils - [XmlSuite] [WARN] 'parallel' value 'false' is no longer valid, defaulting to 'none'.
2024-10-03 17:23:34 INFO  io.github.bonigarcia.wdm.WebDriverManager - Using chromedriver 129.0.6668.89 (resolved driver for Chrome 129)
2024-10-03 17:23:34 INFO  io.github.bonigarcia.wdm.WebDriverManager - Exporting webdriver.chrome.driver as C:\Users\iryna\.cache\selenium\chromedriver\win64\129.0.6668.89\chromedriver.exe
2024-10-03 17:23:39 INFO  ui.stepsdef.CommonSteps - Opened the homepage
2024-10-03 17:23:39 INFO  ui.stepsdef.ViewAndFilterProductsSteps - Clicked on Women category
2024-10-03 17:38:17 INFO  org.testng.internal.Utils - [XmlSuite] [WARN] 'parallel' value 'false' is no longer valid, defaulting to 'none'.
2024-10-03 17:38:18 INFO  io.github.bonigarcia.wdm.WebDriverManager - Using chromedriver 129.0.6668.89 (resolved driver for Chrome 129)
2024-10-03 17:38:18 INFO  io.github.bonigarcia.wdm.WebDriverManager - Exporting webdriver.chrome.driver as C:\Users\iryna\.cache\selenium\chromedriver\win64\129.0.6668.89\chromedriver.exe
2024-10-03 17:38:23 INFO  ui.stepsdef.CommonSteps - Opened the homepage
2024-10-03 17:38:23 INFO  ui.stepsdef.ViewAndFilterProductsSteps - Clicked on Women category
2024-10-03 17:38:25 INFO  ui.pages.HomePage - Clicked on Dress subcategory successfully
2024-10-03 17:38:25 INFO  ui.stepsdef.ViewAndFilterProductsSteps - Clicked on Dress subcategory
2024-10-03 17:38:25 INFO  ui.stepsdef.ViewAndFilterProductsSteps - Filtered products are displayed
2024-10-03 17:42:58 INFO  org.testng.internal.Utils - [XmlSuite] [WARN] 'parallel' value 'false' is no longer valid, defaulting to 'none'.
2024-10-03 17:42:58 INFO  io.github.bonigarcia.wdm.WebDriverManager - Using chromedriver 129.0.6668.89 (resolved driver for Chrome 129)
2024-10-03 17:42:58 INFO  io.github.bonigarcia.wdm.WebDriverManager - Exporting webdriver.chrome.driver as C:\Users\iryna\.cache\selenium\chromedriver\win64\129.0.6668.89\chromedriver.exe
2024-10-03 17:43:03 INFO  ui.stepsdef.CommonSteps - Opened the homepage
2024-10-03 17:43:03 INFO  ui.stepsdef.ViewAndFilterProductsSteps - Clicked on Women category
2024-10-03 17:43:06 INFO  ui.pages.HomePage - Clicked on Dress subcategory successfully
2024-10-03 17:43:06 INFO  ui.stepsdef.ViewAndFilterProductsSteps - Clicked on Dress subcategory
2024-10-03 17:43:06 INFO  ui.stepsdef.ViewAndFilterProductsSteps - Filtered products are displayed
2024-10-03 17:51:23 INFO  org.testng.internal.Utils - [XmlSuite] [WARN] 'parallel' value 'false' is no longer valid, defaulting to 'none'.
2024-10-03 17:51:24 INFO  io.github.bonigarcia.wdm.WebDriverManager - Using chromedriver 129.0.6668.89 (resolved driver for Chrome 129)
2024-10-03 17:51:24 INFO  io.github.bonigarcia.wdm.WebDriverManager - Exporting webdriver.chrome.driver as C:\Users\iryna\.cache\selenium\chromedriver\win64\129.0.6668.89\chromedriver.exe
2024-10-03 17:51:29 INFO  ui.stepsdef.CommonSteps - Opened the homepage
2024-10-03 17:51:30 INFO  ui.stepsdef.ViewAndFilterProductsSteps - Clicked on Women category
2024-10-03 17:51:31 INFO  ui.pages.HomePage - Clicked on Dress subcategory successfully
2024-10-03 17:51:31 INFO  ui.stepsdef.ViewAndFilterProductsSteps - Clicked on Dress subcategory
2024-10-03 17:51:31 INFO  ui.stepsdef.ViewAndFilterProductsSteps - Filtered products are displayed
2024-10-03 18:02:37 INFO  org.testng.internal.Utils - [XmlSuite] [WARN] 'parallel' value 'false' is no longer valid, defaulting to 'none'.
2024-10-03 18:02:37 INFO  io.github.bonigarcia.wdm.WebDriverManager - Using chromedriver 129.0.6668.89 (resolved driver for Chrome 129)
2024-10-03 18:02:37 INFO  io.github.bonigarcia.wdm.WebDriverManager - Exporting webdriver.chrome.driver as C:\Users\iryna\.cache\selenium\chromedriver\win64\129.0.6668.89\chromedriver.exe
2024-10-03 18:02:42 INFO  ui.stepsdef.CommonSteps - Opened the homepage
2024-10-03 18:02:43 INFO  ui.stepsdef.CommonSteps - Clicked on Signup / Login link
2024-10-03 18:02:43 INFO  ui.stepsdef.LoginSteps - Entered valid login credentials
2024-10-03 18:02:43 INFO  ui.stepsdef.CommonSteps - Clicking login button
2024-10-03 18:02:44 INFO  ui.stepsdef.LoginSteps - User is logged in
2024-10-03 18:02:45 INFO  io.github.bonigarcia.wdm.WebDriverManager - Using chromedriver 129.0.6668.89 (resolved driver for Chrome 129)
2024-10-03 18:02:45 INFO  io.github.bonigarcia.wdm.WebDriverManager - Exporting webdriver.chrome.driver as C:\Users\iryna\.cache\selenium\chromedriver\win64\129.0.6668.89\chromedriver.exe
2024-10-03 18:02:48 INFO  ui.stepsdef.CommonSteps - Opened the homepage
2024-10-03 18:02:50 INFO  ui.stepsdef.CommonSteps - Clicked on Signup / Login link
2024-10-03 18:02:50 INFO  ui.stepsdef.LoginSteps - Entered invalid login credentials
2024-10-03 18:02:50 INFO  ui.stepsdef.CommonSteps - Clicking login button
2024-10-03 18:02:51 INFO  ui.stepsdef.LoginSteps - Error message is displayed: Your email or password is incorrect!
2024-10-03 18:02:52 INFO  io.github.bonigarcia.wdm.WebDriverManager - Using chromedriver 129.0.6668.89 (resolved driver for Chrome 129)
2024-10-03 18:02:52 INFO  io.github.bonigarcia.wdm.WebDriverManager - Exporting webdriver.chrome.driver as C:\Users\iryna\.cache\selenium\chromedriver\win64\129.0.6668.89\chromedriver.exe
2024-10-03 18:02:59 INFO  ui.stepsdef.LogoutSteps - Logged in as user
2024-10-03 18:03:00 INFO  ui.stepsdef.LogoutSteps - Clicked on Logout link
2024-10-03 18:03:00 ERROR ui.stepsdef.LogoutSteps - Not redirected to the homepage
2024-10-03 18:03:00 INFO  ui.stepsdef.LogoutSteps - User is not logged in
2024-10-03 18:03:00 INFO  io.github.bonigarcia.wdm.WebDriverManager - Using chromedriver 129.0.6668.89 (resolved driver for Chrome 129)
2024-10-03 18:03:00 INFO  io.github.bonigarcia.wdm.WebDriverManager - Exporting webdriver.chrome.driver as C:\Users\iryna\.cache\selenium\chromedriver\win64\129.0.6668.89\chromedriver.exe
2024-10-03 18:03:04 INFO  ui.stepsdef.CommonSteps - Opened the homepage
2024-10-03 18:03:06 INFO  ui.stepsdef.CommonSteps - Clicked on Products link
2024-10-03 18:03:06 INFO  ui.pages.ProductsPage - No banner found, proceeding.
2024-10-03 18:03:08 INFO  ui.pages.ProductsPage - Scrolled to the product at index: 0 and clicked.
2024-10-03 18:03:08 INFO  ui.stepsdef.ProductDetailsInformationSteps - Clicked on the 'View Product' button for the first product
2024-10-03 18:03:08 INFO  ui.stepsdef.ProductDetailsInformationSteps - Product details are displayed correctly
2024-10-03 18:03:08 INFO  io.github.bonigarcia.wdm.WebDriverManager - Using chromedriver 129.0.6668.89 (resolved driver for Chrome 129)
2024-10-03 18:03:08 INFO  io.github.bonigarcia.wdm.WebDriverManager - Exporting webdriver.chrome.driver as C:\Users\iryna\.cache\selenium\chromedriver\win64\129.0.6668.89\chromedriver.exe
2024-10-03 18:03:12 INFO  ui.stepsdef.CommonSteps - Opened the homepage
2024-10-03 18:03:13 INFO  ui.stepsdef.CommonSteps - Clicked on Signup / Login link
2024-10-03 18:03:14 INFO  ui.stepsdef.RegistrationSteps - Entered signup name: Hubert and email: catherine.hilpert@hotmail.com
2024-10-03 18:03:15 INFO  ui.stepsdef.CommonSteps - Clicked on Signup button
2024-10-03 18:03:16 INFO  ui.stepsdef.RegistrationSteps - Filled out registration form with faker data
2024-10-03 18:03:18 INFO  ui.stepsdef.RegistrationSteps - Submitted the registration form
2024-10-03 18:03:18 INFO  ui.stepsdef.RegistrationSteps - Expected message is displayed: ACCOUNT CREATED!
2024-10-03 18:03:20 INFO  ui.stepsdef.RegistrationSteps - Clicked on button: Continue
2024-10-03 18:03:20 INFO  ui.stepsdef.RegistrationSteps - User is logged in
2024-10-03 18:03:21 INFO  io.github.bonigarcia.wdm.WebDriverManager - Using chromedriver 129.0.6668.89 (resolved driver for Chrome 129)
2024-10-03 18:03:21 INFO  io.github.bonigarcia.wdm.WebDriverManager - Exporting webdriver.chrome.driver as C:\Users\iryna\.cache\selenium\chromedriver\win64\129.0.6668.89\chromedriver.exe
2024-10-03 18:03:25 INFO  ui.stepsdef.CommonSteps - Opened the homepage
2024-10-03 18:03:26 INFO  ui.stepsdef.CommonSteps - Clicked on Products link
2024-10-03 18:03:27 INFO  ui.stepsdef.ViewAndFilterProductsSteps - Product list is displayed
2024-10-03 18:03:27 INFO  io.github.bonigarcia.wdm.WebDriverManager - Using chromedriver 129.0.6668.89 (resolved driver for Chrome 129)
2024-10-03 18:03:27 INFO  io.github.bonigarcia.wdm.WebDriverManager - Exporting webdriver.chrome.driver as C:\Users\iryna\.cache\selenium\chromedriver\win64\129.0.6668.89\chromedriver.exe
2024-10-03 18:03:31 INFO  ui.stepsdef.CommonSteps - Opened the homepage
2024-10-03 18:03:31 INFO  ui.stepsdef.ViewAndFilterProductsSteps - Clicked on Women category
2024-10-03 18:03:34 INFO  ui.pages.HomePage - Clicked on Dress subcategory successfully
2024-10-03 18:03:34 INFO  ui.stepsdef.ViewAndFilterProductsSteps - Clicked on Dress subcategory
2024-10-03 18:03:34 INFO  ui.stepsdef.ViewAndFilterProductsSteps - Filtered products are displayed
2024-10-03 22:55:55 INFO  org.testng.internal.Utils - [XmlSuite] [WARN] 'parallel' value 'false' is no longer valid, defaulting to 'none'.
2024-10-03 22:55:56 INFO  io.github.bonigarcia.wdm.WebDriverManager - Using chromedriver 129.0.6668.89 (resolved driver for Chrome 129)
2024-10-03 22:55:56 INFO  io.github.bonigarcia.wdm.WebDriverManager - Exporting webdriver.chrome.driver as C:\Users\iryna\.cache\selenium\chromedriver\win64\129.0.6668.89\chromedriver.exe
2024-10-03 22:56:01 INFO  ui.stepsdef.CommonSteps - Opened the homepage
2024-10-03 22:56:02 INFO  ui.stepsdef.CommonSteps - Clicked on Signup / Login link
2024-10-03 22:56:02 INFO  ui.stepsdef.LoginSteps - Entered valid login credentials
2024-10-03 22:56:02 INFO  ui.stepsdef.CommonSteps - Clicking login button
2024-10-03 22:56:04 INFO  ui.stepsdef.LoginSteps - User is logged in
2024-10-03 22:56:04 INFO  io.github.bonigarcia.wdm.WebDriverManager - Using chromedriver 129.0.6668.89 (resolved driver for Chrome 129)
2024-10-03 22:56:04 INFO  io.github.bonigarcia.wdm.WebDriverManager - Exporting webdriver.chrome.driver as C:\Users\iryna\.cache\selenium\chromedriver\win64\129.0.6668.89\chromedriver.exe
2024-10-03 22:56:08 INFO  ui.stepsdef.CommonSteps - Opened the homepage
2024-10-03 22:56:09 INFO  ui.stepsdef.CommonSteps - Clicked on Signup / Login link
2024-10-03 22:56:10 INFO  ui.stepsdef.LoginSteps - Entered invalid login credentials
2024-10-03 22:56:10 INFO  ui.stepsdef.CommonSteps - Clicking login button
2024-10-03 22:56:11 INFO  ui.stepsdef.LoginSteps - Error message is displayed: Your email or password is incorrect!
2024-10-03 22:56:11 INFO  io.github.bonigarcia.wdm.WebDriverManager - Using chromedriver 129.0.6668.89 (resolved driver for Chrome 129)
2024-10-03 22:56:11 INFO  io.github.bonigarcia.wdm.WebDriverManager - Exporting webdriver.chrome.driver as C:\Users\iryna\.cache\selenium\chromedriver\win64\129.0.6668.89\chromedriver.exe
2024-10-03 22:56:19 INFO  ui.stepsdef.LogoutSteps - Logged in as user
2024-10-03 22:56:20 INFO  ui.stepsdef.LogoutSteps - Clicked on Logout link
2024-10-03 22:56:20 ERROR ui.stepsdef.LogoutSteps - Not redirected to the homepage
2024-10-03 22:56:20 INFO  ui.stepsdef.LogoutSteps - User is not logged in
2024-10-03 22:56:20 INFO  io.github.bonigarcia.wdm.WebDriverManager - Using chromedriver 129.0.6668.89 (resolved driver for Chrome 129)
2024-10-03 22:56:20 INFO  io.github.bonigarcia.wdm.WebDriverManager - Exporting webdriver.chrome.driver as C:\Users\iryna\.cache\selenium\chromedriver\win64\129.0.6668.89\chromedriver.exe
2024-10-03 22:56:24 INFO  ui.stepsdef.CommonSteps - Opened the homepage
2024-10-03 22:56:26 INFO  ui.stepsdef.CommonSteps - Clicked on Products link
2024-10-03 22:56:26 INFO  ui.pages.ProductsPage - No banner found, proceeding.
2024-10-03 22:56:28 INFO  ui.pages.ProductsPage - Scrolled to the product at index: 0 and clicked.
2024-10-03 22:56:28 INFO  ui.stepsdef.ProductDetailsInformationSteps - Clicked on the 'View Product' button for the first product
2024-10-03 22:56:28 INFO  ui.stepsdef.ProductDetailsInformationSteps - Product details are displayed correctly
2024-10-03 22:56:28 INFO  io.github.bonigarcia.wdm.WebDriverManager - Using chromedriver 129.0.6668.89 (resolved driver for Chrome 129)
2024-10-03 22:56:28 INFO  io.github.bonigarcia.wdm.WebDriverManager - Exporting webdriver.chrome.driver as C:\Users\iryna\.cache\selenium\chromedriver\win64\129.0.6668.89\chromedriver.exe
2024-10-03 22:56:32 INFO  ui.stepsdef.CommonSteps - Opened the homepage
2024-10-03 22:56:33 INFO  ui.stepsdef.CommonSteps - Clicked on Signup / Login link
2024-10-03 22:56:34 INFO  ui.stepsdef.RegistrationSteps - Entered signup name: Eduardo and email: cecille.jones@hotmail.com
2024-10-03 22:56:35 INFO  ui.stepsdef.CommonSteps - Clicked on Signup button
2024-10-03 22:56:36 INFO  ui.stepsdef.RegistrationSteps - Filled out registration form with faker data
2024-10-03 22:56:37 INFO  ui.stepsdef.RegistrationSteps - Submitted the registration form
2024-10-03 22:56:37 INFO  ui.stepsdef.RegistrationSteps - Expected message is displayed: ACCOUNT CREATED!
2024-10-03 22:56:39 INFO  ui.stepsdef.RegistrationSteps - Clicked on button: Continue
2024-10-03 22:56:39 INFO  ui.stepsdef.RegistrationSteps - User is logged in
2024-10-03 22:56:39 INFO  io.github.bonigarcia.wdm.WebDriverManager - Using chromedriver 129.0.6668.89 (resolved driver for Chrome 129)
2024-10-03 22:56:39 INFO  io.github.bonigarcia.wdm.WebDriverManager - Exporting webdriver.chrome.driver as C:\Users\iryna\.cache\selenium\chromedriver\win64\129.0.6668.89\chromedriver.exe
2024-10-03 22:56:43 INFO  ui.stepsdef.CommonSteps - Opened the homepage
2024-10-03 22:56:44 INFO  ui.stepsdef.CommonSteps - Clicked on Products link
2024-10-03 22:56:44 INFO  ui.stepsdef.ViewAndFilterProductsSteps - Product list is displayed
2024-10-03 22:56:45 INFO  io.github.bonigarcia.wdm.WebDriverManager - Using chromedriver 129.0.6668.89 (resolved driver for Chrome 129)
2024-10-03 22:56:45 INFO  io.github.bonigarcia.wdm.WebDriverManager - Exporting webdriver.chrome.driver as C:\Users\iryna\.cache\selenium\chromedriver\win64\129.0.6668.89\chromedriver.exe
2024-10-03 22:56:49 INFO  ui.stepsdef.CommonSteps - Opened the homepage
2024-10-03 22:56:49 INFO  ui.stepsdef.ViewAndFilterProductsSteps - Clicked on Women category
2024-10-03 22:56:51 INFO  ui.pages.HomePage - Clicked on Dress subcategory successfully
2024-10-03 22:56:51 INFO  ui.stepsdef.ViewAndFilterProductsSteps - Clicked on Dress subcategory
2024-10-03 22:56:51 INFO  ui.stepsdef.ViewAndFilterProductsSteps - Filtered products are displayed
2024-10-03 22:58:26 INFO  org.testng.internal.Utils - [XmlSuite] [WARN] 'parallel' value 'false' is no longer valid, defaulting to 'none'.
2024-10-03 22:58:27 INFO  io.github.bonigarcia.wdm.WebDriverManager - Using chromedriver 129.0.6668.89 (resolved driver for Chrome 129)
2024-10-03 22:58:27 INFO  io.github.bonigarcia.wdm.WebDriverManager - Exporting webdriver.chrome.driver as C:\Users\iryna\.cache\selenium\chromedriver\win64\129.0.6668.89\chromedriver.exe
2024-10-03 22:58:32 INFO  ui.stepsdef.CommonSteps - Opened the homepage
2024-10-03 22:58:33 INFO  ui.stepsdef.CommonSteps - Clicked on Signup / Login link
2024-10-03 22:58:33 INFO  ui.stepsdef.LoginSteps - Entered valid login credentials
2024-10-03 22:58:33 INFO  ui.stepsdef.CommonSteps - Clicking login button
2024-10-03 22:58:35 INFO  ui.stepsdef.LoginSteps - User is logged in
2024-10-03 22:58:36 INFO  io.github.bonigarcia.wdm.WebDriverManager - Using chromedriver 129.0.6668.89 (resolved driver for Chrome 129)
2024-10-03 22:58:36 INFO  io.github.bonigarcia.wdm.WebDriverManager - Exporting webdriver.chrome.driver as C:\Users\iryna\.cache\selenium\chromedriver\win64\129.0.6668.89\chromedriver.exe
2024-10-03 22:58:40 INFO  ui.stepsdef.CommonSteps - Opened the homepage
2024-10-03 22:58:42 INFO  ui.stepsdef.CommonSteps - Clicked on Signup / Login link
2024-10-03 22:58:42 INFO  ui.stepsdef.LoginSteps - Entered invalid login credentials
2024-10-03 22:58:42 INFO  ui.stepsdef.CommonSteps - Clicking login button
2024-10-03 22:58:43 INFO  ui.stepsdef.LoginSteps - Error message is displayed: Your email or password is incorrect!
2024-10-03 22:58:43 INFO  io.github.bonigarcia.wdm.WebDriverManager - Using chromedriver 129.0.6668.89 (resolved driver for Chrome 129)
2024-10-03 22:58:43 INFO  io.github.bonigarcia.wdm.WebDriverManager - Exporting webdriver.chrome.driver as C:\Users\iryna\.cache\selenium\chromedriver\win64\129.0.6668.89\chromedriver.exe
2024-10-03 22:58:56 INFO  ui.stepsdef.LogoutSteps - Logged in as user
2024-10-03 22:58:57 INFO  ui.stepsdef.LogoutSteps - Clicked on Logout link
2024-10-03 22:58:57 ERROR ui.stepsdef.LogoutSteps - Not redirected to the homepage
2024-10-03 22:58:57 INFO  ui.stepsdef.LogoutSteps - User is not logged in
2024-10-03 22:58:57 INFO  io.github.bonigarcia.wdm.WebDriverManager - Using chromedriver 129.0.6668.89 (resolved driver for Chrome 129)
2024-10-03 22:58:57 INFO  io.github.bonigarcia.wdm.WebDriverManager - Exporting webdriver.chrome.driver as C:\Users\iryna\.cache\selenium\chromedriver\win64\129.0.6668.89\chromedriver.exe
2024-10-03 22:59:01 INFO  ui.stepsdef.CommonSteps - Opened the homepage
2024-10-03 22:59:03 INFO  ui.stepsdef.CommonSteps - Clicked on Products link
2024-10-03 22:59:03 INFO  ui.pages.ProductsPage - No banner found, proceeding.
2024-10-03 22:59:04 INFO  ui.pages.ProductsPage - Scrolled to the product at index: 0 and clicked.
2024-10-03 22:59:04 INFO  ui.stepsdef.ProductDetailsInformationSteps - Clicked on the 'View Product' button for the first product
2024-10-03 22:59:04 INFO  ui.stepsdef.ProductDetailsInformationSteps - Product details are displayed correctly
2024-10-03 22:59:04 INFO  io.github.bonigarcia.wdm.WebDriverManager - Using chromedriver 129.0.6668.89 (resolved driver for Chrome 129)
2024-10-03 22:59:04 INFO  io.github.bonigarcia.wdm.WebDriverManager - Exporting webdriver.chrome.driver as C:\Users\iryna\.cache\selenium\chromedriver\win64\129.0.6668.89\chromedriver.exe
2024-10-03 22:59:09 INFO  ui.stepsdef.CommonSteps - Opened the homepage
2024-10-03 22:59:10 INFO  ui.stepsdef.CommonSteps - Clicked on Signup / Login link
2024-10-03 22:59:10 INFO  ui.stepsdef.RegistrationSteps - Entered signup name: Marilynn and email: hunter.mayert@gmail.com
2024-10-03 22:59:12 INFO  ui.stepsdef.CommonSteps - Clicked on Signup button
2024-10-03 22:59:13 INFO  ui.stepsdef.RegistrationSteps - Filled out registration form with faker data
2024-10-03 22:59:14 INFO  ui.stepsdef.RegistrationSteps - Submitted the registration form
2024-10-03 22:59:14 INFO  ui.stepsdef.RegistrationSteps - Expected message is displayed: ACCOUNT CREATED!
2024-10-03 22:59:16 INFO  ui.stepsdef.RegistrationSteps - Clicked on button: Continue
2024-10-03 22:59:16 INFO  ui.stepsdef.RegistrationSteps - User is logged in
2024-10-03 22:59:16 INFO  io.github.bonigarcia.wdm.WebDriverManager - Using chromedriver 129.0.6668.89 (resolved driver for Chrome 129)
2024-10-03 22:59:16 INFO  io.github.bonigarcia.wdm.WebDriverManager - Exporting webdriver.chrome.driver as C:\Users\iryna\.cache\selenium\chromedriver\win64\129.0.6668.89\chromedriver.exe
2024-10-03 22:59:20 INFO  ui.stepsdef.CommonSteps - Opened the homepage
2024-10-03 22:59:22 INFO  ui.stepsdef.CommonSteps - Clicked on Products link
2024-10-03 22:59:22 INFO  ui.stepsdef.ViewAndFilterProductsSteps - Product list is displayed
2024-10-03 22:59:22 INFO  io.github.bonigarcia.wdm.WebDriverManager - Using chromedriver 129.0.6668.89 (resolved driver for Chrome 129)
2024-10-03 22:59:22 INFO  io.github.bonigarcia.wdm.WebDriverManager - Exporting webdriver.chrome.driver as C:\Users\iryna\.cache\selenium\chromedriver\win64\129.0.6668.89\chromedriver.exe
2024-10-03 22:59:26 INFO  ui.stepsdef.CommonSteps - Opened the homepage
2024-10-03 22:59:26 INFO  ui.stepsdef.ViewAndFilterProductsSteps - Clicked on Women category
2024-10-03 22:59:29 INFO  ui.pages.HomePage - Clicked on Dress subcategory successfully
2024-10-03 22:59:29 INFO  ui.stepsdef.ViewAndFilterProductsSteps - Clicked on Dress subcategory
2024-10-03 22:59:29 INFO  ui.stepsdef.ViewAndFilterProductsSteps - Filtered products are displayed
2024-10-03 23:03:36 INFO  org.testng.internal.Utils - [XmlSuite] [WARN] 'parallel' value 'false' is no longer valid, defaulting to 'none'.
2024-10-03 23:03:37 INFO  io.github.bonigarcia.wdm.WebDriverManager - Using chromedriver 129.0.6668.89 (resolved driver for Chrome 129)
2024-10-03 23:03:37 INFO  io.github.bonigarcia.wdm.WebDriverManager - Exporting webdriver.chrome.driver as C:\Users\iryna\.cache\selenium\chromedriver\win64\129.0.6668.89\chromedriver.exe
2024-10-03 23:03:42 INFO  ui.stepsdef.CommonSteps - Opened the homepage
2024-10-03 23:03:42 INFO  ui.stepsdef.CommonSteps - Clicked on Signup / Login link
2024-10-03 23:03:42 INFO  ui.stepsdef.LoginSteps - Entered valid login credentials
2024-10-03 23:03:42 INFO  ui.stepsdef.CommonSteps - Clicking login button
2024-10-03 23:03:44 INFO  ui.stepsdef.LoginSteps - User is logged in
2024-10-03 23:03:44 INFO  io.github.bonigarcia.wdm.WebDriverManager - Using chromedriver 129.0.6668.89 (resolved driver for Chrome 129)
2024-10-03 23:03:44 INFO  io.github.bonigarcia.wdm.WebDriverManager - Exporting webdriver.chrome.driver as C:\Users\iryna\.cache\selenium\chromedriver\win64\129.0.6668.89\chromedriver.exe
2024-10-03 23:03:48 INFO  ui.stepsdef.CommonSteps - Opened the homepage
2024-10-03 23:03:48 INFO  ui.stepsdef.CommonSteps - Clicked on Signup / Login link
2024-10-03 23:03:48 INFO  ui.stepsdef.LoginSteps - Entered invalid login credentials
2024-10-03 23:03:48 INFO  ui.stepsdef.CommonSteps - Clicking login button
2024-10-03 23:03:49 INFO  ui.stepsdef.LoginSteps - Error message is displayed: Your email or password is incorrect!
2024-10-03 23:03:49 INFO  io.github.bonigarcia.wdm.WebDriverManager - Using chromedriver 129.0.6668.89 (resolved driver for Chrome 129)
2024-10-03 23:03:49 INFO  io.github.bonigarcia.wdm.WebDriverManager - Exporting webdriver.chrome.driver as C:\Users\iryna\.cache\selenium\chromedriver\win64\129.0.6668.89\chromedriver.exe
2024-10-03 23:03:55 INFO  ui.stepsdef.LogoutSteps - Logged in as user
2024-10-03 23:03:56 INFO  ui.stepsdef.LogoutSteps - Clicked on Logout link
2024-10-03 23:03:56 ERROR ui.stepsdef.LogoutSteps - Not redirected to the homepage
2024-10-03 23:03:56 INFO  ui.stepsdef.LogoutSteps - User is not logged in
2024-10-03 23:03:56 INFO  io.github.bonigarcia.wdm.WebDriverManager - Using chromedriver 129.0.6668.89 (resolved driver for Chrome 129)
2024-10-03 23:03:56 INFO  io.github.bonigarcia.wdm.WebDriverManager - Exporting webdriver.chrome.driver as C:\Users\iryna\.cache\selenium\chromedriver\win64\129.0.6668.89\chromedriver.exe
2024-10-03 23:03:59 INFO  ui.stepsdef.CommonSteps - Opened the homepage
2024-10-03 23:04:01 INFO  ui.stepsdef.CommonSteps - Clicked on Products link
2024-10-03 23:04:01 INFO  ui.pages.ProductsPage - No banner found, proceeding.
2024-10-03 23:04:02 INFO  ui.pages.ProductsPage - Scrolled to the product at index: 0 and clicked.
2024-10-03 23:04:02 INFO  ui.stepsdef.ProductDetailsInformationSteps - Clicked on the 'View Product' button for the first product
2024-10-03 23:04:02 INFO  ui.stepsdef.ProductDetailsInformationSteps - Product details are displayed correctly
2024-10-03 23:04:02 INFO  io.github.bonigarcia.wdm.WebDriverManager - Using chromedriver 129.0.6668.89 (resolved driver for Chrome 129)
2024-10-03 23:04:02 INFO  io.github.bonigarcia.wdm.WebDriverManager - Exporting webdriver.chrome.driver as C:\Users\iryna\.cache\selenium\chromedriver\win64\129.0.6668.89\chromedriver.exe
2024-10-03 23:04:05 INFO  ui.stepsdef.CommonSteps - Opened the homepage
2024-10-03 23:04:06 INFO  ui.stepsdef.CommonSteps - Clicked on Signup / Login link
2024-10-03 23:04:07 INFO  ui.stepsdef.RegistrationSteps - Entered signup name: Dwayne and email: karren.wilderman@hotmail.com
2024-10-03 23:04:07 INFO  ui.stepsdef.CommonSteps - Clicked on Signup button
2024-10-03 23:04:08 INFO  ui.stepsdef.RegistrationSteps - Filled out registration form with faker data
2024-10-03 23:04:10 INFO  ui.stepsdef.RegistrationSteps - Submitted the registration form
2024-10-03 23:04:10 INFO  ui.stepsdef.RegistrationSteps - Expected message is displayed: ACCOUNT CREATED!
2024-10-03 23:04:11 INFO  ui.stepsdef.RegistrationSteps - Clicked on button: Continue
2024-10-03 23:04:11 INFO  ui.stepsdef.RegistrationSteps - User is logged in
2024-10-03 23:04:12 INFO  io.github.bonigarcia.wdm.WebDriverManager - Using chromedriver 129.0.6668.89 (resolved driver for Chrome 129)
2024-10-03 23:04:12 INFO  io.github.bonigarcia.wdm.WebDriverManager - Exporting webdriver.chrome.driver as C:\Users\iryna\.cache\selenium\chromedriver\win64\129.0.6668.89\chromedriver.exe
2024-10-03 23:04:15 INFO  ui.stepsdef.CommonSteps - Opened the homepage
2024-10-03 23:04:15 INFO  ui.stepsdef.CommonSteps - Clicked on Products link
2024-10-03 23:04:15 INFO  ui.stepsdef.ViewAndFilterProductsSteps - Product list is displayed
2024-10-03 23:04:16 INFO  io.github.bonigarcia.wdm.WebDriverManager - Using chromedriver 129.0.6668.89 (resolved driver for Chrome 129)
2024-10-03 23:04:16 INFO  io.github.bonigarcia.wdm.WebDriverManager - Exporting webdriver.chrome.driver as C:\Users\iryna\.cache\selenium\chromedriver\win64\129.0.6668.89\chromedriver.exe
2024-10-03 23:04:21 INFO  ui.stepsdef.CommonSteps - Opened the homepage
2024-10-03 23:04:21 INFO  ui.stepsdef.ViewAndFilterProductsSteps - Clicked on Women category
2024-10-03 23:04:22 INFO  ui.pages.HomePage - Clicked on Dress subcategory successfully
2024-10-03 23:04:22 INFO  ui.stepsdef.ViewAndFilterProductsSteps - Clicked on Dress subcategory
2024-10-03 23:04:22 INFO  ui.stepsdef.ViewAndFilterProductsSteps - Filtered products are displayed
2024-10-03 23:22:30 INFO  org.testng.internal.Utils - [XmlSuite] [WARN] 'parallel' value 'false' is no longer valid, defaulting to 'none'.
2024-10-03 23:22:31 INFO  io.github.bonigarcia.wdm.WebDriverManager - Using chromedriver 129.0.6668.89 (resolved driver for Chrome 129)
2024-10-03 23:22:31 INFO  io.github.bonigarcia.wdm.WebDriverManager - Exporting webdriver.chrome.driver as C:\Users\iryna\.cache\selenium\chromedriver\win64\129.0.6668.89\chromedriver.exe
2024-10-03 23:22:35 INFO  ui.stepsdef.CommonSteps - Opened the homepage
2024-10-03 23:22:36 INFO  ui.stepsdef.CommonSteps - Clicked on Signup / Login link
2024-10-03 23:22:37 INFO  ui.stepsdef.LoginSteps - Entered valid login credentials
2024-10-03 23:22:37 INFO  ui.stepsdef.CommonSteps - Clicking login button
2024-10-03 23:22:38 INFO  ui.stepsdef.LoginSteps - User is logged in
2024-10-03 23:22:38 INFO  io.github.bonigarcia.wdm.WebDriverManager - Using chromedriver 129.0.6668.89 (resolved driver for Chrome 129)
2024-10-03 23:22:38 INFO  io.github.bonigarcia.wdm.WebDriverManager - Exporting webdriver.chrome.driver as C:\Users\iryna\.cache\selenium\chromedriver\win64\129.0.6668.89\chromedriver.exe
2024-10-03 23:22:43 INFO  ui.stepsdef.CommonSteps - Opened the homepage
2024-10-03 23:22:44 INFO  ui.stepsdef.CommonSteps - Clicked on Signup / Login link
2024-10-03 23:22:45 INFO  ui.stepsdef.LoginSteps - Entered invalid login credentials
2024-10-03 23:22:45 INFO  ui.stepsdef.CommonSteps - Clicking login button
2024-10-03 23:22:46 INFO  ui.stepsdef.LoginSteps - Error message is displayed: Your email or password is incorrect!
2024-10-03 23:22:46 INFO  io.github.bonigarcia.wdm.WebDriverManager - Using chromedriver 129.0.6668.89 (resolved driver for Chrome 129)
2024-10-03 23:22:46 INFO  io.github.bonigarcia.wdm.WebDriverManager - Exporting webdriver.chrome.driver as C:\Users\iryna\.cache\selenium\chromedriver\win64\129.0.6668.89\chromedriver.exe
2024-10-03 23:22:52 INFO  ui.stepsdef.LogoutSteps - Logged in as user
2024-10-03 23:22:54 INFO  ui.stepsdef.LogoutSteps - Clicked on Logout link
2024-10-03 23:22:54 ERROR ui.stepsdef.LogoutSteps - Not redirected to the homepage
2024-10-03 23:22:54 INFO  ui.stepsdef.LogoutSteps - User is not logged in
2024-10-03 23:22:55 INFO  io.github.bonigarcia.wdm.WebDriverManager - Using chromedriver 129.0.6668.89 (resolved driver for Chrome 129)
2024-10-03 23:22:55 INFO  io.github.bonigarcia.wdm.WebDriverManager - Exporting webdriver.chrome.driver as C:\Users\iryna\.cache\selenium\chromedriver\win64\129.0.6668.89\chromedriver.exe
2024-10-03 23:22:58 INFO  ui.stepsdef.CommonSteps - Opened the homepage
2024-10-03 23:23:00 INFO  ui.stepsdef.CommonSteps - Clicked on Products link
2024-10-03 23:23:00 INFO  ui.pages.ProductsPage - No banner found, proceeding.
2024-10-03 23:23:01 INFO  ui.pages.ProductsPage - Scrolled to the product at index: 0 and clicked.
2024-10-03 23:23:01 INFO  ui.stepsdef.ProductDetailsInformationSteps - Clicked on the 'View Product' button for the first product
2024-10-03 23:23:01 INFO  ui.stepsdef.ProductDetailsInformationSteps - Product details are displayed correctly
2024-10-03 23:23:01 INFO  io.github.bonigarcia.wdm.WebDriverManager - Using chromedriver 129.0.6668.89 (resolved driver for Chrome 129)
2024-10-03 23:23:01 INFO  io.github.bonigarcia.wdm.WebDriverManager - Exporting webdriver.chrome.driver as C:\Users\iryna\.cache\selenium\chromedriver\win64\129.0.6668.89\chromedriver.exe
2024-10-03 23:23:06 INFO  ui.stepsdef.CommonSteps - Opened the homepage
2024-10-03 23:23:08 INFO  ui.stepsdef.CommonSteps - Clicked on Signup / Login link
2024-10-03 23:23:09 INFO  ui.stepsdef.RegistrationSteps - Entered signup name: Shane and email: isa.ryan@hotmail.com
2024-10-03 23:23:10 INFO  ui.stepsdef.CommonSteps - Clicked on Signup button
2024-10-03 23:23:11 INFO  ui.stepsdef.RegistrationSteps - Filled out registration form with faker data
2024-10-03 23:23:12 INFO  ui.stepsdef.RegistrationSteps - Submitted the registration form
2024-10-03 23:23:12 INFO  ui.stepsdef.RegistrationSteps - Expected message is displayed: ACCOUNT CREATED!
2024-10-03 23:23:14 INFO  ui.stepsdef.RegistrationSteps - Clicked on button: Continue
2024-10-03 23:23:14 INFO  ui.stepsdef.RegistrationSteps - User is logged in
2024-10-03 23:23:14 INFO  io.github.bonigarcia.wdm.WebDriverManager - Using chromedriver 129.0.6668.89 (resolved driver for Chrome 129)
2024-10-03 23:23:14 INFO  io.github.bonigarcia.wdm.WebDriverManager - Exporting webdriver.chrome.driver as C:\Users\iryna\.cache\selenium\chromedriver\win64\129.0.6668.89\chromedriver.exe
2024-10-03 23:23:18 INFO  ui.stepsdef.CommonSteps - Opened the homepage
2024-10-03 23:23:20 INFO  ui.stepsdef.CommonSteps - Clicked on Products link
2024-10-03 23:23:20 INFO  ui.stepsdef.ViewAndFilterProductsSteps - Product list is displayed
2024-10-03 23:23:20 INFO  io.github.bonigarcia.wdm.WebDriverManager - Using chromedriver 129.0.6668.89 (resolved driver for Chrome 129)
2024-10-03 23:23:20 INFO  io.github.bonigarcia.wdm.WebDriverManager - Exporting webdriver.chrome.driver as C:\Users\iryna\.cache\selenium\chromedriver\win64\129.0.6668.89\chromedriver.exe
2024-10-03 23:23:25 INFO  ui.stepsdef.CommonSteps - Opened the homepage
2024-10-03 23:23:25 INFO  ui.stepsdef.ViewAndFilterProductsSteps - Clicked on Women category
2024-10-03 23:23:25 INFO  ui.pages.HomePage - Clicked on Dress subcategory successfully
2024-10-03 23:23:25 INFO  ui.stepsdef.ViewAndFilterProductsSteps - Clicked on Dress subcategory
2024-10-03 23:23:25 INFO  ui.stepsdef.ViewAndFilterProductsSteps - Filtered products are displayed
2024-10-03 23:23:25 INFO  io.github.bonigarcia.wdm.WebDriverManager - Using chromedriver 129.0.6668.89 (resolved driver for Chrome 129)
2024-10-03 23:23:25 INFO  io.github.bonigarcia.wdm.WebDriverManager - Exporting webdriver.chrome.driver as C:\Users\iryna\.cache\selenium\chromedriver\win64\129.0.6668.89\chromedriver.exe
