2024-10-01 19:33:11 INFO  org.testng.internal.Utils - [XmlSuite] [WARN] 'parallel' value 'false' is no longer valid, defaulting to 'none'.
2024-10-01 19:33:12 INFO  ui.stepsdef.LoginSteps - Navigating to login page
2024-10-01 19:33:12 INFO  ui.stepsdef.LogoutSteps - Logging in user
2024-10-01 19:33:12 INFO  ui.stepsdef.LoginSteps - Navigating to login page
2024-10-01 19:33:12 INFO  ui.stepsdef.RegistrationSteps - Navigating to home page
2024-10-01 19:33:12 INFO  ui.stepsdef.RegistrationSteps - Navigating to signup/login page
2024-10-01 19:34:06 INFO  org.testng.internal.Utils - [XmlSuite] [WARN] 'parallel' value 'false' is no longer valid, defaulting to 'none'.
2024-10-01 19:34:06 INFO  ui.stepsdef.LoginSteps - Navigating to login page
2024-10-01 19:34:06 INFO  ui.stepsdef.LogoutSteps - Logging in user
2024-10-01 19:34:06 INFO  ui.stepsdef.LoginSteps - Navigating to login page
2024-10-01 19:34:06 INFO  ui.stepsdef.RegistrationSteps - Navigating to home page
2024-10-01 19:34:06 INFO  ui.stepsdef.RegistrationSteps - Navigating to signup/login page
2024-10-01 19:36:35 INFO  ui.stepsdef.LoginSteps - Navigating to login page
2024-10-01 19:37:09 INFO  ui.stepsdef.LogoutSteps - Logging in user
2024-10-01 19:45:06 INFO  org.testng.internal.Utils - [XmlSuite] [WARN] 'parallel' value 'false' is no longer valid, defaulting to 'none'.
2024-10-01 19:45:06 INFO  ui.stepsdef.LoginSteps - Navigating to login page
2024-10-01 19:45:06 INFO  ui.stepsdef.LogoutSteps - Logging in user
2024-10-01 19:45:06 INFO  ui.stepsdef.LoginSteps - Navigating to login page
2024-10-01 19:45:06 INFO  ui.stepsdef.RegistrationSteps - Navigating to home page
2024-10-01 19:45:06 INFO  ui.stepsdef.RegistrationSteps - Navigating to signup/login page
2024-10-01 19:45:36 INFO  ui.stepsdef.LoginSteps - Navigating to login page
2024-10-01 19:45:56 INFO  ui.stepsdef.LogoutSteps - Logging in user
2024-10-01 21:25:32 INFO  ui.stepsdef.LoginSteps - Navigating to login page
2024-10-01 22:07:40 INFO  org.testng.internal.Utils - [XmlSuite] [WARN] 'parallel' value 'false' is no longer valid, defaulting to 'none'.
2024-10-01 22:37:28 INFO  org.testng.internal.Utils - [XmlSuite] [WARN] 'parallel' value 'false' is no longer valid, defaulting to 'none'.
2024-10-01 22:37:29 INFO  ui.stepsdef.LoginSteps - Navigating to login page
2024-10-01 22:37:29 INFO  ui.stepsdef.LoginSteps - Navigating to login page
2024-10-01 22:37:29 INFO  ui.stepsdef.LogoutSteps - Logging in user
2024-10-01 22:37:29 INFO  ui.stepsdef.RegistrationSteps - Navigating to home page
2024-10-01 22:37:29 INFO  ui.stepsdef.RegistrationSteps - Navigating to signup/login page
2024-10-01 23:19:55 INFO  org.testng.internal.Utils - [XmlSuite] [WARN] 'parallel' value 'false' is no longer valid, defaulting to 'none'.
2024-10-01 23:19:56 INFO  io.github.bonigarcia.wdm.WebDriverManager - Using chromedriver 129.0.6668.70 (resolved driver for Chrome 129)
2024-10-01 23:19:56 INFO  io.github.bonigarcia.wdm.WebDriverManager - Using chromedriver 129.0.6668.70 (resolved driver for Chrome 129)
2024-10-01 23:19:56 INFO  io.github.bonigarcia.wdm.WebDriverManager - Using chromedriver 129.0.6668.70 (resolved driver for Chrome 129)
2024-10-01 23:19:56 INFO  io.github.bonigarcia.wdm.WebDriverManager - Using chromedriver 129.0.6668.70 (resolved driver for Chrome 129)
2024-10-01 23:19:56 INFO  io.github.bonigarcia.wdm.online.Downloader - Downloading https://storage.googleapis.com/chrome-for-testing-public/129.0.6668.70/win64/chromedriver-win64.zip
2024-10-01 23:19:56 INFO  io.github.bonigarcia.wdm.online.Downloader - Downloading https://storage.googleapis.com/chrome-for-testing-public/129.0.6668.70/win64/chromedriver-win64.zip
2024-10-01 23:19:56 INFO  io.github.bonigarcia.wdm.online.Downloader - Downloading https://storage.googleapis.com/chrome-for-testing-public/129.0.6668.70/win64/chromedriver-win64.zip
2024-10-01 23:19:56 INFO  io.github.bonigarcia.wdm.online.Downloader - Downloading https://storage.googleapis.com/chrome-for-testing-public/129.0.6668.70/win64/chromedriver-win64.zip
2024-10-01 23:19:57 INFO  io.github.bonigarcia.wdm.online.Downloader - Extracting driver from compressed file chromedriver-win64.zip
2024-10-01 23:19:57 INFO  io.github.bonigarcia.wdm.online.Downloader - Extracting driver from compressed file chromedriver-win64.zip
2024-10-01 23:19:57 INFO  io.github.bonigarcia.wdm.online.Downloader - Extracting driver from compressed file chromedriver-win64.zip
2024-10-01 23:19:57 INFO  io.github.bonigarcia.wdm.WebDriverManager - Exporting webdriver.chrome.driver as C:\Users\iryna\.cache\selenium\chromedriver\win64\129.0.6668.70\chromedriver.exe
2024-10-01 23:19:58 INFO  io.github.bonigarcia.wdm.online.Downloader - Extracting driver from compressed file chromedriver-win64.zip
2024-10-01 23:19:59 INFO  ui.stepsdef.RegistrationSteps - Navigating to home page
2024-10-01 23:19:59 INFO  ui.stepsdef.RegistrationSteps - Navigating to signup/login page
2024-10-01 23:19:59 INFO  io.github.bonigarcia.wdm.WebDriverManager - Exporting webdriver.chrome.driver as C:\Users\iryna\.cache\selenium\chromedriver\win64\129.0.6668.70\chromedriver.exe
2024-10-01 23:19:59 INFO  io.github.bonigarcia.wdm.WebDriverManager - Exporting webdriver.chrome.driver as C:\Users\iryna\.cache\selenium\chromedriver\win64\129.0.6668.70\chromedriver.exe
2024-10-01 23:19:59 INFO  io.github.bonigarcia.wdm.WebDriverManager - Exporting webdriver.chrome.driver as C:\Users\iryna\.cache\selenium\chromedriver\win64\129.0.6668.70\chromedriver.exe
2024-10-01 23:19:59 INFO  ui.stepsdef.LogoutSteps - Logging in user
2024-10-01 23:19:59 INFO  ui.stepsdef.LoginSteps - Navigating to login page
2024-10-01 23:20:00 INFO  ui.stepsdef.LoginSteps - Navigating to login page
2024-10-01 23:22:24 INFO  io.github.bonigarcia.wdm.WebDriverManager - Using chromedriver 129.0.6668.70 (resolved driver for Chrome 129)
2024-10-01 23:22:24 INFO  io.github.bonigarcia.wdm.WebDriverManager - Exporting webdriver.chrome.driver as C:\Users\iryna\.cache\selenium\chromedriver\win64\129.0.6668.70\chromedriver.exe
2024-10-01 23:22:25 INFO  ui.stepsdef.RegistrationSteps - Navigating to home page
2024-10-01 23:22:25 INFO  ui.stepsdef.RegistrationSteps - Navigating to signup/login page
2024-10-01 23:24:55 INFO  org.testng.internal.Utils - [XmlSuite] [WARN] 'parallel' value 'false' is no longer valid, defaulting to 'none'.
2024-10-01 23:24:56 INFO  io.github.bonigarcia.wdm.WebDriverManager - Using chromedriver 129.0.6668.70 (resolved driver for Chrome 129)
2024-10-01 23:24:56 INFO  io.github.bonigarcia.wdm.WebDriverManager - Using chromedriver 129.0.6668.70 (resolved driver for Chrome 129)
2024-10-01 23:24:56 INFO  io.github.bonigarcia.wdm.WebDriverManager - Using chromedriver 129.0.6668.70 (resolved driver for Chrome 129)
2024-10-01 23:24:56 INFO  io.github.bonigarcia.wdm.WebDriverManager - Using chromedriver 129.0.6668.70 (resolved driver for Chrome 129)
2024-10-01 23:24:56 INFO  io.github.bonigarcia.wdm.WebDriverManager - Exporting webdriver.chrome.driver as C:\Users\iryna\.cache\selenium\chromedriver\win64\129.0.6668.70\chromedriver.exe
2024-10-01 23:24:56 INFO  io.github.bonigarcia.wdm.WebDriverManager - Exporting webdriver.chrome.driver as C:\Users\iryna\.cache\selenium\chromedriver\win64\129.0.6668.70\chromedriver.exe
2024-10-01 23:24:56 INFO  io.github.bonigarcia.wdm.WebDriverManager - Exporting webdriver.chrome.driver as C:\Users\iryna\.cache\selenium\chromedriver\win64\129.0.6668.70\chromedriver.exe
2024-10-01 23:24:56 INFO  io.github.bonigarcia.wdm.WebDriverManager - Exporting webdriver.chrome.driver as C:\Users\iryna\.cache\selenium\chromedriver\win64\129.0.6668.70\chromedriver.exe
2024-10-01 23:24:57 INFO  ui.stepsdef.LoginSteps - Navigating to login page
2024-10-01 23:24:57 INFO  ui.stepsdef.LoginSteps - Navigating to login page
2024-10-01 23:24:57 INFO  ui.stepsdef.LogoutSteps - Logging in user
2024-10-01 23:24:57 INFO  ui.stepsdef.RegistrationSteps - Navigating to home page
2024-10-01 23:24:57 INFO  ui.stepsdef.RegistrationSteps - Navigating to signup/login page
2024-10-01 23:34:15 INFO  org.testng.internal.Utils - [XmlSuite] [WARN] 'parallel' value 'false' is no longer valid, defaulting to 'none'.
2024-10-01 23:34:16 INFO  io.github.bonigarcia.wdm.WebDriverManager - Using chromedriver 129.0.6668.70 (resolved driver for Chrome 129)
2024-10-01 23:34:16 INFO  io.github.bonigarcia.wdm.WebDriverManager - Exporting webdriver.chrome.driver as C:\Users\iryna\.cache\selenium\chromedriver\win64\129.0.6668.70\chromedriver.exe
2024-10-01 23:34:17 INFO  ui.stepsdef.LoginSteps - Navigating to login page
2024-10-01 23:34:17 INFO  ui.stepsdef.LoginSteps - Navigating to login page
2024-10-01 23:34:17 INFO  ui.stepsdef.LogoutSteps - Logging in user
2024-10-01 23:34:17 INFO  ui.stepsdef.RegistrationSteps - Navigating to home page
2024-10-01 23:34:17 INFO  ui.stepsdef.RegistrationSteps - Navigating to signup/login page
2024-10-01 23:40:58 INFO  io.github.bonigarcia.wdm.WebDriverManager - Using chromedriver 129.0.6668.70 (resolved driver for Chrome 129)
2024-10-01 23:40:58 INFO  io.github.bonigarcia.wdm.WebDriverManager - Exporting webdriver.chrome.driver as C:\Users\iryna\.cache\selenium\chromedriver\win64\129.0.6668.70\chromedriver.exe
2024-10-01 23:40:59 INFO  ui.stepsdef.RegistrationSteps - Navigating to home page
2024-10-01 23:40:59 INFO  ui.stepsdef.RegistrationSteps - Navigating to signup/login page
2024-10-01 23:54:35 INFO  org.testng.internal.Utils - [XmlSuite] [WARN] 'parallel' value 'false' is no longer valid, defaulting to 'none'.
2024-10-01 23:54:36 INFO  io.github.bonigarcia.wdm.WebDriverManager - Using chromedriver 129.0.6668.70 (resolved driver for Chrome 129)
2024-10-01 23:54:36 INFO  io.github.bonigarcia.wdm.WebDriverManager - Exporting webdriver.chrome.driver as C:\Users\iryna\.cache\selenium\chromedriver\win64\129.0.6668.70\chromedriver.exe
2024-10-01 23:54:37 INFO  ui.stepsdef.LoginSteps - Navigating to login page
2024-10-01 23:54:37 INFO  ui.stepsdef.LoginSteps - Navigating to login page
2024-10-01 23:54:37 INFO  ui.stepsdef.LogoutSteps - Logging in user
2024-10-01 23:54:37 INFO  ui.stepsdef.RegistrationSteps - Navigating to home page
2024-10-01 23:54:37 INFO  ui.stepsdef.RegistrationSteps - Navigating to signup/login page
2024-10-01 23:54:50 INFO  io.github.bonigarcia.wdm.WebDriverManager - Using chromedriver 129.0.6668.70 (resolved driver for Chrome 129)
2024-10-01 23:54:50 INFO  io.github.bonigarcia.wdm.WebDriverManager - Exporting webdriver.chrome.driver as C:\Users\iryna\.cache\selenium\chromedriver\win64\129.0.6668.70\chromedriver.exe
2024-10-01 23:54:51 INFO  ui.stepsdef.RegistrationSteps - Navigating to home page
2024-10-01 23:54:51 INFO  ui.stepsdef.RegistrationSteps - Navigating to signup/login page
2024-10-01 23:59:27 INFO  org.testng.internal.Utils - [XmlSuite] [WARN] 'parallel' value 'false' is no longer valid, defaulting to 'none'.
2024-10-02 00:00:14 INFO  io.github.bonigarcia.wdm.WebDriverManager - Using chromedriver 129.0.6668.70 (resolved driver for Chrome 129)
2024-10-02 00:00:14 INFO  io.github.bonigarcia.wdm.WebDriverManager - Exporting webdriver.chrome.driver as C:\Users\iryna\.cache\selenium\chromedriver\win64\129.0.6668.70\chromedriver.exe
2024-10-02 00:00:15 INFO  ui.stepsdef.RegistrationSteps - Navigating to home page
2024-10-02 00:00:15 INFO  ui.stepsdef.RegistrationSteps - Navigating to signup/login page
2024-10-02 00:01:14 INFO  org.testng.internal.Utils - [XmlSuite] [WARN] 'parallel' value 'false' is no longer valid, defaulting to 'none'.
2024-10-02 00:01:37 INFO  io.github.bonigarcia.wdm.WebDriverManager - Using chromedriver 129.0.6668.70 (resolved driver for Chrome 129)
2024-10-02 00:01:37 INFO  io.github.bonigarcia.wdm.WebDriverManager - Exporting webdriver.chrome.driver as C:\Users\iryna\.cache\selenium\chromedriver\win64\129.0.6668.70\chromedriver.exe
2024-10-02 00:01:38 INFO  ui.stepsdef.RegistrationSteps - Navigating to home page
2024-10-02 00:01:38 INFO  ui.stepsdef.RegistrationSteps - Navigating to signup/login page
2024-10-02 12:51:01 INFO  org.testng.internal.Utils - [XmlSuite] [WARN] 'parallel' value 'false' is no longer valid, defaulting to 'none'.
2024-10-02 12:53:52 INFO  org.testng.internal.Utils - [XmlSuite] [WARN] 'parallel' value 'false' is no longer valid, defaulting to 'none'.
2024-10-02 13:07:58 INFO  org.testng.internal.Utils - [XmlSuite] [WARN] 'parallel' value 'false' is no longer valid, defaulting to 'none'.
2024-10-02 13:08:12 INFO  org.testng.internal.Utils - [XmlSuite] [WARN] 'parallel' value 'false' is no longer valid, defaulting to 'none'.
2024-10-02 13:08:49 INFO  org.testng.internal.Utils - [XmlSuite] [WARN] 'parallel' value 'false' is no longer valid, defaulting to 'none'.
2024-10-02 13:09:22 INFO  org.testng.internal.Utils - [XmlSuite] [WARN] 'parallel' value 'false' is no longer valid, defaulting to 'none'.
2024-10-02 13:26:27 INFO  org.testng.internal.Utils - [XmlSuite] [WARN] 'parallel' value 'false' is no longer valid, defaulting to 'none'.
2024-10-02 13:31:35 INFO  org.testng.internal.Utils - [XmlSuite] [WARN] 'parallel' value 'false' is no longer valid, defaulting to 'none'.
2024-10-02 13:31:46 INFO  org.testng.internal.Utils - [XmlSuite] [WARN] 'parallel' value 'false' is no longer valid, defaulting to 'none'.
2024-10-02 13:33:02 INFO  org.testng.internal.Utils - [XmlSuite] [WARN] 'parallel' value 'false' is no longer valid, defaulting to 'none'.
2024-10-02 13:46:11 INFO  org.testng.internal.Utils - [XmlSuite] [WARN] 'parallel' value 'false' is no longer valid, defaulting to 'none'.
2024-10-02 13:46:35 INFO  org.testng.internal.Utils - [XmlSuite] [WARN] 'parallel' value 'false' is no longer valid, defaulting to 'none'.
2024-10-02 13:59:08 INFO  org.testng.internal.Utils - [XmlSuite] [WARN] 'parallel' value 'false' is no longer valid, defaulting to 'none'.
2024-10-02 13:59:23 INFO  org.testng.internal.Utils - [XmlSuite] [WARN] 'parallel' value 'false' is no longer valid, defaulting to 'none'.
2024-10-02 14:46:04 INFO  org.testng.internal.Utils - [XmlSuite] [WARN] 'parallel' value 'false' is no longer valid, defaulting to 'none'.
2024-10-02 14:49:52 INFO  org.testng.internal.Utils - [XmlSuite] [WARN] 'parallel' value 'false' is no longer valid, defaulting to 'none'.
2024-10-02 16:50:12 INFO  org.testng.internal.Utils - [XmlSuite] [WARN] 'parallel' value 'false' is no longer valid, defaulting to 'none'.
2024-10-02 16:53:18 INFO  org.testng.internal.Utils - [XmlSuite] [WARN] 'parallel' value 'false' is no longer valid, defaulting to 'none'.
2024-10-02 16:54:49 INFO  org.testng.internal.Utils - [XmlSuite] [WARN] 'parallel' value 'false' is no longer valid, defaulting to 'none'.
2024-10-02 16:58:49 INFO  org.testng.internal.Utils - [XmlSuite] [WARN] 'parallel' value 'false' is no longer valid, defaulting to 'none'.
2024-10-02 16:59:25 INFO  org.testng.internal.Utils - [XmlSuite] [WARN] 'parallel' value 'false' is no longer valid, defaulting to 'none'.
2024-10-02 16:59:26 INFO  io.github.bonigarcia.wdm.WebDriverManager - Using chromedriver 129.0.6668.70 (resolved driver for Chrome 129)
2024-10-02 16:59:26 INFO  io.github.bonigarcia.wdm.WebDriverManager - Exporting webdriver.chrome.driver as C:\Users\iryna\.cache\selenium\chromedriver\win64\129.0.6668.70\chromedriver.exe
2024-10-02 16:59:27 INFO  utils.Hooks - Driver initialized
2024-10-02 16:59:29 INFO  ui.stepsdef.CommonSteps - Opened the homepage
2024-10-02 16:59:31 INFO  utils.Hooks - Driver quit
2024-10-02 17:01:38 INFO  org.testng.internal.Utils - [XmlSuite] [WARN] 'parallel' value 'false' is no longer valid, defaulting to 'none'.
2024-10-02 17:01:38 INFO  io.github.bonigarcia.wdm.WebDriverManager - Using chromedriver 129.0.6668.70 (resolved driver for Chrome 129)
2024-10-02 17:01:38 INFO  io.github.bonigarcia.wdm.WebDriverManager - Exporting webdriver.chrome.driver as C:\Users\iryna\.cache\selenium\chromedriver\win64\129.0.6668.70\chromedriver.exe
2024-10-02 17:01:39 INFO  utils.Hooks - Driver initialized
2024-10-02 17:01:43 INFO  ui.stepsdef.CommonSteps - Opened the homepage
2024-10-02 17:01:44 INFO  utils.Hooks - Driver quit
2024-10-02 17:24:37 INFO  org.testng.internal.Utils - [XmlSuite] [WARN] 'parallel' value 'false' is no longer valid, defaulting to 'none'.
2024-10-02 17:24:37 INFO  io.github.bonigarcia.wdm.WebDriverManager - Using chromedriver 129.0.6668.70 (resolved driver for Chrome 129)
2024-10-02 17:24:37 INFO  io.github.bonigarcia.wdm.WebDriverManager - Exporting webdriver.chrome.driver as C:\Users\iryna\.cache\selenium\chromedriver\win64\129.0.6668.70\chromedriver.exe
2024-10-02 17:24:38 INFO  utils.Hooks - Driver initialized
2024-10-02 17:24:40 INFO  ui.stepsdef.CommonSteps - Opened the homepage
2024-10-02 17:24:42 INFO  utils.Hooks - Driver quit
2024-10-02 17:26:09 INFO  io.github.bonigarcia.wdm.WebDriverManager - Using chromedriver 129.0.6668.70 (resolved driver for Chrome 129)
2024-10-02 17:26:09 INFO  io.github.bonigarcia.wdm.WebDriverManager - Exporting webdriver.chrome.driver as C:\Users\iryna\.cache\selenium\chromedriver\win64\129.0.6668.70\chromedriver.exe
2024-10-02 17:26:12 INFO  ui.stepsdef.CommonSteps - Opened the homepage
2024-10-02 17:37:44 INFO  io.github.bonigarcia.wdm.WebDriverManager - Using chromedriver 129.0.6668.70 (resolved driver for Chrome 129)
2024-10-02 17:37:44 INFO  io.github.bonigarcia.wdm.WebDriverManager - Exporting webdriver.chrome.driver as C:\Users\iryna\.cache\selenium\chromedriver\win64\129.0.6668.70\chromedriver.exe
2024-10-02 17:37:45 INFO  ui.stepsdef.CommonSteps - Opened the homepage
2024-10-02 17:42:50 INFO  io.github.bonigarcia.wdm.WebDriverManager - Using chromedriver 129.0.6668.70 (resolved driver for Chrome 129)
2024-10-02 17:42:50 INFO  io.github.bonigarcia.wdm.WebDriverManager - Exporting webdriver.chrome.driver as C:\Users\iryna\.cache\selenium\chromedriver\win64\129.0.6668.70\chromedriver.exe
2024-10-02 17:42:53 INFO  ui.stepsdef.CommonSteps - Opened the homepage
2024-10-02 19:04:27 INFO  io.github.bonigarcia.wdm.WebDriverManager - Using chromedriver 129.0.6668.70 (resolved driver for Chrome 129)
2024-10-02 19:04:27 INFO  io.github.bonigarcia.wdm.WebDriverManager - Exporting webdriver.chrome.driver as C:\Users\iryna\.cache\selenium\chromedriver\win64\129.0.6668.70\chromedriver.exe
2024-10-02 19:04:35 INFO  ui.stepsdef.CommonSteps - Opened the homepage
2024-10-02 19:04:35 INFO  ui.stepsdef.LoginSteps - Using existing user account from config
2024-10-02 19:11:04 INFO  io.github.bonigarcia.wdm.WebDriverManager - Using chromedriver 129.0.6668.70 (resolved driver for Chrome 129)
2024-10-02 19:11:04 INFO  io.github.bonigarcia.wdm.WebDriverManager - Exporting webdriver.chrome.driver as C:\Users\iryna\.cache\selenium\chromedriver\win64\129.0.6668.70\chromedriver.exe
2024-10-02 19:11:07 INFO  ui.stepsdef.CommonSteps - Opened the homepage
2024-10-02 19:11:07 INFO  ui.stepsdef.LoginSteps - Using existing user account from config
2024-10-02 19:47:46 INFO  io.github.bonigarcia.wdm.WebDriverManager - Using chromedriver 129.0.6668.70 (resolved driver for Chrome 129)
2024-10-02 19:47:46 INFO  io.github.bonigarcia.wdm.WebDriverManager - Exporting webdriver.chrome.driver as C:\Users\iryna\.cache\selenium\chromedriver\win64\129.0.6668.70\chromedriver.exe
2024-10-02 19:47:49 INFO  ui.stepsdef.CommonSteps - Opened the homepage
2024-10-02 19:47:49 INFO  ui.stepsdef.LoginSteps - Using existing user account from config
2024-10-02 19:48:52 INFO  org.testng.internal.Utils - [XmlSuite] [WARN] 'parallel' value 'false' is no longer valid, defaulting to 'none'.
2024-10-02 19:48:52 INFO  io.github.bonigarcia.wdm.WebDriverManager - Using chromedriver 129.0.6668.70 (resolved driver for Chrome 129)
2024-10-02 19:48:52 INFO  io.github.bonigarcia.wdm.WebDriverManager - Exporting webdriver.chrome.driver as C:\Users\iryna\.cache\selenium\chromedriver\win64\129.0.6668.70\chromedriver.exe
2024-10-02 19:48:53 INFO  utils.Hooks - Driver initialized
2024-10-02 19:48:55 INFO  ui.stepsdef.CommonSteps - Opened the homepage
2024-10-02 19:48:56 INFO  utils.Hooks - Driver quit
2024-10-02 19:51:06 INFO  org.testng.internal.Utils - [XmlSuite] [WARN] 'parallel' value 'false' is no longer valid, defaulting to 'none'.
2024-10-02 19:51:07 INFO  io.github.bonigarcia.wdm.WebDriverManager - Using chromedriver 129.0.6668.70 (resolved driver for Chrome 129)
2024-10-02 19:51:07 INFO  io.github.bonigarcia.wdm.WebDriverManager - Exporting webdriver.chrome.driver as C:\Users\iryna\.cache\selenium\chromedriver\win64\129.0.6668.70\chromedriver.exe
2024-10-02 19:51:08 INFO  utils.Hooks - Driver initialized
2024-10-02 19:51:09 INFO  ui.stepsdef.CommonSteps - Opened the homepage
2024-10-02 19:51:11 INFO  utils.Hooks - Driver quit
2024-10-02 19:51:34 INFO  org.testng.internal.Utils - [XmlSuite] [WARN] 'parallel' value 'false' is no longer valid, defaulting to 'none'.
2024-10-02 19:51:34 INFO  io.github.bonigarcia.wdm.WebDriverManager - Using chromedriver 129.0.6668.70 (resolved driver for Chrome 129)
2024-10-02 19:51:34 INFO  io.github.bonigarcia.wdm.WebDriverManager - Exporting webdriver.chrome.driver as C:\Users\iryna\.cache\selenium\chromedriver\win64\129.0.6668.70\chromedriver.exe
2024-10-02 19:51:35 INFO  utils.Hooks - Driver initialized
2024-10-02 19:51:37 INFO  ui.stepsdef.CommonSteps - Opened the homepage
2024-10-02 19:51:38 INFO  utils.Hooks - Driver quit
2024-10-02 19:51:55 INFO  io.github.bonigarcia.wdm.WebDriverManager - Using chromedriver 129.0.6668.70 (resolved driver for Chrome 129)
2024-10-02 19:51:55 INFO  io.github.bonigarcia.wdm.WebDriverManager - Exporting webdriver.chrome.driver as C:\Users\iryna\.cache\selenium\chromedriver\win64\129.0.6668.70\chromedriver.exe
2024-10-02 19:51:58 INFO  ui.stepsdef.CommonSteps - Opened the homepage
2024-10-02 19:52:44 INFO  org.testng.internal.Utils - [XmlSuite] [WARN] 'parallel' value 'false' is no longer valid, defaulting to 'none'.
2024-10-02 19:52:45 INFO  io.github.bonigarcia.wdm.WebDriverManager - Using chromedriver 129.0.6668.70 (resolved driver for Chrome 129)
2024-10-02 19:52:45 INFO  io.github.bonigarcia.wdm.WebDriverManager - Exporting webdriver.chrome.driver as C:\Users\iryna\.cache\selenium\chromedriver\win64\129.0.6668.70\chromedriver.exe
2024-10-02 19:52:45 INFO  utils.Hooks - Driver initialized
2024-10-02 19:52:47 INFO  ui.stepsdef.CommonSteps - Opened the homepage
2024-10-02 19:52:49 INFO  utils.Hooks - Driver quit
2024-10-02 19:55:15 INFO  io.github.bonigarcia.wdm.WebDriverManager - Using chromedriver 129.0.6668.70 (resolved driver for Chrome 129)
2024-10-02 19:55:15 INFO  io.github.bonigarcia.wdm.WebDriverManager - Exporting webdriver.chrome.driver as C:\Users\iryna\.cache\selenium\chromedriver\win64\129.0.6668.70\chromedriver.exe
2024-10-02 19:55:18 INFO  ui.stepsdef.CommonSteps - Opened the homepage
2024-10-02 19:56:59 INFO  io.github.bonigarcia.wdm.WebDriverManager - Using chromedriver 129.0.6668.70 (resolved driver for Chrome 129)
2024-10-02 19:56:59 INFO  io.github.bonigarcia.wdm.WebDriverManager - Exporting webdriver.chrome.driver as C:\Users\iryna\.cache\selenium\chromedriver\win64\129.0.6668.70\chromedriver.exe
2024-10-02 19:57:02 INFO  ui.stepsdef.CommonSteps - Opened the homepage
2024-10-02 19:57:26 INFO  io.github.bonigarcia.wdm.WebDriverManager - Using chromedriver 129.0.6668.70 (resolved driver for Chrome 129)
2024-10-02 19:57:26 INFO  io.github.bonigarcia.wdm.WebDriverManager - Exporting webdriver.chrome.driver as C:\Users\iryna\.cache\selenium\chromedriver\win64\129.0.6668.70\chromedriver.exe
2024-10-02 19:57:29 INFO  ui.stepsdef.CommonSteps - Opened the homepage
2024-10-02 19:57:54 INFO  io.github.bonigarcia.wdm.WebDriverManager - Using chromedriver 129.0.6668.70 (resolved driver for Chrome 129)
2024-10-02 19:57:54 INFO  io.github.bonigarcia.wdm.WebDriverManager - Exporting webdriver.chrome.driver as C:\Users\iryna\.cache\selenium\chromedriver\win64\129.0.6668.70\chromedriver.exe
2024-10-02 19:57:57 INFO  ui.stepsdef.CommonSteps - Opened the homepage
2024-10-02 19:59:34 INFO  io.github.bonigarcia.wdm.WebDriverManager - Using chromedriver 129.0.6668.70 (resolved driver for Chrome 129)
2024-10-02 19:59:34 INFO  io.github.bonigarcia.wdm.WebDriverManager - Exporting webdriver.chrome.driver as C:\Users\iryna\.cache\selenium\chromedriver\win64\129.0.6668.70\chromedriver.exe
2024-10-02 19:59:37 INFO  ui.stepsdef.CommonSteps - Opened the homepage
2024-10-02 20:00:01 INFO  org.testng.internal.Utils - [XmlSuite] [WARN] 'parallel' value 'false' is no longer valid, defaulting to 'none'.
2024-10-02 20:00:01 INFO  io.github.bonigarcia.wdm.WebDriverManager - Using chromedriver 129.0.6668.70 (resolved driver for Chrome 129)
2024-10-02 20:00:01 INFO  io.github.bonigarcia.wdm.WebDriverManager - Exporting webdriver.chrome.driver as C:\Users\iryna\.cache\selenium\chromedriver\win64\129.0.6668.70\chromedriver.exe
2024-10-02 20:00:02 INFO  utils.Hooks - Driver initialized
2024-10-02 20:00:04 INFO  ui.stepsdef.CommonSteps - Opened the homepage
2024-10-02 20:00:05 INFO  utils.Hooks - Driver quit
2024-10-02 20:01:31 INFO  org.testng.internal.Utils - [XmlSuite] [WARN] 'parallel' value 'false' is no longer valid, defaulting to 'none'.
2024-10-02 20:01:31 INFO  io.github.bonigarcia.wdm.WebDriverManager - Using chromedriver 129.0.6668.70 (resolved driver for Chrome 129)
2024-10-02 20:01:31 INFO  io.github.bonigarcia.wdm.WebDriverManager - Exporting webdriver.chrome.driver as C:\Users\iryna\.cache\selenium\chromedriver\win64\129.0.6668.70\chromedriver.exe
2024-10-02 20:01:32 INFO  utils.Hooks - Driver initialized
2024-10-02 20:01:34 INFO  ui.stepsdef.CommonSteps - Opened the homepage
2024-10-02 20:01:35 INFO  utils.Hooks - Driver quit
2024-10-02 20:02:10 INFO  org.testng.internal.Utils - [XmlSuite] [WARN] 'parallel' value 'false' is no longer valid, defaulting to 'none'.
2024-10-02 20:02:11 INFO  io.github.bonigarcia.wdm.WebDriverManager - Using chromedriver 129.0.6668.70 (resolved driver for Chrome 129)
2024-10-02 20:02:11 INFO  io.github.bonigarcia.wdm.WebDriverManager - Exporting webdriver.chrome.driver as C:\Users\iryna\.cache\selenium\chromedriver\win64\129.0.6668.70\chromedriver.exe
2024-10-02 20:02:11 INFO  utils.Hooks - Driver initialized
2024-10-02 20:02:13 INFO  ui.stepsdef.CommonSteps - Opened the homepage
2024-10-02 20:02:14 INFO  utils.Hooks - Driver quit
2024-10-02 20:04:18 INFO  org.testng.internal.Utils - [XmlSuite] [WARN] 'parallel' value 'false' is no longer valid, defaulting to 'none'.
2024-10-02 20:04:19 INFO  io.github.bonigarcia.wdm.WebDriverManager - Using chromedriver 129.0.6668.70 (resolved driver for Chrome 129)
2024-10-02 20:04:19 INFO  io.github.bonigarcia.wdm.WebDriverManager - Exporting webdriver.chrome.driver as C:\Users\iryna\.cache\selenium\chromedriver\win64\129.0.6668.70\chromedriver.exe
2024-10-02 20:04:20 INFO  utils.Hooks - Driver initialized
2024-10-02 20:04:22 INFO  ui.stepsdef.CommonSteps - Opened the homepage
2024-10-02 20:04:23 INFO  utils.Hooks - Driver quit
2024-10-02 21:07:14 INFO  org.testng.internal.Utils - [XmlSuite] [WARN] 'parallel' value 'false' is no longer valid, defaulting to 'none'.
2024-10-02 21:07:15 INFO  io.github.bonigarcia.wdm.WebDriverManager - Using chromedriver 129.0.6668.70 (resolved driver for Chrome 129)
2024-10-02 21:07:15 INFO  io.github.bonigarcia.wdm.WebDriverManager - Exporting webdriver.chrome.driver as C:\Users\iryna\.cache\selenium\chromedriver\win64\129.0.6668.70\chromedriver.exe
2024-10-02 21:07:16 INFO  utils.Hooks - Driver initialized
2024-10-02 21:07:18 INFO  ui.stepsdef.CommonSteps - Opened the homepage
2024-10-02 21:07:19 INFO  utils.Hooks - Driver quit
2024-10-02 21:25:43 INFO  org.testng.internal.Utils - [XmlSuite] [WARN] 'parallel' value 'false' is no longer valid, defaulting to 'none'.
2024-10-02 21:25:44 INFO  io.github.bonigarcia.wdm.WebDriverManager - Using chromedriver 129.0.6668.70 (resolved driver for Chrome 129)
2024-10-02 21:25:44 INFO  io.github.bonigarcia.wdm.WebDriverManager - Exporting webdriver.chrome.driver as C:\Users\iryna\.cache\selenium\chromedriver\win64\129.0.6668.70\chromedriver.exe
2024-10-02 21:25:45 INFO  utils.Hooks - Driver initialized
2024-10-02 21:25:47 INFO  ui.stepsdef.CommonSteps - Opened the homepage
2024-10-02 21:25:48 INFO  utils.Hooks - Driver quit
2024-10-02 21:28:52 INFO  org.testng.internal.Utils - [XmlSuite] [WARN] 'parallel' value 'false' is no longer valid, defaulting to 'none'.
2024-10-02 21:28:53 INFO  io.github.bonigarcia.wdm.WebDriverManager - Using geckodriver 0.35.0 (resolved driver for Firefox 129)
2024-10-02 21:28:53 INFO  io.github.bonigarcia.wdm.WebDriverManager - Reading https://raw.githubusercontent.com/bonigarcia/webdrivermanager/master/docs/mirror/geckodriver to seek geckodriver
2024-10-02 21:28:53 INFO  io.github.bonigarcia.wdm.online.Downloader - Downloading https://github.com/mozilla/geckodriver/releases/download/v0.35.0/geckodriver-v0.35.0-win64.zip
2024-10-02 21:28:54 INFO  io.github.bonigarcia.wdm.online.Downloader - Extracting driver from compressed file geckodriver-v0.35.0-win64.zip
2024-10-02 21:28:54 INFO  io.github.bonigarcia.wdm.WebDriverManager - Exporting webdriver.gecko.driver as C:\Users\iryna\.cache\selenium\geckodriver\win64\0.35.0\geckodriver.exe
2024-10-02 21:28:56 INFO  utils.Hooks - Driver initialized
2024-10-02 21:28:58 INFO  ui.stepsdef.CommonSteps - Opened the homepage
2024-10-02 21:28:59 INFO  utils.Hooks - Driver quit
2024-10-02 21:32:33 INFO  org.testng.internal.Utils - [XmlSuite] [WARN] 'parallel' value 'false' is no longer valid, defaulting to 'none'.
2024-10-02 21:32:34 INFO  io.github.bonigarcia.wdm.WebDriverManager - Using geckodriver 0.35.0 (resolved driver for Firefox 129)
2024-10-02 21:32:34 INFO  io.github.bonigarcia.wdm.WebDriverManager - Exporting webdriver.gecko.driver as C:\Users\iryna\.cache\selenium\geckodriver\win64\0.35.0\geckodriver.exe
2024-10-02 21:32:36 INFO  utils.Hooks - Driver initialized
2024-10-02 21:32:38 INFO  ui.stepsdef.CommonSteps - Opened the homepage
2024-10-02 21:32:38 INFO  utils.Hooks - Driver quit
2024-10-02 21:32:38 INFO  io.github.bonigarcia.wdm.WebDriverManager - Using geckodriver 0.35.0 (resolved driver for Firefox 129)
2024-10-02 21:32:38 INFO  io.github.bonigarcia.wdm.WebDriverManager - Exporting webdriver.gecko.driver as C:\Users\iryna\.cache\selenium\geckodriver\win64\0.35.0\geckodriver.exe
2024-10-02 21:32:40 INFO  utils.Hooks - Driver initialized
2024-10-02 21:32:42 INFO  ui.stepsdef.CommonSteps - Opened the homepage
2024-10-02 21:32:43 INFO  utils.Hooks - Driver quit
2024-10-02 21:32:43 INFO  io.github.bonigarcia.wdm.WebDriverManager - Using geckodriver 0.35.0 (resolved driver for Firefox 129)
2024-10-02 21:32:43 INFO  io.github.bonigarcia.wdm.WebDriverManager - Exporting webdriver.gecko.driver as C:\Users\iryna\.cache\selenium\geckodriver\win64\0.35.0\geckodriver.exe
2024-10-02 21:32:44 INFO  utils.Hooks - Driver initialized
2024-10-02 21:32:47 INFO  utils.Hooks - Driver quit
2024-10-02 21:32:47 INFO  io.github.bonigarcia.wdm.WebDriverManager - Using geckodriver 0.35.0 (resolved driver for Firefox 129)
2024-10-02 21:32:47 INFO  io.github.bonigarcia.wdm.WebDriverManager - Exporting webdriver.gecko.driver as C:\Users\iryna\.cache\selenium\geckodriver\win64\0.35.0\geckodriver.exe
2024-10-02 21:32:49 INFO  utils.Hooks - Driver initialized
2024-10-02 21:32:50 INFO  ui.stepsdef.CommonSteps - Opened the homepage
2024-10-02 21:32:51 INFO  utils.Hooks - Driver quit
2024-10-02 21:38:53 INFO  org.testng.internal.Utils - [XmlSuite] [WARN] 'parallel' value 'false' is no longer valid, defaulting to 'none'.
2024-10-02 21:38:53 INFO  io.github.bonigarcia.wdm.WebDriverManager - Using geckodriver 0.35.0 (resolved driver for Firefox 129)
2024-10-02 21:38:53 INFO  io.github.bonigarcia.wdm.WebDriverManager - Exporting webdriver.gecko.driver as C:\Users\iryna\.cache\selenium\geckodriver\win64\0.35.0\geckodriver.exe
2024-10-02 21:38:54 INFO  utils.Hooks - Driver quit
2024-10-02 21:38:54 INFO  io.github.bonigarcia.wdm.WebDriverManager - Using geckodriver 0.35.0 (resolved driver for Firefox 129)
2024-10-02 21:38:54 INFO  io.github.bonigarcia.wdm.WebDriverManager - Exporting webdriver.gecko.driver as C:\Users\iryna\.cache\selenium\geckodriver\win64\0.35.0\geckodriver.exe
2024-10-02 21:38:54 INFO  utils.Hooks - Driver quit
2024-10-02 21:38:54 INFO  io.github.bonigarcia.wdm.WebDriverManager - Using geckodriver 0.35.0 (resolved driver for Firefox 129)
2024-10-02 21:38:54 INFO  io.github.bonigarcia.wdm.WebDriverManager - Exporting webdriver.gecko.driver as C:\Users\iryna\.cache\selenium\geckodriver\win64\0.35.0\geckodriver.exe
2024-10-02 21:38:54 INFO  utils.Hooks - Driver quit
2024-10-02 21:38:54 INFO  io.github.bonigarcia.wdm.WebDriverManager - Using geckodriver 0.35.0 (resolved driver for Firefox 129)
2024-10-02 21:38:54 INFO  io.github.bonigarcia.wdm.WebDriverManager - Exporting webdriver.gecko.driver as C:\Users\iryna\.cache\selenium\geckodriver\win64\0.35.0\geckodriver.exe
2024-10-02 21:38:54 INFO  utils.Hooks - Driver quit
2024-10-02 21:42:22 INFO  org.testng.internal.Utils - [XmlSuite] [WARN] 'parallel' value 'false' is no longer valid, defaulting to 'none'.
2024-10-02 21:42:23 INFO  io.github.bonigarcia.wdm.WebDriverManager - Using chromedriver 129.0.6668.70 (resolved driver for Chrome 129)
2024-10-02 21:42:23 INFO  io.github.bonigarcia.wdm.WebDriverManager - Exporting webdriver.chrome.driver as C:\Users\iryna\.cache\selenium\chromedriver\win64\129.0.6668.70\chromedriver.exe
2024-10-02 21:42:24 INFO  utils.Hooks - Driver initialized
2024-10-02 21:42:26 INFO  ui.stepsdef.CommonSteps - Opened the homepage
2024-10-02 21:42:27 INFO  utils.Hooks - Driver quit
2024-10-02 21:42:27 INFO  io.github.bonigarcia.wdm.WebDriverManager - Using chromedriver 129.0.6668.70 (resolved driver for Chrome 129)
2024-10-02 21:42:27 INFO  io.github.bonigarcia.wdm.WebDriverManager - Exporting webdriver.chrome.driver as C:\Users\iryna\.cache\selenium\chromedriver\win64\129.0.6668.70\chromedriver.exe
2024-10-02 21:42:27 INFO  utils.Hooks - Driver initialized
2024-10-02 21:42:29 INFO  ui.stepsdef.CommonSteps - Opened the homepage
2024-10-02 21:42:31 INFO  utils.Hooks - Driver quit
2024-10-02 21:42:31 INFO  io.github.bonigarcia.wdm.WebDriverManager - Using chromedriver 129.0.6668.70 (resolved driver for Chrome 129)
2024-10-02 21:42:31 INFO  io.github.bonigarcia.wdm.WebDriverManager - Exporting webdriver.chrome.driver as C:\Users\iryna\.cache\selenium\chromedriver\win64\129.0.6668.70\chromedriver.exe
2024-10-02 21:42:31 INFO  utils.Hooks - Driver initialized
2024-10-02 21:42:34 INFO  utils.Hooks - Driver quit
2024-10-02 21:42:34 INFO  io.github.bonigarcia.wdm.WebDriverManager - Using chromedriver 129.0.6668.70 (resolved driver for Chrome 129)
2024-10-02 21:42:34 INFO  io.github.bonigarcia.wdm.WebDriverManager - Exporting webdriver.chrome.driver as C:\Users\iryna\.cache\selenium\chromedriver\win64\129.0.6668.70\chromedriver.exe
2024-10-02 21:42:35 INFO  utils.Hooks - Driver initialized
2024-10-02 21:42:37 INFO  ui.stepsdef.CommonSteps - Opened the homepage
2024-10-02 21:42:38 INFO  utils.Hooks - Driver quit
2024-10-02 21:43:33 INFO  io.github.bonigarcia.wdm.WebDriverManager - Using chromedriver 129.0.6668.70 (resolved driver for Chrome 129)
2024-10-02 21:43:33 INFO  io.github.bonigarcia.wdm.WebDriverManager - Exporting webdriver.chrome.driver as C:\Users\iryna\.cache\selenium\chromedriver\win64\129.0.6668.70\chromedriver.exe
2024-10-02 21:43:33 INFO  utils.Hooks - Driver initialized
2024-10-02 21:43:35 INFO  ui.stepsdef.CommonSteps - Opened the homepage
2024-10-02 21:43:36 INFO  utils.Hooks - Driver quit
2024-10-02 22:07:24 INFO  org.testng.internal.Utils - [XmlSuite] [WARN] 'parallel' value 'false' is no longer valid, defaulting to 'none'.
2024-10-02 22:07:25 INFO  io.github.bonigarcia.wdm.WebDriverManager - Using chromedriver 129.0.6668.70 (resolved driver for Chrome 129)
2024-10-02 22:07:25 INFO  io.github.bonigarcia.wdm.WebDriverManager - Exporting webdriver.chrome.driver as C:\Users\iryna\.cache\selenium\chromedriver\win64\129.0.6668.70\chromedriver.exe
2024-10-02 22:07:26 INFO  utils.Hooks - Driver initialized
2024-10-02 22:07:28 INFO  ui.stepsdef.CommonSteps - Opened the homepage
2024-10-02 22:07:29 INFO  utils.Hooks - Driver quit
2024-10-02 22:07:29 INFO  io.github.bonigarcia.wdm.WebDriverManager - Using chromedriver 129.0.6668.70 (resolved driver for Chrome 129)
2024-10-02 22:07:29 INFO  io.github.bonigarcia.wdm.WebDriverManager - Exporting webdriver.chrome.driver as C:\Users\iryna\.cache\selenium\chromedriver\win64\129.0.6668.70\chromedriver.exe
2024-10-02 22:07:30 INFO  utils.Hooks - Driver initialized
2024-10-02 22:07:31 INFO  ui.stepsdef.CommonSteps - Opened the homepage
2024-10-02 22:07:33 INFO  utils.Hooks - Driver quit
2024-10-02 22:07:33 INFO  io.github.bonigarcia.wdm.WebDriverManager - Using chromedriver 129.0.6668.70 (resolved driver for Chrome 129)
2024-10-02 22:07:33 INFO  io.github.bonigarcia.wdm.WebDriverManager - Exporting webdriver.chrome.driver as C:\Users\iryna\.cache\selenium\chromedriver\win64\129.0.6668.70\chromedriver.exe
2024-10-02 22:07:33 INFO  utils.Hooks - Driver initialized
2024-10-02 22:07:36 INFO  utils.Hooks - Driver quit
2024-10-02 22:07:36 INFO  io.github.bonigarcia.wdm.WebDriverManager - Using chromedriver 129.0.6668.70 (resolved driver for Chrome 129)
2024-10-02 22:07:36 INFO  io.github.bonigarcia.wdm.WebDriverManager - Exporting webdriver.chrome.driver as C:\Users\iryna\.cache\selenium\chromedriver\win64\129.0.6668.70\chromedriver.exe
2024-10-02 22:07:37 INFO  utils.Hooks - Driver initialized
2024-10-02 22:07:39 INFO  ui.stepsdef.CommonSteps - Opened the homepage
2024-10-02 22:07:40 INFO  utils.Hooks - Driver quit
2024-10-02 22:16:24 INFO  org.testng.internal.Utils - [XmlSuite] [WARN] 'parallel' value 'false' is no longer valid, defaulting to 'none'.
2024-10-02 22:16:25 INFO  io.github.bonigarcia.wdm.WebDriverManager - Using chromedriver 129.0.6668.70 (resolved driver for Chrome 129)
2024-10-02 22:16:25 INFO  io.github.bonigarcia.wdm.WebDriverManager - Exporting webdriver.chrome.driver as C:\Users\iryna\.cache\selenium\chromedriver\win64\129.0.6668.70\chromedriver.exe
2024-10-02 22:16:26 INFO  utils.Hooks - Driver initialized
2024-10-02 22:16:27 INFO  utils.Hooks - Navigated to base URL
2024-10-02 22:16:30 INFO  utils.Hooks - Popup window closed by clicking '����������' button
2024-10-02 22:16:31 INFO  ui.stepsdef.CommonSteps - Opened the homepage
2024-10-02 22:16:33 INFO  ui.stepsdef.CommonSteps - Clicked on Signup / Login link
2024-10-02 22:16:34 INFO  ui.stepsdef.LoginSteps - Entered valid login credentials
2024-10-02 22:16:34 INFO  utils.Hooks - Driver quit
2024-10-02 22:16:34 INFO  io.github.bonigarcia.wdm.WebDriverManager - Using chromedriver 129.0.6668.70 (resolved driver for Chrome 129)
2024-10-02 22:16:34 INFO  io.github.bonigarcia.wdm.WebDriverManager - Exporting webdriver.chrome.driver as C:\Users\iryna\.cache\selenium\chromedriver\win64\129.0.6668.70\chromedriver.exe
2024-10-02 22:16:34 INFO  utils.Hooks - Driver initialized
2024-10-02 22:16:36 INFO  utils.Hooks - Navigated to base URL
2024-10-02 22:16:38 INFO  utils.Hooks - Popup window closed by clicking '����������' button
2024-10-02 22:16:40 INFO  ui.stepsdef.CommonSteps - Opened the homepage
2024-10-02 22:16:41 INFO  ui.stepsdef.CommonSteps - Clicked on Signup / Login link
2024-10-02 22:16:42 INFO  ui.stepsdef.LoginSteps - Entered invalid login credentials
2024-10-02 22:16:42 INFO  utils.Hooks - Driver quit
2024-10-02 22:16:42 INFO  io.github.bonigarcia.wdm.WebDriverManager - Using chromedriver 129.0.6668.70 (resolved driver for Chrome 129)
2024-10-02 22:16:42 INFO  io.github.bonigarcia.wdm.WebDriverManager - Exporting webdriver.chrome.driver as C:\Users\iryna\.cache\selenium\chromedriver\win64\129.0.6668.70\chromedriver.exe
2024-10-02 22:16:42 INFO  utils.Hooks - Driver initialized
2024-10-02 22:16:44 INFO  utils.Hooks - Navigated to base URL
2024-10-02 22:16:46 INFO  utils.Hooks - Popup window closed by clicking '����������' button
2024-10-02 22:16:50 INFO  ui.stepsdef.LogoutSteps - Logged in as user
2024-10-02 22:16:51 INFO  ui.stepsdef.LogoutSteps - Clicked on Logout link
2024-10-02 22:16:51 ERROR ui.stepsdef.LogoutSteps - Not redirected to the homepage
2024-10-02 22:16:51 INFO  ui.stepsdef.LogoutSteps - User is not logged in
2024-10-02 22:16:51 INFO  utils.Hooks - Driver quit
2024-10-02 22:16:51 INFO  io.github.bonigarcia.wdm.WebDriverManager - Using chromedriver 129.0.6668.70 (resolved driver for Chrome 129)
2024-10-02 22:16:51 INFO  io.github.bonigarcia.wdm.WebDriverManager - Exporting webdriver.chrome.driver as C:\Users\iryna\.cache\selenium\chromedriver\win64\129.0.6668.70\chromedriver.exe
2024-10-02 22:16:52 INFO  utils.Hooks - Driver initialized
2024-10-02 22:16:53 INFO  utils.Hooks - Navigated to base URL
2024-10-02 22:16:55 INFO  utils.Hooks - Popup window closed by clicking '����������' button
2024-10-02 22:16:56 INFO  ui.stepsdef.CommonSteps - Opened the homepage
2024-10-02 22:16:59 INFO  ui.stepsdef.CommonSteps - Clicked on Signup / Login link
2024-10-02 22:16:59 INFO  ui.stepsdef.RegistrationSteps - Entered signup name: Colin and email: austin.hand@hotmail.com
2024-10-02 22:16:59 INFO  utils.Hooks - Driver quit
2024-10-02 22:19:08 INFO  org.testng.internal.Utils - [XmlSuite] [WARN] 'parallel' value 'false' is no longer valid, defaulting to 'none'.
2024-10-02 22:19:09 INFO  io.github.bonigarcia.wdm.WebDriverManager - Using chromedriver 129.0.6668.70 (resolved driver for Chrome 129)
2024-10-02 22:19:09 INFO  io.github.bonigarcia.wdm.WebDriverManager - Exporting webdriver.chrome.driver as C:\Users\iryna\.cache\selenium\chromedriver\win64\129.0.6668.70\chromedriver.exe
2024-10-02 22:19:09 INFO  utils.Hooks - Driver initialized
2024-10-02 22:19:11 INFO  utils.Hooks - Navigated to base URL
2024-10-02 22:19:13 INFO  utils.Hooks - Popup window closed by clicking '����������' button
2024-10-02 22:19:15 INFO  ui.stepsdef.CommonSteps - Opened the homepage
2024-10-02 22:19:15 INFO  ui.stepsdef.CommonSteps - Clicked on Signup / Login link
2024-10-02 22:19:16 INFO  ui.stepsdef.LoginSteps - Entered valid login credentials
2024-10-02 22:19:16 INFO  utils.Hooks - Driver quit
2024-10-02 22:19:16 INFO  io.github.bonigarcia.wdm.WebDriverManager - Using chromedriver 129.0.6668.70 (resolved driver for Chrome 129)
2024-10-02 22:19:16 INFO  io.github.bonigarcia.wdm.WebDriverManager - Exporting webdriver.chrome.driver as C:\Users\iryna\.cache\selenium\chromedriver\win64\129.0.6668.70\chromedriver.exe
2024-10-02 22:19:17 INFO  utils.Hooks - Driver initialized
2024-10-02 22:19:19 INFO  utils.Hooks - Navigated to base URL
2024-10-02 22:19:21 INFO  utils.Hooks - Popup window closed by clicking '����������' button
2024-10-02 22:19:23 INFO  ui.stepsdef.CommonSteps - Opened the homepage
2024-10-02 22:19:25 INFO  ui.stepsdef.CommonSteps - Clicked on Signup / Login link
2024-10-02 22:19:25 INFO  ui.stepsdef.LoginSteps - Entered invalid login credentials
2024-10-02 22:19:25 INFO  utils.Hooks - Driver quit
2024-10-02 22:19:25 INFO  io.github.bonigarcia.wdm.WebDriverManager - Using chromedriver 129.0.6668.70 (resolved driver for Chrome 129)
2024-10-02 22:19:25 INFO  io.github.bonigarcia.wdm.WebDriverManager - Exporting webdriver.chrome.driver as C:\Users\iryna\.cache\selenium\chromedriver\win64\129.0.6668.70\chromedriver.exe
2024-10-02 22:19:25 INFO  utils.Hooks - Driver initialized
2024-10-02 22:19:27 INFO  utils.Hooks - Navigated to base URL
2024-10-02 22:19:29 INFO  utils.Hooks - Popup window closed by clicking '����������' button
2024-10-02 22:19:34 INFO  ui.stepsdef.LogoutSteps - Logged in as user
2024-10-02 22:19:36 INFO  ui.stepsdef.LogoutSteps - Clicked on Logout link
2024-10-02 22:19:36 ERROR ui.stepsdef.LogoutSteps - Not redirected to the homepage
2024-10-02 22:19:36 INFO  ui.stepsdef.LogoutSteps - User is not logged in
2024-10-02 22:19:36 INFO  utils.Hooks - Driver quit
2024-10-02 22:19:36 INFO  io.github.bonigarcia.wdm.WebDriverManager - Using chromedriver 129.0.6668.70 (resolved driver for Chrome 129)
2024-10-02 22:19:36 INFO  io.github.bonigarcia.wdm.WebDriverManager - Exporting webdriver.chrome.driver as C:\Users\iryna\.cache\selenium\chromedriver\win64\129.0.6668.70\chromedriver.exe
2024-10-02 22:19:36 INFO  utils.Hooks - Driver initialized
2024-10-02 22:19:38 INFO  utils.Hooks - Navigated to base URL
2024-10-02 22:19:40 INFO  utils.Hooks - Popup window closed by clicking '����������' button
2024-10-02 22:19:42 INFO  ui.stepsdef.CommonSteps - Opened the homepage
2024-10-02 22:19:44 INFO  ui.stepsdef.CommonSteps - Clicked on Signup / Login link
2024-10-02 22:19:44 INFO  ui.stepsdef.RegistrationSteps - Entered signup name: Felica and email: freddie.sawayn@hotmail.com
2024-10-02 22:19:44 INFO  utils.Hooks - Driver quit
2024-10-02 22:35:44 INFO  org.testng.internal.Utils - [XmlSuite] [WARN] 'parallel' value 'false' is no longer valid, defaulting to 'none'.
2024-10-02 22:35:45 INFO  io.github.bonigarcia.wdm.WebDriverManager - Using chromedriver 129.0.6668.70 (resolved driver for Chrome 129)
2024-10-02 22:35:45 INFO  io.github.bonigarcia.wdm.WebDriverManager - Exporting webdriver.chrome.driver as C:\Users\iryna\.cache\selenium\chromedriver\win64\129.0.6668.70\chromedriver.exe
2024-10-02 22:35:45 INFO  utils.Hooks - Driver initialized
2024-10-02 22:35:47 INFO  utils.Hooks - Navigated to base URL
2024-10-02 22:35:49 INFO  utils.Hooks - Popup window closed by clicking '����������' button
2024-10-02 22:35:50 INFO  ui.stepsdef.CommonSteps - Opened the homepage
2024-10-02 22:35:52 INFO  ui.stepsdef.CommonSteps - Clicked on Signup / Login link
2024-10-02 22:35:52 INFO  ui.stepsdef.LoginSteps - Entered valid login credentials
2024-10-02 22:35:52 INFO  ui.stepsdef.CommonSteps - Clicking login button
2024-10-02 22:35:52 INFO  utils.Hooks - Driver quit
2024-10-02 22:35:52 INFO  io.github.bonigarcia.wdm.WebDriverManager - Using chromedriver 129.0.6668.70 (resolved driver for Chrome 129)
2024-10-02 22:35:52 INFO  io.github.bonigarcia.wdm.WebDriverManager - Exporting webdriver.chrome.driver as C:\Users\iryna\.cache\selenium\chromedriver\win64\129.0.6668.70\chromedriver.exe
2024-10-02 22:35:53 INFO  utils.Hooks - Driver initialized
2024-10-02 22:35:55 INFO  utils.Hooks - Navigated to base URL
2024-10-02 22:35:57 INFO  utils.Hooks - Popup window closed by clicking '����������' button
2024-10-02 22:35:59 INFO  ui.stepsdef.CommonSteps - Opened the homepage
2024-10-02 22:36:00 INFO  ui.stepsdef.CommonSteps - Clicked on Signup / Login link
2024-10-02 22:36:00 INFO  ui.stepsdef.LoginSteps - Entered invalid login credentials
2024-10-02 22:36:00 INFO  ui.stepsdef.CommonSteps - Clicking login button
2024-10-02 22:36:00 INFO  utils.Hooks - Driver quit
2024-10-02 22:36:00 INFO  io.github.bonigarcia.wdm.WebDriverManager - Using chromedriver 129.0.6668.70 (resolved driver for Chrome 129)
2024-10-02 22:36:00 INFO  io.github.bonigarcia.wdm.WebDriverManager - Exporting webdriver.chrome.driver as C:\Users\iryna\.cache\selenium\chromedriver\win64\129.0.6668.70\chromedriver.exe
2024-10-02 22:36:01 INFO  utils.Hooks - Driver initialized
2024-10-02 22:36:02 INFO  utils.Hooks - Navigated to base URL
2024-10-02 22:36:04 INFO  utils.Hooks - Popup window closed by clicking '����������' button
2024-10-02 22:36:09 INFO  ui.stepsdef.LogoutSteps - Logged in as user
2024-10-02 22:36:10 INFO  ui.stepsdef.LogoutSteps - Clicked on Logout link
2024-10-02 22:36:10 ERROR ui.stepsdef.LogoutSteps - Not redirected to the homepage
2024-10-02 22:36:10 INFO  ui.stepsdef.LogoutSteps - User is not logged in
2024-10-02 22:36:10 INFO  utils.Hooks - Driver quit
2024-10-02 22:36:10 INFO  io.github.bonigarcia.wdm.WebDriverManager - Using chromedriver 129.0.6668.70 (resolved driver for Chrome 129)
2024-10-02 22:36:10 INFO  io.github.bonigarcia.wdm.WebDriverManager - Exporting webdriver.chrome.driver as C:\Users\iryna\.cache\selenium\chromedriver\win64\129.0.6668.70\chromedriver.exe
2024-10-02 22:36:11 INFO  utils.Hooks - Driver initialized
2024-10-02 22:36:12 INFO  utils.Hooks - Navigated to base URL
2024-10-02 22:36:14 INFO  utils.Hooks - Popup window closed by clicking '����������' button
2024-10-02 22:36:15 INFO  ui.stepsdef.CommonSteps - Opened the homepage
2024-10-02 22:36:17 INFO  ui.stepsdef.CommonSteps - Clicked on Signup / Login link
2024-10-02 22:36:17 INFO  ui.stepsdef.RegistrationSteps - Entered signup name: Myung and email: cory.howell@hotmail.com
2024-10-02 22:36:17 INFO  utils.Hooks - Driver quit
2024-10-02 22:42:37 INFO  org.testng.internal.Utils - [XmlSuite] [WARN] 'parallel' value 'false' is no longer valid, defaulting to 'none'.
2024-10-02 22:42:37 INFO  io.github.bonigarcia.wdm.WebDriverManager - Using chromedriver 129.0.6668.70 (resolved driver for Chrome 129)
2024-10-02 22:42:37 INFO  io.github.bonigarcia.wdm.WebDriverManager - Exporting webdriver.chrome.driver as C:\Users\iryna\.cache\selenium\chromedriver\win64\129.0.6668.70\chromedriver.exe
2024-10-02 22:42:38 INFO  utils.Hooks - Driver initialized
2024-10-02 22:42:40 INFO  utils.Hooks - Navigated to base URL
2024-10-02 22:42:42 INFO  utils.Hooks - Popup window closed by clicking '����������' button
2024-10-02 22:42:44 INFO  ui.stepsdef.CommonSteps - Opened the homepage
2024-10-02 22:42:45 INFO  ui.stepsdef.CommonSteps - Clicked on Signup / Login link
2024-10-02 22:42:45 INFO  ui.stepsdef.LoginSteps - Entered valid login credentials
2024-10-02 22:42:45 INFO  ui.stepsdef.CommonSteps - Clicking login button
2024-10-02 22:42:45 INFO  utils.Hooks - Driver quit
2024-10-02 22:42:46 INFO  io.github.bonigarcia.wdm.WebDriverManager - Using chromedriver 129.0.6668.70 (resolved driver for Chrome 129)
2024-10-02 22:42:46 INFO  io.github.bonigarcia.wdm.WebDriverManager - Exporting webdriver.chrome.driver as C:\Users\iryna\.cache\selenium\chromedriver\win64\129.0.6668.70\chromedriver.exe
2024-10-02 22:42:46 INFO  utils.Hooks - Driver initialized
2024-10-02 22:42:47 INFO  utils.Hooks - Navigated to base URL
2024-10-02 22:42:49 INFO  utils.Hooks - Popup window closed by clicking '����������' button
2024-10-02 22:42:51 INFO  ui.stepsdef.CommonSteps - Opened the homepage
2024-10-02 22:42:52 INFO  ui.stepsdef.CommonSteps - Clicked on Signup / Login link
2024-10-02 22:42:52 INFO  ui.stepsdef.LoginSteps - Entered invalid login credentials
2024-10-02 22:42:52 INFO  ui.stepsdef.CommonSteps - Clicking login button
2024-10-02 22:42:52 INFO  utils.Hooks - Driver quit
2024-10-02 22:42:52 INFO  io.github.bonigarcia.wdm.WebDriverManager - Using chromedriver 129.0.6668.70 (resolved driver for Chrome 129)
2024-10-02 22:42:52 INFO  io.github.bonigarcia.wdm.WebDriverManager - Exporting webdriver.chrome.driver as C:\Users\iryna\.cache\selenium\chromedriver\win64\129.0.6668.70\chromedriver.exe
2024-10-02 22:42:53 INFO  utils.Hooks - Driver initialized
2024-10-02 22:42:55 INFO  utils.Hooks - Navigated to base URL
2024-10-02 22:42:57 INFO  utils.Hooks - Popup window closed by clicking '����������' button
2024-10-02 22:43:02 INFO  ui.stepsdef.LogoutSteps - Logged in as user
2024-10-02 22:43:03 INFO  ui.stepsdef.LogoutSteps - Clicked on Logout link
2024-10-02 22:43:03 ERROR ui.stepsdef.LogoutSteps - Not redirected to the homepage
2024-10-02 22:43:03 INFO  ui.stepsdef.LogoutSteps - User is not logged in
2024-10-02 22:43:03 INFO  utils.Hooks - Driver quit
2024-10-02 22:43:03 INFO  io.github.bonigarcia.wdm.WebDriverManager - Using chromedriver 129.0.6668.70 (resolved driver for Chrome 129)
2024-10-02 22:43:03 INFO  io.github.bonigarcia.wdm.WebDriverManager - Exporting webdriver.chrome.driver as C:\Users\iryna\.cache\selenium\chromedriver\win64\129.0.6668.70\chromedriver.exe
2024-10-02 22:43:03 INFO  utils.Hooks - Driver initialized
2024-10-02 22:43:05 INFO  utils.Hooks - Navigated to base URL
2024-10-02 22:43:07 INFO  utils.Hooks - Popup window closed by clicking '����������' button
2024-10-02 22:43:09 INFO  ui.stepsdef.CommonSteps - Opened the homepage
2024-10-02 22:43:10 INFO  ui.stepsdef.CommonSteps - Clicked on Signup / Login link
2024-10-02 22:43:10 INFO  ui.stepsdef.RegistrationSteps - Entered signup name: Francesco and email: ileana.boyle@yahoo.com
2024-10-02 22:43:10 INFO  utils.Hooks - Driver quit
2024-10-02 22:50:14 INFO  org.testng.internal.Utils - [XmlSuite] [WARN] 'parallel' value 'false' is no longer valid, defaulting to 'none'.
2024-10-02 22:50:14 INFO  io.github.bonigarcia.wdm.WebDriverManager - Using chromedriver 129.0.6668.70 (resolved driver for Chrome 129)
2024-10-02 22:50:14 INFO  io.github.bonigarcia.wdm.WebDriverManager - Exporting webdriver.chrome.driver as C:\Users\iryna\.cache\selenium\chromedriver\win64\129.0.6668.70\chromedriver.exe
2024-10-02 22:50:15 INFO  utils.Hooks - Driver initialized
2024-10-02 22:50:17 INFO  utils.Hooks - Navigated to base URL
2024-10-02 22:50:19 INFO  utils.Hooks - Popup window closed by clicking '����������' button
2024-10-02 22:50:21 INFO  ui.stepsdef.CommonSteps - Opened the homepage
2024-10-02 22:50:21 INFO  utils.Hooks - Driver quit
2024-10-02 22:50:22 INFO  io.github.bonigarcia.wdm.WebDriverManager - Using chromedriver 129.0.6668.70 (resolved driver for Chrome 129)
2024-10-02 22:50:22 INFO  io.github.bonigarcia.wdm.WebDriverManager - Exporting webdriver.chrome.driver as C:\Users\iryna\.cache\selenium\chromedriver\win64\129.0.6668.70\chromedriver.exe
2024-10-02 22:50:22 INFO  utils.Hooks - Driver initialized
2024-10-02 22:50:24 INFO  utils.Hooks - Navigated to base URL
2024-10-02 22:50:26 INFO  utils.Hooks - Popup window closed by clicking '����������' button
2024-10-02 22:50:28 INFO  ui.stepsdef.CommonSteps - Opened the homepage
2024-10-02 22:50:29 INFO  ui.stepsdef.CommonSteps - Clicked on Signup / Login link
2024-10-02 22:50:30 INFO  ui.stepsdef.LoginSteps - Entered invalid login credentials
2024-10-02 22:50:30 INFO  ui.stepsdef.CommonSteps - Clicking login button
2024-10-02 22:50:31 INFO  ui.stepsdef.LoginSteps - Error message is displayed: Your email or password is incorrect!
2024-10-02 22:50:31 INFO  utils.Hooks - Driver quit
2024-10-02 22:50:31 INFO  io.github.bonigarcia.wdm.WebDriverManager - Using chromedriver 129.0.6668.70 (resolved driver for Chrome 129)
2024-10-02 22:50:31 INFO  io.github.bonigarcia.wdm.WebDriverManager - Exporting webdriver.chrome.driver as C:\Users\iryna\.cache\selenium\chromedriver\win64\129.0.6668.70\chromedriver.exe
2024-10-02 22:50:32 INFO  utils.Hooks - Driver initialized
2024-10-02 22:50:34 INFO  utils.Hooks - Navigated to base URL
2024-10-02 22:50:36 INFO  utils.Hooks - Popup window closed by clicking '����������' button
2024-10-02 22:50:41 INFO  ui.stepsdef.LogoutSteps - Logged in as user
2024-10-02 22:50:42 INFO  ui.stepsdef.LogoutSteps - Clicked on Logout link
2024-10-02 22:50:42 ERROR ui.stepsdef.LogoutSteps - Not redirected to the homepage
2024-10-02 22:50:42 INFO  ui.stepsdef.LogoutSteps - User is not logged in
2024-10-02 22:50:42 INFO  utils.Hooks - Driver quit
2024-10-02 22:50:42 INFO  io.github.bonigarcia.wdm.WebDriverManager - Using chromedriver 129.0.6668.70 (resolved driver for Chrome 129)
2024-10-02 22:50:42 INFO  io.github.bonigarcia.wdm.WebDriverManager - Exporting webdriver.chrome.driver as C:\Users\iryna\.cache\selenium\chromedriver\win64\129.0.6668.70\chromedriver.exe
2024-10-02 22:50:43 INFO  utils.Hooks - Driver initialized
2024-10-02 22:50:45 INFO  utils.Hooks - Navigated to base URL
2024-10-02 22:50:47 INFO  utils.Hooks - Popup window closed by clicking '����������' button
2024-10-02 22:50:48 INFO  ui.stepsdef.CommonSteps - Opened the homepage
2024-10-02 22:50:49 INFO  ui.stepsdef.CommonSteps - Clicked on Signup / Login link
2024-10-02 22:50:49 INFO  ui.stepsdef.RegistrationSteps - Entered signup name: Rory and email: mickie.vandervort@gmail.com
2024-10-02 22:50:51 INFO  ui.stepsdef.CommonSteps - Clicked on Signup button
2024-10-02 22:50:52 INFO  ui.stepsdef.RegistrationSteps - Filled out registration form with faker data
2024-10-02 22:50:53 INFO  ui.stepsdef.RegistrationSteps - Submitted the registration form
2024-10-02 22:50:53 INFO  ui.stepsdef.RegistrationSteps - Expected message is displayed: ACCOUNT CREATED!
2024-10-02 22:50:55 INFO  ui.stepsdef.RegistrationSteps - Clicked on button: Continue
2024-10-02 22:50:55 INFO  ui.stepsdef.RegistrationSteps - User is logged in
2024-10-02 22:50:55 INFO  utils.Hooks - Driver quit
2024-10-02 23:04:05 INFO  org.testng.internal.Utils - [XmlSuite] [WARN] 'parallel' value 'false' is no longer valid, defaulting to 'none'.
2024-10-02 23:04:05 INFO  io.github.bonigarcia.wdm.WebDriverManager - Using chromedriver 129.0.6668.70 (resolved driver for Chrome 129)
2024-10-02 23:04:05 INFO  io.github.bonigarcia.wdm.WebDriverManager - Exporting webdriver.chrome.driver as C:\Users\iryna\.cache\selenium\chromedriver\win64\129.0.6668.70\chromedriver.exe
2024-10-02 23:04:06 INFO  utils.Hooks - Driver initialized
2024-10-02 23:04:08 INFO  utils.Hooks - Navigated to base URL
2024-10-02 23:04:10 INFO  utils.Hooks - Popup window closed by clicking '����������' button
2024-10-02 23:04:11 INFO  ui.stepsdef.CommonSteps - Opened the homepage
2024-10-02 23:04:13 INFO  ui.stepsdef.CommonSteps - Clicked on Signup / Login link
2024-10-02 23:04:13 INFO  ui.stepsdef.LoginSteps - Entered valid login credentials
2024-10-02 23:04:13 INFO  ui.stepsdef.CommonSteps - Clicking login button
2024-10-02 23:04:14 INFO  ui.stepsdef.LoginSteps - User is logged in
2024-10-02 23:04:15 INFO  utils.Hooks - Driver quit
2024-10-02 23:04:15 INFO  io.github.bonigarcia.wdm.WebDriverManager - Using chromedriver 129.0.6668.70 (resolved driver for Chrome 129)
2024-10-02 23:04:15 INFO  io.github.bonigarcia.wdm.WebDriverManager - Exporting webdriver.chrome.driver as C:\Users\iryna\.cache\selenium\chromedriver\win64\129.0.6668.70\chromedriver.exe
2024-10-02 23:04:15 INFO  utils.Hooks - Driver initialized
2024-10-02 23:04:17 INFO  utils.Hooks - Navigated to base URL
2024-10-02 23:04:19 INFO  utils.Hooks - Popup window closed by clicking '����������' button
2024-10-02 23:04:21 INFO  ui.stepsdef.CommonSteps - Opened the homepage
2024-10-02 23:04:22 INFO  ui.stepsdef.CommonSteps - Clicked on Signup / Login link
2024-10-02 23:04:23 INFO  ui.stepsdef.LoginSteps - Entered invalid login credentials
2024-10-02 23:04:23 INFO  ui.stepsdef.CommonSteps - Clicking login button
2024-10-02 23:04:24 INFO  ui.stepsdef.LoginSteps - Error message is displayed: Your email or password is incorrect!
2024-10-02 23:04:24 INFO  utils.Hooks - Driver quit
2024-10-02 23:04:24 INFO  io.github.bonigarcia.wdm.WebDriverManager - Using chromedriver 129.0.6668.70 (resolved driver for Chrome 129)
2024-10-02 23:04:24 INFO  io.github.bonigarcia.wdm.WebDriverManager - Exporting webdriver.chrome.driver as C:\Users\iryna\.cache\selenium\chromedriver\win64\129.0.6668.70\chromedriver.exe
2024-10-02 23:04:24 INFO  utils.Hooks - Driver initialized
2024-10-02 23:04:26 INFO  utils.Hooks - Navigated to base URL
2024-10-02 23:04:28 INFO  utils.Hooks - Popup window closed by clicking '����������' button
2024-10-02 23:04:33 INFO  ui.stepsdef.LogoutSteps - Logged in as user
2024-10-02 23:04:34 INFO  ui.stepsdef.LogoutSteps - Clicked on Logout link
2024-10-02 23:04:34 ERROR ui.stepsdef.LogoutSteps - Not redirected to the homepage
2024-10-02 23:04:34 INFO  ui.stepsdef.LogoutSteps - User is not logged in
2024-10-02 23:04:34 INFO  utils.Hooks - Driver quit
2024-10-02 23:04:34 INFO  io.github.bonigarcia.wdm.WebDriverManager - Using chromedriver 129.0.6668.70 (resolved driver for Chrome 129)
2024-10-02 23:04:34 INFO  io.github.bonigarcia.wdm.WebDriverManager - Exporting webdriver.chrome.driver as C:\Users\iryna\.cache\selenium\chromedriver\win64\129.0.6668.70\chromedriver.exe
2024-10-02 23:04:35 INFO  utils.Hooks - Driver initialized
2024-10-02 23:04:36 INFO  utils.Hooks - Navigated to base URL
2024-10-02 23:04:38 INFO  utils.Hooks - Popup window closed by clicking '����������' button
2024-10-02 23:04:41 INFO  ui.stepsdef.CommonSteps - Opened the homepage
2024-10-02 23:04:42 INFO  ui.stepsdef.CommonSteps - Clicked on Signup / Login link
2024-10-02 23:04:42 INFO  ui.stepsdef.RegistrationSteps - Entered signup name: Cordia and email: monserrate.boyer@hotmail.com
2024-10-02 23:04:44 INFO  ui.stepsdef.CommonSteps - Clicked on Signup button
2024-10-02 23:04:45 INFO  ui.stepsdef.RegistrationSteps - Filled out registration form with faker data
2024-10-02 23:04:46 INFO  ui.stepsdef.RegistrationSteps - Submitted the registration form
2024-10-02 23:04:46 INFO  ui.stepsdef.RegistrationSteps - Expected message is displayed: ACCOUNT CREATED!
2024-10-02 23:04:47 INFO  ui.stepsdef.RegistrationSteps - Clicked on button: Continue
2024-10-02 23:04:47 INFO  ui.stepsdef.RegistrationSteps - User is logged in
2024-10-02 23:04:47 INFO  utils.Hooks - Driver quit
2024-10-02 23:05:12 INFO  io.github.bonigarcia.wdm.WebDriverManager - Using chromedriver 129.0.6668.70 (resolved driver for Chrome 129)
2024-10-02 23:05:12 INFO  io.github.bonigarcia.wdm.WebDriverManager - Exporting webdriver.chrome.driver as C:\Users\iryna\.cache\selenium\chromedriver\win64\129.0.6668.70\chromedriver.exe
2024-10-02 23:05:12 INFO  utils.Hooks - Driver initialized
2024-10-02 23:05:14 INFO  utils.Hooks - Navigated to base URL
2024-10-02 23:05:16 INFO  utils.Hooks - Popup window closed by clicking 'Соглашаюсь' button
2024-10-02 23:05:18 INFO  ui.stepsdef.CommonSteps - Opened the homepage
2024-10-02 23:05:20 INFO  ui.stepsdef.CommonSteps - Clicked on Signup / Login link
2024-10-02 23:05:20 INFO  ui.stepsdef.LoginSteps - Entered invalid login credentials
2024-10-02 23:05:20 INFO  ui.stepsdef.CommonSteps - Clicking login button
2024-10-02 23:05:22 INFO  ui.stepsdef.LoginSteps - Error message is displayed: Your email or password is incorrect!
2024-10-02 23:05:22 INFO  utils.Hooks - Driver quit
2024-10-02 23:10:03 INFO  org.testng.internal.Utils - [XmlSuite] [WARN] 'parallel' value 'false' is no longer valid, defaulting to 'none'.
2024-10-02 23:10:04 INFO  io.github.bonigarcia.wdm.WebDriverManager - Using chromedriver 129.0.6668.70 (resolved driver for Chrome 129)
2024-10-02 23:10:04 INFO  io.github.bonigarcia.wdm.WebDriverManager - Exporting webdriver.chrome.driver as C:\Users\iryna\.cache\selenium\chromedriver\win64\129.0.6668.70\chromedriver.exe
2024-10-02 23:10:05 INFO  utils.Hooks - Driver initialized
2024-10-02 23:10:07 INFO  utils.Hooks - Navigated to base URL
2024-10-02 23:10:09 INFO  utils.Hooks - Popup window closed by clicking '����������' button
2024-10-02 23:10:11 INFO  ui.stepsdef.CommonSteps - Opened the homepage
2024-10-02 23:10:12 INFO  ui.stepsdef.CommonSteps - Clicked on Signup / Login link
2024-10-02 23:10:12 INFO  ui.stepsdef.LoginSteps - Entered valid login credentials
2024-10-02 23:10:12 INFO  ui.stepsdef.CommonSteps - Clicking login button
2024-10-02 23:10:13 INFO  ui.stepsdef.LoginSteps - User is logged in
2024-10-02 23:10:13 INFO  utils.Hooks - Driver quit
2024-10-02 23:10:13 INFO  io.github.bonigarcia.wdm.WebDriverManager - Using chromedriver 129.0.6668.70 (resolved driver for Chrome 129)
2024-10-02 23:10:14 INFO  io.github.bonigarcia.wdm.WebDriverManager - Exporting webdriver.chrome.driver as C:\Users\iryna\.cache\selenium\chromedriver\win64\129.0.6668.70\chromedriver.exe
2024-10-02 23:10:14 INFO  utils.Hooks - Driver initialized
2024-10-02 23:10:15 INFO  utils.Hooks - Navigated to base URL
2024-10-02 23:10:18 INFO  utils.Hooks - Popup window closed by clicking '����������' button
2024-10-02 23:10:19 INFO  ui.stepsdef.CommonSteps - Opened the homepage
2024-10-02 23:10:20 INFO  ui.stepsdef.CommonSteps - Clicked on Signup / Login link
2024-10-02 23:10:20 INFO  ui.stepsdef.LoginSteps - Entered invalid login credentials
2024-10-02 23:10:20 INFO  ui.stepsdef.CommonSteps - Clicking login button
2024-10-02 23:10:21 INFO  ui.stepsdef.LoginSteps - Error message is displayed: Your email or password is incorrect!
2024-10-02 23:10:21 INFO  utils.Hooks - Driver quit
2024-10-02 23:10:21 INFO  io.github.bonigarcia.wdm.WebDriverManager - Using chromedriver 129.0.6668.70 (resolved driver for Chrome 129)
2024-10-02 23:10:21 INFO  io.github.bonigarcia.wdm.WebDriverManager - Exporting webdriver.chrome.driver as C:\Users\iryna\.cache\selenium\chromedriver\win64\129.0.6668.70\chromedriver.exe
2024-10-02 23:10:22 INFO  utils.Hooks - Driver initialized
2024-10-02 23:10:24 INFO  utils.Hooks - Navigated to base URL
2024-10-02 23:10:26 INFO  utils.Hooks - Popup window closed by clicking '����������' button
2024-10-02 23:10:31 INFO  ui.stepsdef.LogoutSteps - Logged in as user
2024-10-02 23:10:32 INFO  ui.stepsdef.LogoutSteps - Clicked on Logout link
2024-10-02 23:10:32 ERROR ui.stepsdef.LogoutSteps - Not redirected to the homepage
2024-10-02 23:10:32 INFO  ui.stepsdef.LogoutSteps - User is not logged in
2024-10-02 23:10:32 INFO  utils.Hooks - Driver quit
2024-10-02 23:10:32 INFO  io.github.bonigarcia.wdm.WebDriverManager - Using chromedriver 129.0.6668.70 (resolved driver for Chrome 129)
2024-10-02 23:10:32 INFO  io.github.bonigarcia.wdm.WebDriverManager - Exporting webdriver.chrome.driver as C:\Users\iryna\.cache\selenium\chromedriver\win64\129.0.6668.70\chromedriver.exe
2024-10-02 23:10:33 INFO  utils.Hooks - Driver initialized
2024-10-02 23:10:35 INFO  utils.Hooks - Navigated to base URL
2024-10-02 23:10:37 INFO  utils.Hooks - Popup window closed by clicking '����������' button
2024-10-02 23:10:39 INFO  ui.stepsdef.CommonSteps - Opened the homepage
2024-10-02 23:10:41 INFO  ui.stepsdef.CommonSteps - Clicked on Signup / Login link
2024-10-02 23:10:41 INFO  ui.stepsdef.RegistrationSteps - Entered signup name: Mikaela and email: russell.kuphal@hotmail.com
2024-10-02 23:10:42 INFO  ui.stepsdef.CommonSteps - Clicked on Signup button
2024-10-02 23:10:43 INFO  ui.stepsdef.RegistrationSteps - Filled out registration form with faker data
2024-10-02 23:10:45 INFO  ui.stepsdef.RegistrationSteps - Submitted the registration form
2024-10-02 23:10:45 INFO  ui.stepsdef.RegistrationSteps - Expected message is displayed: ACCOUNT CREATED!
2024-10-02 23:10:46 INFO  ui.stepsdef.RegistrationSteps - Clicked on button: Continue
2024-10-02 23:10:46 INFO  ui.stepsdef.RegistrationSteps - User is logged in
2024-10-02 23:10:46 INFO  utils.Hooks - Driver quit
2024-10-02 23:37:27 INFO  org.testng.internal.Utils - [XmlSuite] [WARN] 'parallel' value 'false' is no longer valid, defaulting to 'none'.
2024-10-02 23:37:28 INFO  io.github.bonigarcia.wdm.WebDriverManager - Using chromedriver 129.0.6668.89 (resolved driver for Chrome 129)
2024-10-02 23:37:28 INFO  io.github.bonigarcia.wdm.online.Downloader - Downloading https://storage.googleapis.com/chrome-for-testing-public/129.0.6668.89/win64/chromedriver-win64.zip
2024-10-02 23:37:28 INFO  io.github.bonigarcia.wdm.online.Downloader - Extracting driver from compressed file chromedriver-win64.zip
2024-10-02 23:37:28 INFO  io.github.bonigarcia.wdm.WebDriverManager - Exporting webdriver.chrome.driver as C:\Users\iryna\.cache\selenium\chromedriver\win64\129.0.6668.89\chromedriver.exe
2024-10-02 23:37:30 INFO  utils.Hooks - Driver initialized
2024-10-02 23:37:32 INFO  utils.Hooks - Navigated to base URL
2024-10-02 23:37:34 INFO  utils.Hooks - Popup window closed by clicking '����������' button
2024-10-02 23:37:36 INFO  ui.stepsdef.CommonSteps - Opened the homepage
2024-10-02 23:37:37 INFO  ui.stepsdef.CommonSteps - Clicked on Signup / Login link
2024-10-02 23:37:37 INFO  ui.stepsdef.LoginSteps - Entered valid login credentials
2024-10-02 23:37:37 INFO  ui.stepsdef.CommonSteps - Clicking login button
2024-10-02 23:37:38 INFO  ui.stepsdef.LoginSteps - User is logged in
2024-10-02 23:37:38 INFO  utils.Hooks - Driver quit
2024-10-02 23:37:38 INFO  io.github.bonigarcia.wdm.WebDriverManager - Using chromedriver 129.0.6668.89 (resolved driver for Chrome 129)
2024-10-02 23:37:38 INFO  io.github.bonigarcia.wdm.WebDriverManager - Exporting webdriver.chrome.driver as C:\Users\iryna\.cache\selenium\chromedriver\win64\129.0.6668.89\chromedriver.exe
2024-10-02 23:37:39 INFO  utils.Hooks - Driver initialized
2024-10-02 23:37:41 INFO  utils.Hooks - Navigated to base URL
2024-10-02 23:37:43 INFO  utils.Hooks - Popup window closed by clicking '����������' button
2024-10-02 23:37:44 INFO  ui.stepsdef.CommonSteps - Opened the homepage
2024-10-02 23:37:46 INFO  ui.stepsdef.CommonSteps - Clicked on Signup / Login link
2024-10-02 23:37:46 INFO  ui.stepsdef.LoginSteps - Entered invalid login credentials
2024-10-02 23:37:46 INFO  ui.stepsdef.CommonSteps - Clicking login button
2024-10-02 23:37:47 INFO  ui.stepsdef.LoginSteps - Error message is displayed: Your email or password is incorrect!
2024-10-02 23:37:47 INFO  utils.Hooks - Driver quit
2024-10-02 23:37:47 INFO  io.github.bonigarcia.wdm.WebDriverManager - Using chromedriver 129.0.6668.89 (resolved driver for Chrome 129)
2024-10-02 23:37:47 INFO  io.github.bonigarcia.wdm.WebDriverManager - Exporting webdriver.chrome.driver as C:\Users\iryna\.cache\selenium\chromedriver\win64\129.0.6668.89\chromedriver.exe
2024-10-02 23:37:47 INFO  utils.Hooks - Driver initialized
2024-10-02 23:37:49 INFO  utils.Hooks - Navigated to base URL
2024-10-02 23:37:51 INFO  utils.Hooks - Popup window closed by clicking '����������' button
2024-10-02 23:37:55 INFO  ui.stepsdef.LogoutSteps - Logged in as user
2024-10-02 23:37:56 INFO  ui.stepsdef.LogoutSteps - Clicked on Logout link
2024-10-02 23:37:56 ERROR ui.stepsdef.LogoutSteps - Not redirected to the homepage
2024-10-02 23:37:56 INFO  ui.stepsdef.LogoutSteps - User is not logged in
2024-10-02 23:37:56 INFO  utils.Hooks - Driver quit
2024-10-02 23:37:56 INFO  io.github.bonigarcia.wdm.WebDriverManager - Using chromedriver 129.0.6668.89 (resolved driver for Chrome 129)
2024-10-02 23:37:56 INFO  io.github.bonigarcia.wdm.WebDriverManager - Exporting webdriver.chrome.driver as C:\Users\iryna\.cache\selenium\chromedriver\win64\129.0.6668.89\chromedriver.exe
2024-10-02 23:37:57 INFO  utils.Hooks - Driver initialized
2024-10-02 23:37:59 INFO  utils.Hooks - Navigated to base URL
2024-10-02 23:38:01 INFO  utils.Hooks - Popup window closed by clicking '����������' button
2024-10-02 23:38:03 INFO  ui.stepsdef.CommonSteps - Opened the homepage
2024-10-02 23:38:04 INFO  ui.stepsdef.CommonSteps - Clicked on Signup / Login link
2024-10-02 23:38:04 INFO  ui.stepsdef.RegistrationSteps - Entered signup name: Ulysses and email: tommie.predovic@gmail.com
2024-10-02 23:38:06 INFO  ui.stepsdef.CommonSteps - Clicked on Signup button
2024-10-02 23:38:07 INFO  ui.stepsdef.RegistrationSteps - Filled out registration form with faker data
2024-10-02 23:38:09 INFO  ui.stepsdef.RegistrationSteps - Submitted the registration form
2024-10-02 23:38:09 INFO  ui.stepsdef.RegistrationSteps - Expected message is displayed: ACCOUNT CREATED!
2024-10-02 23:38:10 INFO  ui.stepsdef.RegistrationSteps - Clicked on button: Continue
2024-10-02 23:38:10 INFO  ui.stepsdef.RegistrationSteps - User is logged in
2024-10-02 23:38:10 INFO  utils.Hooks - Driver quit
2024-10-02 23:44:47 INFO  org.testng.internal.Utils - [XmlSuite] [WARN] 'parallel' value 'false' is no longer valid, defaulting to 'none'.
2024-10-02 23:44:47 INFO  io.github.bonigarcia.wdm.WebDriverManager - Using chromedriver 129.0.6668.89 (resolved driver for Chrome 129)
2024-10-02 23:44:47 INFO  io.github.bonigarcia.wdm.WebDriverManager - Exporting webdriver.chrome.driver as C:\Users\iryna\.cache\selenium\chromedriver\win64\129.0.6668.89\chromedriver.exe
2024-10-02 23:44:48 INFO  utils.Hooks - Driver initialized
2024-10-02 23:44:50 INFO  utils.Hooks - Navigated to base URL
2024-10-02 23:44:50 INFO  utils.Hooks - Popup window closed by clicking '����������' button
2024-10-02 23:44:51 INFO  ui.stepsdef.CommonSteps - Opened the homepage
2024-10-02 23:44:52 INFO  ui.stepsdef.CommonSteps - Clicked on Signup / Login link
2024-10-02 23:44:52 INFO  ui.stepsdef.LoginSteps - Entered valid login credentials
2024-10-02 23:44:52 INFO  ui.stepsdef.CommonSteps - Clicking login button
2024-10-02 23:44:54 INFO  ui.stepsdef.LoginSteps - User is logged in
2024-10-02 23:44:54 INFO  utils.Hooks - Driver quit
2024-10-02 23:44:54 INFO  io.github.bonigarcia.wdm.WebDriverManager - Using chromedriver 129.0.6668.89 (resolved driver for Chrome 129)
2024-10-02 23:44:54 INFO  io.github.bonigarcia.wdm.WebDriverManager - Exporting webdriver.chrome.driver as C:\Users\iryna\.cache\selenium\chromedriver\win64\129.0.6668.89\chromedriver.exe
2024-10-02 23:44:55 INFO  utils.Hooks - Driver initialized
2024-10-02 23:44:56 INFO  utils.Hooks - Navigated to base URL
2024-10-02 23:44:56 INFO  utils.Hooks - Popup window closed by clicking '����������' button
2024-10-02 23:44:58 INFO  ui.stepsdef.CommonSteps - Opened the homepage
2024-10-02 23:44:59 INFO  ui.stepsdef.CommonSteps - Clicked on Signup / Login link
2024-10-02 23:44:59 INFO  ui.stepsdef.LoginSteps - Entered invalid login credentials
2024-10-02 23:44:59 INFO  ui.stepsdef.CommonSteps - Clicking login button
2024-10-02 23:45:00 INFO  ui.stepsdef.LoginSteps - Error message is displayed: Your email or password is incorrect!
2024-10-02 23:45:00 INFO  utils.Hooks - Driver quit
2024-10-02 23:45:00 INFO  io.github.bonigarcia.wdm.WebDriverManager - Using chromedriver 129.0.6668.89 (resolved driver for Chrome 129)
2024-10-02 23:45:00 INFO  io.github.bonigarcia.wdm.WebDriverManager - Exporting webdriver.chrome.driver as C:\Users\iryna\.cache\selenium\chromedriver\win64\129.0.6668.89\chromedriver.exe
2024-10-02 23:45:01 INFO  utils.Hooks - Driver initialized
2024-10-02 23:45:03 INFO  utils.Hooks - Navigated to base URL
2024-10-02 23:45:03 INFO  utils.Hooks - Popup window closed by clicking '����������' button
2024-10-02 23:45:07 INFO  ui.stepsdef.LogoutSteps - Logged in as user
2024-10-02 23:45:09 INFO  ui.stepsdef.LogoutSteps - Clicked on Logout link
2024-10-02 23:45:09 ERROR ui.stepsdef.LogoutSteps - Not redirected to the homepage
2024-10-02 23:45:09 INFO  ui.stepsdef.LogoutSteps - User is not logged in
2024-10-02 23:45:09 INFO  utils.Hooks - Driver quit
2024-10-02 23:45:09 INFO  io.github.bonigarcia.wdm.WebDriverManager - Using chromedriver 129.0.6668.89 (resolved driver for Chrome 129)
2024-10-02 23:45:09 INFO  io.github.bonigarcia.wdm.WebDriverManager - Exporting webdriver.chrome.driver as C:\Users\iryna\.cache\selenium\chromedriver\win64\129.0.6668.89\chromedriver.exe
2024-10-02 23:45:10 INFO  utils.Hooks - Driver initialized
2024-10-02 23:45:12 INFO  utils.Hooks - Navigated to base URL
2024-10-02 23:45:12 INFO  utils.Hooks - Popup window closed by clicking '����������' button
2024-10-02 23:45:13 INFO  ui.stepsdef.CommonSteps - Opened the homepage
2024-10-02 23:45:14 INFO  ui.stepsdef.CommonSteps - Clicked on Signup / Login link
2024-10-02 23:45:14 INFO  ui.stepsdef.RegistrationSteps - Entered signup name: Odilia and email: lennie.nader@hotmail.com
2024-10-02 23:45:15 INFO  ui.stepsdef.CommonSteps - Clicked on Signup button
2024-10-02 23:45:16 INFO  ui.stepsdef.RegistrationSteps - Filled out registration form with faker data
2024-10-02 23:45:18 INFO  ui.stepsdef.RegistrationSteps - Submitted the registration form
2024-10-02 23:45:18 INFO  ui.stepsdef.RegistrationSteps - Expected message is displayed: ACCOUNT CREATED!
2024-10-02 23:45:19 INFO  ui.stepsdef.RegistrationSteps - Clicked on button: Continue
2024-10-02 23:45:19 INFO  ui.stepsdef.RegistrationSteps - User is logged in
2024-10-02 23:45:19 INFO  utils.Hooks - Driver quit
2024-10-03 00:13:07 INFO  org.testng.internal.Utils - [XmlSuite] [WARN] 'parallel' value 'false' is no longer valid, defaulting to 'none'.
2024-10-03 00:13:08 INFO  io.github.bonigarcia.wdm.WebDriverManager - Using chromedriver 129.0.6668.89 (resolved driver for Chrome 129)
2024-10-03 00:13:08 INFO  io.github.bonigarcia.wdm.WebDriverManager - Exporting webdriver.chrome.driver as C:\Users\iryna\.cache\selenium\chromedriver\win64\129.0.6668.89\chromedriver.exe
2024-10-03 00:13:08 INFO  utils.Hooks - Driver initialized
2024-10-03 00:13:18 INFO  utils.Hooks - Navigated to base URL
2024-10-03 00:13:18 INFO  utils.Hooks - Popup window closed by clicking 'I agree' button
2024-10-03 00:13:20 INFO  ui.stepsdef.CommonSteps - Opened the homepage
2024-10-03 00:13:22 INFO  ui.stepsdef.CommonSteps - Clicked on Signup / Login link
2024-10-03 00:13:22 INFO  ui.stepsdef.LoginSteps - Entered valid login credentials
2024-10-03 00:13:22 INFO  ui.stepsdef.CommonSteps - Clicking login button
2024-10-03 00:13:24 INFO  ui.stepsdef.LoginSteps - User is logged in
2024-10-03 00:13:24 INFO  utils.Hooks - Driver quit
2024-10-03 00:13:25 INFO  io.github.bonigarcia.wdm.WebDriverManager - Using chromedriver 129.0.6668.89 (resolved driver for Chrome 129)
2024-10-03 00:13:25 INFO  io.github.bonigarcia.wdm.WebDriverManager - Exporting webdriver.chrome.driver as C:\Users\iryna\.cache\selenium\chromedriver\win64\129.0.6668.89\chromedriver.exe
2024-10-03 00:13:25 INFO  utils.Hooks - Driver initialized
2024-10-03 00:13:33 INFO  utils.Hooks - Navigated to base URL
2024-10-03 00:13:33 INFO  utils.Hooks - Popup window closed by clicking 'I agree' button
2024-10-03 00:13:37 INFO  ui.stepsdef.CommonSteps - Opened the homepage
2024-10-03 00:13:39 INFO  ui.stepsdef.CommonSteps - Clicked on Signup / Login link
2024-10-03 00:13:39 INFO  ui.stepsdef.LoginSteps - Entered invalid login credentials
2024-10-03 00:13:39 INFO  ui.stepsdef.CommonSteps - Clicking login button
2024-10-03 00:13:41 INFO  ui.stepsdef.LoginSteps - Error message is displayed: Your email or password is incorrect!
2024-10-03 00:13:41 INFO  utils.Hooks - Driver quit
2024-10-03 00:13:41 INFO  io.github.bonigarcia.wdm.WebDriverManager - Using chromedriver 129.0.6668.89 (resolved driver for Chrome 129)
2024-10-03 00:13:41 INFO  io.github.bonigarcia.wdm.WebDriverManager - Exporting webdriver.chrome.driver as C:\Users\iryna\.cache\selenium\chromedriver\win64\129.0.6668.89\chromedriver.exe
2024-10-03 00:13:41 INFO  utils.Hooks - Driver initialized
2024-10-03 00:13:44 INFO  utils.Hooks - Navigated to base URL
2024-10-03 00:13:44 INFO  utils.Hooks - Popup window closed by clicking 'I agree' button
2024-10-03 00:13:50 INFO  ui.stepsdef.LogoutSteps - Logged in as user
2024-10-03 00:13:51 INFO  ui.stepsdef.LogoutSteps - Clicked on Logout link
2024-10-03 00:13:51 ERROR ui.stepsdef.LogoutSteps - Not redirected to the homepage
2024-10-03 00:13:51 INFO  ui.stepsdef.LogoutSteps - User is not logged in
2024-10-03 00:13:51 INFO  utils.Hooks - Driver quit
2024-10-03 00:13:51 INFO  io.github.bonigarcia.wdm.WebDriverManager - Using chromedriver 129.0.6668.89 (resolved driver for Chrome 129)
2024-10-03 00:13:51 INFO  io.github.bonigarcia.wdm.WebDriverManager - Exporting webdriver.chrome.driver as C:\Users\iryna\.cache\selenium\chromedriver\win64\129.0.6668.89\chromedriver.exe
2024-10-03 00:13:51 INFO  utils.Hooks - Driver initialized
2024-10-03 00:13:54 INFO  utils.Hooks - Navigated to base URL
2024-10-03 00:13:54 INFO  utils.Hooks - Popup window closed by clicking 'I agree' button
2024-10-03 00:13:56 INFO  ui.stepsdef.CommonSteps - Opened the homepage
2024-10-03 00:13:57 INFO  ui.stepsdef.CommonSteps - Clicked on Signup / Login link
2024-10-03 00:13:58 INFO  ui.stepsdef.RegistrationSteps - Entered signup name: Willard and email: armandina.witting@hotmail.com
2024-10-03 00:13:59 INFO  ui.stepsdef.CommonSteps - Clicked on Signup button
2024-10-03 00:14:00 INFO  ui.stepsdef.RegistrationSteps - Filled out registration form with faker data
2024-10-03 00:14:01 INFO  ui.stepsdef.RegistrationSteps - Submitted the registration form
2024-10-03 00:14:01 INFO  ui.stepsdef.RegistrationSteps - Expected message is displayed: ACCOUNT CREATED!
2024-10-03 00:14:03 INFO  ui.stepsdef.RegistrationSteps - Clicked on button: Continue
2024-10-03 00:14:03 INFO  ui.stepsdef.RegistrationSteps - User is logged in
2024-10-03 00:14:04 INFO  utils.Hooks - Driver quit
2024-10-03 00:26:49 INFO  org.testng.internal.Utils - [XmlSuite] [WARN] 'parallel' value 'false' is no longer valid, defaulting to 'none'.
2024-10-03 00:26:49 INFO  io.github.bonigarcia.wdm.WebDriverManager - Using chromedriver 129.0.6668.89 (resolved driver for Chrome 129)
2024-10-03 00:26:49 INFO  io.github.bonigarcia.wdm.WebDriverManager - Exporting webdriver.chrome.driver as C:\Users\iryna\.cache\selenium\chromedriver\win64\129.0.6668.89\chromedriver.exe
2024-10-03 00:26:50 INFO  utils.Hooks - Driver initialized
2024-10-03 00:26:52 INFO  utils.Hooks - Navigated to base URL
2024-10-03 00:26:53 INFO  utils.Hooks - Popup window closed by clicking 'I agree' button
2024-10-03 00:26:56 INFO  ui.stepsdef.CommonSteps - Opened the homepage
2024-10-03 00:26:57 INFO  ui.stepsdef.CommonSteps - Clicked on Signup / Login link
2024-10-03 00:26:57 INFO  ui.stepsdef.LoginSteps - Entered valid login credentials
2024-10-03 00:26:57 INFO  ui.stepsdef.CommonSteps - Clicking login button
2024-10-03 00:27:01 INFO  ui.stepsdef.LoginSteps - User is logged in
2024-10-03 00:27:01 INFO  utils.Hooks - Driver quit
2024-10-03 00:27:01 INFO  io.github.bonigarcia.wdm.WebDriverManager - Using chromedriver 129.0.6668.89 (resolved driver for Chrome 129)
2024-10-03 00:27:01 INFO  io.github.bonigarcia.wdm.WebDriverManager - Exporting webdriver.chrome.driver as C:\Users\iryna\.cache\selenium\chromedriver\win64\129.0.6668.89\chromedriver.exe
2024-10-03 00:27:02 INFO  utils.Hooks - Driver initialized
2024-10-03 00:27:03 INFO  utils.Hooks - Navigated to base URL
2024-10-03 00:27:03 INFO  utils.Hooks - Popup window closed by clicking 'I agree' button
2024-10-03 00:27:09 INFO  ui.stepsdef.CommonSteps - Opened the homepage
2024-10-03 00:27:11 INFO  ui.stepsdef.CommonSteps - Clicked on Signup / Login link
2024-10-03 00:27:11 INFO  ui.stepsdef.LoginSteps - Entered invalid login credentials
2024-10-03 00:27:11 INFO  ui.stepsdef.CommonSteps - Clicking login button
2024-10-03 00:27:12 INFO  ui.stepsdef.LoginSteps - Error message is displayed: Your email or password is incorrect!
2024-10-03 00:27:13 INFO  utils.Hooks - Driver quit
2024-10-03 00:27:13 INFO  io.github.bonigarcia.wdm.WebDriverManager - Using chromedriver 129.0.6668.89 (resolved driver for Chrome 129)
2024-10-03 00:27:13 INFO  io.github.bonigarcia.wdm.WebDriverManager - Exporting webdriver.chrome.driver as C:\Users\iryna\.cache\selenium\chromedriver\win64\129.0.6668.89\chromedriver.exe
2024-10-03 00:27:13 INFO  utils.Hooks - Driver initialized
2024-10-03 00:27:15 INFO  utils.Hooks - Navigated to base URL
2024-10-03 00:27:15 INFO  utils.Hooks - Popup window closed by clicking 'I agree' button
2024-10-03 00:27:27 INFO  ui.stepsdef.LogoutSteps - Logged in as user
2024-10-03 00:27:29 INFO  ui.stepsdef.LogoutSteps - Clicked on Logout link
2024-10-03 00:27:29 ERROR ui.stepsdef.LogoutSteps - Not redirected to the homepage
2024-10-03 00:27:29 INFO  ui.stepsdef.LogoutSteps - User is not logged in
2024-10-03 00:27:29 INFO  utils.Hooks - Driver quit
2024-10-03 00:27:29 INFO  io.github.bonigarcia.wdm.WebDriverManager - Using chromedriver 129.0.6668.89 (resolved driver for Chrome 129)
2024-10-03 00:27:29 INFO  io.github.bonigarcia.wdm.WebDriverManager - Exporting webdriver.chrome.driver as C:\Users\iryna\.cache\selenium\chromedriver\win64\129.0.6668.89\chromedriver.exe
2024-10-03 00:27:30 INFO  utils.Hooks - Driver initialized
2024-10-03 00:27:35 INFO  utils.Hooks - Navigated to base URL
2024-10-03 00:27:35 INFO  utils.Hooks - Popup window closed by clicking 'I agree' button
2024-10-03 00:27:37 INFO  ui.stepsdef.CommonSteps - Opened the homepage
2024-10-03 00:27:38 INFO  ui.stepsdef.CommonSteps - Clicked on Signup / Login link
2024-10-03 00:27:38 INFO  ui.stepsdef.RegistrationSteps - Entered signup name: Ozzie and email: lenard.doyle@yahoo.com
2024-10-03 00:27:40 INFO  ui.stepsdef.CommonSteps - Clicked on Signup button
2024-10-03 00:27:41 INFO  ui.stepsdef.RegistrationSteps - Filled out registration form with faker data
2024-10-03 00:27:42 INFO  ui.stepsdef.RegistrationSteps - Submitted the registration form
2024-10-03 00:27:42 INFO  ui.stepsdef.RegistrationSteps - Expected message is displayed: ACCOUNT CREATED!
2024-10-03 00:27:43 INFO  ui.stepsdef.RegistrationSteps - Clicked on button: Continue
2024-10-03 00:27:43 INFO  ui.stepsdef.RegistrationSteps - User is logged in
2024-10-03 00:27:44 INFO  utils.Hooks - Driver quit
2024-10-03 12:14:21 INFO  org.testng.internal.Utils - [XmlSuite] [WARN] 'parallel' value 'false' is no longer valid, defaulting to 'none'.
2024-10-03 12:16:55 INFO  org.testng.internal.Utils - [XmlSuite] [WARN] 'parallel' value 'false' is no longer valid, defaulting to 'none'.
2024-10-03 12:33:37 INFO  org.testng.internal.Utils - [XmlSuite] [WARN] 'parallel' value 'false' is no longer valid, defaulting to 'none'.
2024-10-03 12:33:38 INFO  io.github.bonigarcia.wdm.WebDriverManager - Using chromedriver 129.0.6668.89 (resolved driver for Chrome 129)
2024-10-03 12:33:38 INFO  io.github.bonigarcia.wdm.WebDriverManager - Exporting webdriver.chrome.driver as C:\Users\iryna\.cache\selenium\chromedriver\win64\129.0.6668.89\chromedriver.exe
2024-10-03 12:33:39 INFO  utils.Hooks - Driver initialized
2024-10-03 12:33:41 INFO  utils.Hooks - Navigated to base URL
2024-10-03 12:33:41 INFO  utils.Hooks - Popup window closed by clicking 'I agree' button
2024-10-03 12:33:43 INFO  ui.stepsdef.CommonSteps - Opened the homepage
2024-10-03 12:33:45 INFO  ui.stepsdef.CommonSteps - Clicked on Products link
2024-10-03 12:33:45 INFO  utils.Hooks - Driver quit
2024-10-03 12:33:45 INFO  io.github.bonigarcia.wdm.WebDriverManager - Using chromedriver 129.0.6668.89 (resolved driver for Chrome 129)
2024-10-03 12:33:45 INFO  io.github.bonigarcia.wdm.WebDriverManager - Exporting webdriver.chrome.driver as C:\Users\iryna\.cache\selenium\chromedriver\win64\129.0.6668.89\chromedriver.exe
2024-10-03 12:33:46 INFO  utils.Hooks - Driver initialized
2024-10-03 12:33:47 INFO  utils.Hooks - Navigated to base URL
2024-10-03 12:33:47 INFO  utils.Hooks - Popup window closed by clicking 'I agree' button
2024-10-03 12:33:49 INFO  ui.stepsdef.CommonSteps - Opened the homepage
2024-10-03 12:33:50 INFO  ui.stepsdef.CommonSteps - Clicked on Products link
2024-10-03 12:33:50 INFO  utils.Hooks - Driver quit
2024-10-03 12:33:50 INFO  io.github.bonigarcia.wdm.WebDriverManager - Using chromedriver 129.0.6668.89 (resolved driver for Chrome 129)
2024-10-03 12:33:51 INFO  io.github.bonigarcia.wdm.WebDriverManager - Exporting webdriver.chrome.driver as C:\Users\iryna\.cache\selenium\chromedriver\win64\129.0.6668.89\chromedriver.exe
2024-10-03 12:33:51 INFO  utils.Hooks - Driver initialized
2024-10-03 12:33:53 INFO  utils.Hooks - Navigated to base URL
2024-10-03 12:33:54 INFO  utils.Hooks - Popup window closed by clicking 'I agree' button
2024-10-03 12:33:55 INFO  ui.stepsdef.CommonSteps - Opened the homepage
2024-10-03 12:33:55 INFO  ui.stepsdef.ViewAndFilterProductsSteps - Clicked on Women category
2024-10-03 12:33:55 INFO  utils.Hooks - Driver quit
2024-10-03 12:37:09 INFO  org.testng.internal.Utils - [XmlSuite] [WARN] 'parallel' value 'false' is no longer valid, defaulting to 'none'.
2024-10-03 12:37:10 INFO  io.github.bonigarcia.wdm.WebDriverManager - Using chromedriver 129.0.6668.89 (resolved driver for Chrome 129)
2024-10-03 12:37:10 INFO  io.github.bonigarcia.wdm.WebDriverManager - Exporting webdriver.chrome.driver as C:\Users\iryna\.cache\selenium\chromedriver\win64\129.0.6668.89\chromedriver.exe
2024-10-03 12:37:11 INFO  utils.Hooks - Driver initialized
2024-10-03 12:37:13 INFO  utils.Hooks - Navigated to base URL
2024-10-03 12:37:13 INFO  utils.Hooks - Popup window closed by clicking 'I agree' button
2024-10-03 12:37:15 INFO  ui.stepsdef.CommonSteps - Opened the homepage
2024-10-03 12:37:17 INFO  ui.stepsdef.CommonSteps - Clicked on Products link
2024-10-03 12:37:18 INFO  utils.Hooks - Driver quit
2024-10-03 12:37:18 INFO  io.github.bonigarcia.wdm.WebDriverManager - Using chromedriver 129.0.6668.89 (resolved driver for Chrome 129)
2024-10-03 12:37:18 INFO  io.github.bonigarcia.wdm.WebDriverManager - Exporting webdriver.chrome.driver as C:\Users\iryna\.cache\selenium\chromedriver\win64\129.0.6668.89\chromedriver.exe
2024-10-03 12:37:19 INFO  utils.Hooks - Driver initialized
2024-10-03 12:37:20 INFO  utils.Hooks - Navigated to base URL
2024-10-03 12:37:21 INFO  utils.Hooks - Popup window closed by clicking 'I agree' button
2024-10-03 12:37:22 INFO  ui.stepsdef.CommonSteps - Opened the homepage
2024-10-03 12:37:25 INFO  ui.stepsdef.CommonSteps - Clicked on Products link
2024-10-03 12:37:25 INFO  ui.stepsdef.ViewAndFilterProductsSteps - Product list is displayed
2024-10-03 12:37:25 INFO  utils.Hooks - Driver quit
2024-10-03 12:37:25 INFO  io.github.bonigarcia.wdm.WebDriverManager - Using chromedriver 129.0.6668.89 (resolved driver for Chrome 129)
2024-10-03 12:37:25 INFO  io.github.bonigarcia.wdm.WebDriverManager - Exporting webdriver.chrome.driver as C:\Users\iryna\.cache\selenium\chromedriver\win64\129.0.6668.89\chromedriver.exe
2024-10-03 12:37:25 INFO  utils.Hooks - Driver initialized
2024-10-03 12:37:27 INFO  utils.Hooks - Navigated to base URL
2024-10-03 12:37:27 INFO  utils.Hooks - Popup window closed by clicking 'I agree' button
2024-10-03 12:37:28 INFO  ui.stepsdef.CommonSteps - Opened the homepage
2024-10-03 12:37:29 INFO  ui.stepsdef.ViewAndFilterProductsSteps - Clicked on Women category
2024-10-03 12:37:30 INFO  ui.stepsdef.ViewAndFilterProductsSteps - Clicked on Dress subcategory
2024-10-03 12:37:30 INFO  ui.stepsdef.ViewAndFilterProductsSteps - Filtered products are displayed
2024-10-03 12:37:30 INFO  utils.Hooks - Driver quit
2024-10-03 12:42:18 INFO  org.testng.internal.Utils - [XmlSuite] [WARN] 'parallel' value 'false' is no longer valid, defaulting to 'none'.
2024-10-03 12:42:19 INFO  io.github.bonigarcia.wdm.WebDriverManager - Using chromedriver 129.0.6668.89 (resolved driver for Chrome 129)
2024-10-03 12:42:19 INFO  io.github.bonigarcia.wdm.WebDriverManager - Exporting webdriver.chrome.driver as C:\Users\iryna\.cache\selenium\chromedriver\win64\129.0.6668.89\chromedriver.exe
2024-10-03 12:42:20 INFO  utils.Hooks - Driver initialized
2024-10-03 12:42:21 INFO  utils.Hooks - Navigated to base URL
2024-10-03 12:42:21 INFO  utils.Hooks - Popup window closed by clicking 'I agree' button
2024-10-03 12:42:24 INFO  ui.stepsdef.CommonSteps - Opened the homepage
2024-10-03 12:42:26 INFO  ui.stepsdef.CommonSteps - Clicked on Products link
2024-10-03 12:42:26 INFO  ui.stepsdef.ViewAndFilterProductsSteps - Product list is displayed
2024-10-03 12:42:26 INFO  utils.Hooks - Driver quit
2024-10-03 12:42:26 INFO  io.github.bonigarcia.wdm.WebDriverManager - Using chromedriver 129.0.6668.89 (resolved driver for Chrome 129)
2024-10-03 12:42:26 INFO  io.github.bonigarcia.wdm.WebDriverManager - Exporting webdriver.chrome.driver as C:\Users\iryna\.cache\selenium\chromedriver\win64\129.0.6668.89\chromedriver.exe
2024-10-03 12:42:27 INFO  utils.Hooks - Driver initialized
2024-10-03 12:42:28 INFO  utils.Hooks - Navigated to base URL
2024-10-03 12:42:29 INFO  utils.Hooks - Popup window closed by clicking 'I agree' button
2024-10-03 12:42:30 INFO  ui.stepsdef.CommonSteps - Opened the homepage
2024-10-03 12:42:30 INFO  ui.stepsdef.ViewAndFilterProductsSteps - Clicked on Women category
2024-10-03 12:42:31 INFO  utils.Hooks - Driver quit
2024-10-03 12:43:41 INFO  org.testng.internal.Utils - [XmlSuite] [WARN] 'parallel' value 'false' is no longer valid, defaulting to 'none'.
2024-10-03 12:43:42 INFO  io.github.bonigarcia.wdm.WebDriverManager - Using chromedriver 129.0.6668.89 (resolved driver for Chrome 129)
2024-10-03 12:43:42 INFO  io.github.bonigarcia.wdm.WebDriverManager - Exporting webdriver.chrome.driver as C:\Users\iryna\.cache\selenium\chromedriver\win64\129.0.6668.89\chromedriver.exe
2024-10-03 12:43:42 INFO  utils.Hooks - Driver initialized
2024-10-03 12:43:44 INFO  utils.Hooks - Navigated to base URL
2024-10-03 12:43:44 INFO  utils.Hooks - Popup window closed by clicking 'I agree' button
2024-10-03 12:43:46 INFO  ui.stepsdef.CommonSteps - Opened the homepage
2024-10-03 12:43:48 INFO  ui.stepsdef.CommonSteps - Clicked on Products link
2024-10-03 12:43:49 INFO  utils.Hooks - Driver quit
2024-10-03 12:59:35 INFO  org.testng.internal.Utils - [XmlSuite] [WARN] 'parallel' value 'false' is no longer valid, defaulting to 'none'.
2024-10-03 12:59:36 INFO  io.github.bonigarcia.wdm.WebDriverManager - Using chromedriver 129.0.6668.89 (resolved driver for Chrome 129)
2024-10-03 12:59:36 INFO  io.github.bonigarcia.wdm.WebDriverManager - Exporting webdriver.chrome.driver as C:\Users\iryna\.cache\selenium\chromedriver\win64\129.0.6668.89\chromedriver.exe
2024-10-03 12:59:37 INFO  utils.Hooks - Driver initialized
2024-10-03 12:59:38 INFO  utils.Hooks - Navigated to base URL
2024-10-03 12:59:39 INFO  utils.Hooks - Popup window closed by clicking 'I agree' button
2024-10-03 12:59:40 INFO  ui.stepsdef.CommonSteps - Opened the homepage
2024-10-03 12:59:42 INFO  ui.stepsdef.CommonSteps - Clicked on Products link
2024-10-03 12:59:42 INFO  ui.pages.ProductsPage - Clicking on product at index: 0
2024-10-03 12:59:42 INFO  ui.pages.ProductsPage - Successfully clicked on product at index: 0
2024-10-03 12:59:42 INFO  ui.stepsdef.ProductDetailsInformationSteps - Clicked on a product
2024-10-03 12:59:42 INFO  utils.Hooks - Driver quit
2024-10-03 12:59:42 INFO  io.github.bonigarcia.wdm.WebDriverManager - Using chromedriver 129.0.6668.89 (resolved driver for Chrome 129)
2024-10-03 12:59:42 INFO  io.github.bonigarcia.wdm.WebDriverManager - Exporting webdriver.chrome.driver as C:\Users\iryna\.cache\selenium\chromedriver\win64\129.0.6668.89\chromedriver.exe
2024-10-03 12:59:43 INFO  utils.Hooks - Driver initialized
2024-10-03 12:59:45 INFO  utils.Hooks - Navigated to base URL
2024-10-03 12:59:45 INFO  utils.Hooks - Popup window closed by clicking 'I agree' button
2024-10-03 12:59:46 INFO  ui.stepsdef.CommonSteps - Opened the homepage
2024-10-03 12:59:48 INFO  ui.stepsdef.CommonSteps - Clicked on Products link
2024-10-03 12:59:48 INFO  ui.stepsdef.ViewAndFilterProductsSteps - Product list is displayed
2024-10-03 12:59:48 INFO  utils.Hooks - Driver quit
2024-10-03 12:59:48 INFO  io.github.bonigarcia.wdm.WebDriverManager - Using chromedriver 129.0.6668.89 (resolved driver for Chrome 129)
2024-10-03 12:59:49 INFO  io.github.bonigarcia.wdm.WebDriverManager - Exporting webdriver.chrome.driver as C:\Users\iryna\.cache\selenium\chromedriver\win64\129.0.6668.89\chromedriver.exe
2024-10-03 12:59:49 INFO  utils.Hooks - Driver initialized
2024-10-03 12:59:51 INFO  utils.Hooks - Navigated to base URL
2024-10-03 12:59:51 INFO  utils.Hooks - Popup window closed by clicking 'I agree' button
2024-10-03 12:59:53 INFO  ui.stepsdef.CommonSteps - Opened the homepage
2024-10-03 12:59:53 INFO  ui.stepsdef.ViewAndFilterProductsSteps - Clicked on Women category
2024-10-03 12:59:53 INFO  utils.Hooks - Driver quit
2024-10-03 13:09:54 INFO  org.testng.internal.Utils - [XmlSuite] [WARN] 'parallel' value 'false' is no longer valid, defaulting to 'none'.
2024-10-03 13:09:54 INFO  io.github.bonigarcia.wdm.WebDriverManager - Using chromedriver 129.0.6668.89 (resolved driver for Chrome 129)
2024-10-03 13:09:54 INFO  io.github.bonigarcia.wdm.WebDriverManager - Exporting webdriver.chrome.driver as C:\Users\iryna\.cache\selenium\chromedriver\win64\129.0.6668.89\chromedriver.exe
2024-10-03 13:09:55 INFO  utils.Hooks - Driver initialized
2024-10-03 13:09:57 INFO  utils.Hooks - Navigated to base URL
2024-10-03 13:09:57 INFO  utils.Hooks - Popup window closed by clicking 'I agree' button
2024-10-03 13:09:59 INFO  ui.stepsdef.CommonSteps - Opened the homepage
2024-10-03 13:10:01 INFO  ui.stepsdef.CommonSteps - Clicked on Products link
2024-10-03 13:10:01 INFO  ui.pages.ProductsPage - Clicking on product at index: 0
2024-10-03 13:10:01 INFO  ui.pages.ProductsPage - Successfully clicked on product at index: 0
2024-10-03 13:10:01 INFO  ui.stepsdef.ProductDetailsInformationSteps - Clicked on a product
2024-10-03 13:10:01 INFO  utils.Hooks - Driver quit
2024-10-03 13:10:01 INFO  io.github.bonigarcia.wdm.WebDriverManager - Using chromedriver 129.0.6668.89 (resolved driver for Chrome 129)
2024-10-03 13:10:01 INFO  io.github.bonigarcia.wdm.WebDriverManager - Exporting webdriver.chrome.driver as C:\Users\iryna\.cache\selenium\chromedriver\win64\129.0.6668.89\chromedriver.exe
2024-10-03 13:10:02 INFO  utils.Hooks - Driver initialized
2024-10-03 13:10:04 INFO  utils.Hooks - Navigated to base URL
2024-10-03 13:10:04 INFO  utils.Hooks - Popup window closed by clicking 'I agree' button
2024-10-03 13:10:06 INFO  ui.stepsdef.CommonSteps - Opened the homepage
2024-10-03 13:10:06 INFO  ui.stepsdef.ViewAndFilterProductsSteps - Clicked on Women category
2024-10-03 13:10:06 INFO  utils.Hooks - Driver quit
2024-10-03 13:17:49 INFO  org.testng.internal.Utils - [XmlSuite] [WARN] 'parallel' value 'false' is no longer valid, defaulting to 'none'.
2024-10-03 13:17:50 INFO  io.github.bonigarcia.wdm.WebDriverManager - Using chromedriver 129.0.6668.89 (resolved driver for Chrome 129)
2024-10-03 13:17:50 INFO  io.github.bonigarcia.wdm.WebDriverManager - Exporting webdriver.chrome.driver as C:\Users\iryna\.cache\selenium\chromedriver\win64\129.0.6668.89\chromedriver.exe
2024-10-03 13:17:51 INFO  utils.Hooks - Driver initialized
2024-10-03 13:17:52 INFO  utils.Hooks - Navigated to base URL
2024-10-03 13:17:53 INFO  utils.Hooks - Popup window closed by clicking 'I agree' button
2024-10-03 13:17:54 INFO  ui.stepsdef.CommonSteps - Opened the homepage
2024-10-03 13:17:56 INFO  ui.stepsdef.CommonSteps - Clicked on Products link
2024-10-03 13:17:56 INFO  ui.pages.ProductsPage - Clicking on product at index: 0
2024-10-03 13:17:56 INFO  ui.pages.ProductsPage - Successfully clicked on product at index: 0
2024-10-03 13:17:56 INFO  ui.stepsdef.ProductDetailsInformationSteps - Clicked on a product
2024-10-03 13:17:56 INFO  utils.Hooks - Driver quit
2024-10-03 14:15:33 INFO  org.testng.internal.Utils - [XmlSuite] [WARN] 'parallel' value 'false' is no longer valid, defaulting to 'none'.
2024-10-03 14:15:34 INFO  io.github.bonigarcia.wdm.WebDriverManager - Using chromedriver 129.0.6668.89 (resolved driver for Chrome 129)
2024-10-03 14:15:34 INFO  io.github.bonigarcia.wdm.WebDriverManager - Exporting webdriver.chrome.driver as C:\Users\iryna\.cache\selenium\chromedriver\win64\129.0.6668.89\chromedriver.exe
2024-10-03 14:15:35 INFO  utils.Hooks - Driver initialized
2024-10-03 14:15:37 INFO  utils.Hooks - Navigated to base URL
2024-10-03 14:15:37 INFO  utils.Hooks - Checking for popup...
2024-10-03 14:15:37 INFO  utils.Hooks - Popup window closed by clicking 'I agree' button
2024-10-03 14:15:39 INFO  ui.stepsdef.CommonSteps - Opened the homepage
2024-10-03 14:15:40 INFO  ui.stepsdef.CommonSteps - Clicked on Products link
2024-10-03 14:15:41 INFO  ui.pages.ProductsPage - Clicking on product at index: 0
2024-10-03 14:15:41 INFO  ui.pages.ProductsPage - Successfully clicked on product at index: 0
2024-10-03 14:15:41 INFO  ui.stepsdef.ProductDetailsInformationSteps - Clicked on a product
2024-10-03 14:15:41 ERROR utils.Hooks - Test failed: View product details
2024-10-03 14:15:41 INFO  utils.ScreenshotUtil - Screenshot taken: screenshots/View product details_1727957741451.png
2024-10-03 14:15:41 INFO  utils.Hooks - Driver quit
2024-10-03 15:24:01 INFO  org.testng.internal.Utils - [XmlSuite] [WARN] 'parallel' value 'false' is no longer valid, defaulting to 'none'.
2024-10-03 15:24:02 INFO  io.github.bonigarcia.wdm.WebDriverManager - Using chromedriver 129.0.6668.89 (resolved driver for Chrome 129)
2024-10-03 15:24:02 INFO  io.github.bonigarcia.wdm.WebDriverManager - Exporting webdriver.chrome.driver as C:\Users\iryna\.cache\selenium\chromedriver\win64\129.0.6668.89\chromedriver.exe
2024-10-03 15:24:03 INFO  utils.Hooks - Driver initialized
2024-10-03 15:24:05 INFO  utils.Hooks - Navigated to base URL
2024-10-03 15:24:05 INFO  utils.Hooks - Checking for popup...
2024-10-03 15:24:05 INFO  utils.Hooks - Popup window closed by clicking 'I agree' button
2024-10-03 15:24:06 INFO  ui.stepsdef.CommonSteps - Opened the homepage
2024-10-03 15:24:08 INFO  ui.stepsdef.CommonSteps - Clicked on Products link
2024-10-03 15:24:08 INFO  ui.pages.ProductsPage - No banner found, proceeding.
2024-10-03 15:24:08 INFO  ui.pages.ProductsPage - Clicking on product at index: 0
2024-10-03 15:24:11 INFO  ui.pages.ProductsPage - Successfully clicked on product at index: 0
2024-10-03 15:24:11 INFO  ui.stepsdef.ProductDetailsInformationSteps - Clicked on a product
2024-10-03 15:24:12 ERROR utils.Hooks - Test failed: View product details
2024-10-03 15:24:12 INFO  utils.ScreenshotUtil - Screenshot taken: screenshots/View product details_1727961852322.png
2024-10-03 15:24:12 INFO  utils.Hooks - Driver quit
2024-10-03 15:40:52 INFO  org.testng.internal.Utils - [XmlSuite] [WARN] 'parallel' value 'false' is no longer valid, defaulting to 'none'.
2024-10-03 15:40:53 INFO  io.github.bonigarcia.wdm.WebDriverManager - Using chromedriver 129.0.6668.89 (resolved driver for Chrome 129)
2024-10-03 15:40:53 INFO  io.github.bonigarcia.wdm.WebDriverManager - Exporting webdriver.chrome.driver as C:\Users\iryna\.cache\selenium\chromedriver\win64\129.0.6668.89\chromedriver.exe
2024-10-03 15:40:54 INFO  utils.Hooks - Driver initialized
2024-10-03 15:40:57 INFO  utils.Hooks - Navigated to base URL
2024-10-03 15:40:57 INFO  utils.Hooks - Checking for popup...
2024-10-03 15:40:57 INFO  utils.Hooks - Popup window closed by clicking 'I agree' button
2024-10-03 15:40:59 INFO  ui.stepsdef.CommonSteps - Opened the homepage
2024-10-03 15:41:01 INFO  ui.stepsdef.CommonSteps - Clicked on Products link
2024-10-03 15:41:01 INFO  ui.pages.ProductsPage - No banner found, proceeding.
2024-10-03 15:41:01 INFO  ui.pages.ProductsPage - Clicking on product at index: 0
2024-10-03 15:41:01 INFO  ui.pages.ProductsPage - Successfully clicked on product at index: 0
2024-10-03 15:41:01 INFO  ui.stepsdef.ProductDetailsInformationSteps - Clicked on a product
2024-10-03 15:41:01 ERROR utils.Hooks - Test failed: View product details
2024-10-03 15:41:01 INFO  utils.ScreenshotUtil - Screenshot taken: screenshots/View product details_1727962861830.png
2024-10-03 15:41:02 INFO  utils.Hooks - Driver quit
2024-10-03 15:48:12 INFO  org.testng.internal.Utils - [XmlSuite] [WARN] 'parallel' value 'false' is no longer valid, defaulting to 'none'.
2024-10-03 15:48:13 INFO  io.github.bonigarcia.wdm.WebDriverManager - Using chromedriver 129.0.6668.89 (resolved driver for Chrome 129)
2024-10-03 15:48:13 INFO  io.github.bonigarcia.wdm.WebDriverManager - Exporting webdriver.chrome.driver as C:\Users\iryna\.cache\selenium\chromedriver\win64\129.0.6668.89\chromedriver.exe
2024-10-03 15:48:13 INFO  utils.Hooks - Driver initialized
2024-10-03 15:48:15 INFO  utils.Hooks - Navigated to base URL
2024-10-03 15:48:15 INFO  utils.Hooks - Checking for popup...
2024-10-03 15:48:15 INFO  utils.Hooks - Popup window closed by clicking 'I agree' button
2024-10-03 15:48:17 INFO  ui.stepsdef.CommonSteps - Opened the homepage
2024-10-03 15:48:19 INFO  ui.stepsdef.CommonSteps - Clicked on Products link
2024-10-03 15:48:19 INFO  ui.pages.ProductsPage - No banner found, proceeding.
2024-10-03 15:48:19 INFO  ui.pages.ProductsPage - Clicking on product at index: 0
2024-10-03 15:48:19 INFO  ui.pages.ProductsPage - Successfully clicked on product at index: 0
2024-10-03 15:48:19 INFO  ui.stepsdef.ProductDetailsInformationSteps - Clicked on a product
2024-10-03 15:48:19 ERROR utils.Hooks - Test failed: View product details
2024-10-03 15:48:19 INFO  utils.ScreenshotUtil - Screenshot taken: screenshots/View product details_1727963299974.png
2024-10-03 15:48:20 INFO  utils.Hooks - Driver quit
2024-10-03 16:18:37 INFO  org.testng.internal.Utils - [XmlSuite] [WARN] 'parallel' value 'false' is no longer valid, defaulting to 'none'.
2024-10-03 16:18:38 INFO  io.github.bonigarcia.wdm.WebDriverManager - Using chromedriver 129.0.6668.89 (resolved driver for Chrome 129)
2024-10-03 16:18:38 INFO  io.github.bonigarcia.wdm.WebDriverManager - Exporting webdriver.chrome.driver as C:\Users\iryna\.cache\selenium\chromedriver\win64\129.0.6668.89\chromedriver.exe
2024-10-03 16:18:38 INFO  utils.Hooks - Driver initialized
2024-10-03 16:18:40 INFO  utils.Hooks - Navigated to base URL
2024-10-03 16:18:40 INFO  utils.Hooks - Checking for popup...
2024-10-03 16:18:40 INFO  utils.Hooks - Popup window closed by clicking 'I agree' button
2024-10-03 16:18:42 INFO  ui.stepsdef.CommonSteps - Opened the homepage
2024-10-03 16:18:44 INFO  ui.stepsdef.CommonSteps - Clicked on Products link
2024-10-03 16:18:44 INFO  utils.Hooks - Test passed: View product details
2024-10-03 16:18:44 INFO  utils.ScreenshotUtil - Screenshot taken: screenshots/View product details_1727965124283.png
2024-10-03 16:18:44 INFO  utils.Hooks - Driver quit
2024-10-03 16:20:45 INFO  org.testng.internal.Utils - [XmlSuite] [WARN] 'parallel' value 'false' is no longer valid, defaulting to 'none'.
2024-10-03 16:20:45 INFO  io.github.bonigarcia.wdm.WebDriverManager - Using chromedriver 129.0.6668.89 (resolved driver for Chrome 129)
2024-10-03 16:20:45 INFO  io.github.bonigarcia.wdm.WebDriverManager - Exporting webdriver.chrome.driver as C:\Users\iryna\.cache\selenium\chromedriver\win64\129.0.6668.89\chromedriver.exe
2024-10-03 16:20:46 INFO  utils.Hooks - Driver initialized
2024-10-03 16:20:48 INFO  utils.Hooks - Navigated to base URL
2024-10-03 16:20:48 INFO  utils.Hooks - Checking for popup...
2024-10-03 16:20:48 INFO  utils.Hooks - Popup window closed by clicking 'I agree' button
2024-10-03 16:20:49 INFO  ui.stepsdef.CommonSteps - Opened the homepage
2024-10-03 16:20:50 INFO  ui.stepsdef.CommonSteps - Clicked on Products link
2024-10-03 16:20:50 INFO  ui.pages.ProductsPage - No banner found, proceeding.
2024-10-03 16:20:50 INFO  ui.pages.ProductsPage - Clicking on the first product
2024-10-03 16:20:51 INFO  ui.pages.ProductsPage - Successfully clicked on the first product
2024-10-03 16:20:51 INFO  ui.stepsdef.ProductDetailsInformationSteps - Clicked on the 'View Product' button for the first product
2024-10-03 16:20:51 ERROR utils.Hooks - Test failed: View product details
2024-10-03 16:20:51 INFO  utils.ScreenshotUtil - Screenshot taken: screenshots/View product details_1727965251258.png
2024-10-03 16:20:51 INFO  utils.Hooks - Driver quit
2024-10-03 16:25:23 INFO  org.testng.internal.Utils - [XmlSuite] [WARN] 'parallel' value 'false' is no longer valid, defaulting to 'none'.
2024-10-03 16:25:24 INFO  io.github.bonigarcia.wdm.WebDriverManager - Using chromedriver 129.0.6668.89 (resolved driver for Chrome 129)
2024-10-03 16:25:24 INFO  io.github.bonigarcia.wdm.WebDriverManager - Exporting webdriver.chrome.driver as C:\Users\iryna\.cache\selenium\chromedriver\win64\129.0.6668.89\chromedriver.exe
2024-10-03 16:25:25 INFO  utils.Hooks - Driver initialized
2024-10-03 16:25:26 INFO  utils.Hooks - Navigated to base URL
2024-10-03 16:25:26 INFO  utils.Hooks - Checking for popup...
2024-10-03 16:25:26 INFO  utils.Hooks - Popup window closed by clicking 'I agree' button
2024-10-03 16:25:28 INFO  ui.stepsdef.CommonSteps - Opened the homepage
2024-10-03 16:25:29 INFO  ui.stepsdef.CommonSteps - Clicked on Products link
2024-10-03 16:25:29 INFO  ui.pages.ProductsPage - No banner found, proceeding.
2024-10-03 16:25:29 INFO  ui.pages.ProductsPage - Clicking on the first product
2024-10-03 16:25:29 INFO  ui.pages.ProductsPage - Successfully clicked on the first product
2024-10-03 16:25:29 INFO  ui.stepsdef.ProductDetailsInformationSteps - Clicked on the 'View Product' button for the first product
2024-10-03 16:25:29 ERROR utils.Hooks - Test failed: View product details
2024-10-03 16:25:30 INFO  utils.ScreenshotUtil - Screenshot taken: screenshots/View product details_1727965530167.png
2024-10-03 16:25:30 INFO  utils.Hooks - Driver quit
2024-10-03 16:30:10 INFO  org.testng.internal.Utils - [XmlSuite] [WARN] 'parallel' value 'false' is no longer valid, defaulting to 'none'.
2024-10-03 16:30:10 INFO  io.github.bonigarcia.wdm.WebDriverManager - Using chromedriver 129.0.6668.89 (resolved driver for Chrome 129)
2024-10-03 16:30:11 INFO  io.github.bonigarcia.wdm.WebDriverManager - Exporting webdriver.chrome.driver as C:\Users\iryna\.cache\selenium\chromedriver\win64\129.0.6668.89\chromedriver.exe
2024-10-03 16:30:11 INFO  utils.Hooks - Driver initialized
2024-10-03 16:30:14 INFO  utils.Hooks - Navigated to base URL
2024-10-03 16:30:14 INFO  utils.Hooks - Checking for popup...
2024-10-03 16:30:14 INFO  utils.Hooks - Popup window closed by clicking 'I agree' button
2024-10-03 16:30:15 INFO  ui.stepsdef.CommonSteps - Opened the homepage
2024-10-03 16:30:18 INFO  ui.stepsdef.CommonSteps - Clicked on Products link
2024-10-03 16:30:18 INFO  ui.pages.ProductsPage - No banner found, proceeding.
2024-10-03 16:30:18 INFO  ui.pages.ProductsPage - Clicking on the first product
2024-10-03 16:30:18 INFO  ui.pages.ProductsPage - Successfully clicked on the first product
2024-10-03 16:30:18 INFO  ui.stepsdef.ProductDetailsInformationSteps - Clicked on the 'View Product' button for the first product
2024-10-03 16:30:18 ERROR utils.Hooks - Test failed: View product details
2024-10-03 16:30:18 INFO  utils.ScreenshotUtil - Screenshot taken: screenshots/View product details_1727965818601.png
2024-10-03 16:30:18 INFO  utils.Hooks - Driver quit
2024-10-03 16:31:36 INFO  org.testng.internal.Utils - [XmlSuite] [WARN] 'parallel' value 'false' is no longer valid, defaulting to 'none'.
2024-10-03 16:31:37 INFO  io.github.bonigarcia.wdm.WebDriverManager - Using chromedriver 129.0.6668.89 (resolved driver for Chrome 129)
2024-10-03 16:31:37 INFO  io.github.bonigarcia.wdm.WebDriverManager - Exporting webdriver.chrome.driver as C:\Users\iryna\.cache\selenium\chromedriver\win64\129.0.6668.89\chromedriver.exe
2024-10-03 16:31:37 INFO  utils.Hooks - Driver initialized
2024-10-03 16:31:39 INFO  utils.Hooks - Navigated to base URL
2024-10-03 16:31:39 INFO  utils.Hooks - Checking for popup...
2024-10-03 16:31:39 INFO  utils.Hooks - Popup window closed by clicking 'I agree' button
2024-10-03 16:31:41 INFO  ui.stepsdef.CommonSteps - Opened the homepage
2024-10-03 16:31:44 INFO  ui.stepsdef.CommonSteps - Clicked on Products link
2024-10-03 16:31:44 INFO  ui.pages.ProductsPage - No banner found, proceeding.
2024-10-03 16:31:44 INFO  ui.pages.ProductsPage - Clicking on the first product
2024-10-03 16:31:44 INFO  ui.pages.ProductsPage - Successfully clicked on the first product
2024-10-03 16:31:44 INFO  ui.stepsdef.ProductDetailsInformationSteps - Clicked on the 'View Product' button for the first product
2024-10-03 16:31:44 ERROR utils.Hooks - Test failed: View product details
2024-10-03 16:31:44 INFO  utils.ScreenshotUtil - Screenshot taken: screenshots/View product details_1727965904786.png
2024-10-03 16:31:44 INFO  utils.Hooks - Driver quit
2024-10-03 16:38:30 INFO  org.testng.internal.Utils - [XmlSuite] [WARN] 'parallel' value 'false' is no longer valid, defaulting to 'none'.
2024-10-03 16:38:30 INFO  io.github.bonigarcia.wdm.WebDriverManager - Using chromedriver 129.0.6668.89 (resolved driver for Chrome 129)
2024-10-03 16:38:30 INFO  io.github.bonigarcia.wdm.WebDriverManager - Exporting webdriver.chrome.driver as C:\Users\iryna\.cache\selenium\chromedriver\win64\129.0.6668.89\chromedriver.exe
2024-10-03 16:38:31 INFO  utils.Hooks - Driver initialized
2024-10-03 16:38:33 INFO  utils.Hooks - Navigated to base URL
2024-10-03 16:38:33 INFO  utils.Hooks - Checking for popup...
2024-10-03 16:38:33 INFO  utils.Hooks - Popup window closed by clicking 'I agree' button
2024-10-03 16:38:35 INFO  ui.stepsdef.CommonSteps - Opened the homepage
2024-10-03 16:38:36 INFO  ui.stepsdef.CommonSteps - Clicked on Products link
2024-10-03 16:38:36 INFO  ui.pages.ProductsPage - No banner found, proceeding.
2024-10-03 16:38:38 INFO  ui.pages.ProductsPage - Scrolled to the product at index: 0 and clicked.
2024-10-03 16:38:38 INFO  ui.stepsdef.ProductDetailsInformationSteps - Clicked on the 'View Product' button for the first product
2024-10-03 16:38:38 INFO  ui.stepsdef.ProductDetailsInformationSteps - Product details are displayed correctly
2024-10-03 16:38:38 INFO  utils.Hooks - Test passed: View product details
2024-10-03 16:38:38 INFO  utils.ScreenshotUtil - Screenshot taken: screenshots/View product details_1727966318807.png
2024-10-03 16:38:38 INFO  utils.Hooks - Driver quit
2024-10-03 16:55:26 INFO  org.testng.internal.Utils - [XmlSuite] [WARN] 'parallel' value 'false' is no longer valid, defaulting to 'none'.
2024-10-03 16:55:27 INFO  org.littleshoot.proxy.impl.DefaultHttpProxyServer - Starting proxy at address: 0.0.0.0/0.0.0.0:0
2024-10-03 16:55:27 INFO  org.littleshoot.proxy.impl.DefaultHttpProxyServer - Proxy listening with TCP transport
2024-10-03 16:55:27 INFO  org.littleshoot.proxy.impl.DefaultHttpProxyServer - Proxy started at address: /0:0:0:0:0:0:0:0:52009
2024-10-03 16:55:27 INFO  io.github.bonigarcia.wdm.WebDriverManager - Using chromedriver 129.0.6668.89 (resolved driver for Chrome 129)
2024-10-03 16:55:27 INFO  io.github.bonigarcia.wdm.WebDriverManager - Exporting webdriver.chrome.driver as C:\Users\iryna\.cache\selenium\chromedriver\win64\129.0.6668.89\chromedriver.exe
2024-10-03 16:55:28 INFO  utils.Hooks - Driver initialized
2024-10-03 16:55:28 ERROR org.littleshoot.proxy.impl.ClientToProxyConnection - (NEGOTIATING_CONNECT) [id: 0xdd6f7984, L:0.0.0.0/0.0.0.0:52009 ! R:/0:0:0:0:0:0:0:1:52017]: Caught an exception on ClientToProxyConnection
io.netty.handler.codec.DecoderException: javax.net.ssl.SSLHandshakeException: Received fatal alert: certificate_unknown
	at io.netty.handler.codec.ByteToMessageDecoder.callDecode(ByteToMessageDecoder.java:461) ~[netty-all-4.0.51.Final.jar:4.0.51.Final]
	at io.netty.handler.codec.ByteToMessageDecoder.channelRead(ByteToMessageDecoder.java:267) ~[netty-all-4.0.51.Final.jar:4.0.51.Final]
	at io.netty.channel.AbstractChannelHandlerContext.invokeChannelRead(AbstractChannelHandlerContext.java:356) [netty-all-4.0.51.Final.jar:4.0.51.Final]
	at io.netty.channel.AbstractChannelHandlerContext.invokeChannelRead(AbstractChannelHandlerContext.java:342) [netty-all-4.0.51.Final.jar:4.0.51.Final]
	at io.netty.channel.AbstractChannelHandlerContext.fireChannelRead(AbstractChannelHandlerContext.java:335) [netty-all-4.0.51.Final.jar:4.0.51.Final]
	at io.netty.channel.DefaultChannelPipeline$HeadContext.channelRead(DefaultChannelPipeline.java:1302) [netty-all-4.0.51.Final.jar:4.0.51.Final]
	at io.netty.channel.AbstractChannelHandlerContext.invokeChannelRead(AbstractChannelHandlerContext.java:356) [netty-all-4.0.51.Final.jar:4.0.51.Final]
	at io.netty.channel.AbstractChannelHandlerContext.invokeChannelRead(AbstractChannelHandlerContext.java:342) [netty-all-4.0.51.Final.jar:4.0.51.Final]
	at io.netty.channel.DefaultChannelPipeline.fireChannelRead(DefaultChannelPipeline.java:919) [netty-all-4.0.51.Final.jar:4.0.51.Final]
	at io.netty.channel.nio.AbstractNioByteChannel$NioByteUnsafe.read(AbstractNioByteChannel.java:131) [netty-all-4.0.51.Final.jar:4.0.51.Final]
	at io.netty.channel.nio.NioEventLoop.processSelectedKey(NioEventLoop.java:646) [netty-all-4.0.51.Final.jar:4.0.51.Final]
	at io.netty.channel.nio.NioEventLoop.processSelectedKeysOptimized(NioEventLoop.java:581) [netty-all-4.0.51.Final.jar:4.0.51.Final]
	at io.netty.channel.nio.NioEventLoop.processSelectedKeys(NioEventLoop.java:498) [netty-all-4.0.51.Final.jar:4.0.51.Final]
	at io.netty.channel.nio.NioEventLoop.run(NioEventLoop.java:460) [netty-all-4.0.51.Final.jar:4.0.51.Final]
	at io.netty.util.concurrent.SingleThreadEventExecutor$2.run(SingleThreadEventExecutor.java:131) [netty-all-4.0.51.Final.jar:4.0.51.Final]
	at java.lang.Thread.run(Thread.java:829) [?:?]
Caused by: javax.net.ssl.SSLHandshakeException: Received fatal alert: certificate_unknown
	at sun.security.ssl.Alert.createSSLException(Alert.java:131) ~[?:?]
	at sun.security.ssl.Alert.createSSLException(Alert.java:117) ~[?:?]
	at sun.security.ssl.TransportContext.fatal(TransportContext.java:347) ~[?:?]
	at sun.security.ssl.Alert$AlertConsumer.consume(Alert.java:293) ~[?:?]
	at sun.security.ssl.TransportContext.dispatch(TransportContext.java:186) ~[?:?]
	at sun.security.ssl.SSLTransport.decode(SSLTransport.java:172) ~[?:?]
	at sun.security.ssl.SSLEngineImpl.decode(SSLEngineImpl.java:681) ~[?:?]
	at sun.security.ssl.SSLEngineImpl.readRecord(SSLEngineImpl.java:636) ~[?:?]
	at sun.security.ssl.SSLEngineImpl.unwrap(SSLEngineImpl.java:454) ~[?:?]
	at sun.security.ssl.SSLEngineImpl.unwrap(SSLEngineImpl.java:433) ~[?:?]
	at javax.net.ssl.SSLEngine.unwrap(SSLEngine.java:637) ~[?:?]
	at io.netty.handler.ssl.SslHandler$SslEngineType$3.unwrap(SslHandler.java:272) ~[netty-all-4.0.51.Final.jar:4.0.51.Final]
	at io.netty.handler.ssl.SslHandler.unwrap(SslHandler.java:1175) ~[netty-all-4.0.51.Final.jar:4.0.51.Final]
	at io.netty.handler.ssl.SslHandler.decodeJdkCompatible(SslHandler.java:1087) ~[netty-all-4.0.51.Final.jar:4.0.51.Final]
	at io.netty.handler.ssl.SslHandler.decode(SslHandler.java:1122) ~[netty-all-4.0.51.Final.jar:4.0.51.Final]
	at io.netty.handler.codec.ByteToMessageDecoder.decodeRemovalReentryProtection(ByteToMessageDecoder.java:491) ~[netty-all-4.0.51.Final.jar:4.0.51.Final]
	at io.netty.handler.codec.ByteToMessageDecoder.callDecode(ByteToMessageDecoder.java:430) ~[netty-all-4.0.51.Final.jar:4.0.51.Final]
	... 15 more
2024-10-03 16:55:28 INFO  org.littleshoot.proxy.impl.ProxyToServerConnection - (HANDSHAKING) [id: 0x97e4bd97, L:0.0.0.0/0.0.0.0:52018]: Connection to upstream server failed
javax.net.ssl.SSLHandshakeException: Received fatal alert: certificate_unknown
	at sun.security.ssl.Alert.createSSLException(Alert.java:131) ~[?:?]
	at sun.security.ssl.Alert.createSSLException(Alert.java:117) ~[?:?]
	at sun.security.ssl.TransportContext.fatal(TransportContext.java:347) ~[?:?]
	at sun.security.ssl.Alert$AlertConsumer.consume(Alert.java:293) ~[?:?]
	at sun.security.ssl.TransportContext.dispatch(TransportContext.java:186) ~[?:?]
	at sun.security.ssl.SSLTransport.decode(SSLTransport.java:172) ~[?:?]
	at sun.security.ssl.SSLEngineImpl.decode(SSLEngineImpl.java:681) ~[?:?]
	at sun.security.ssl.SSLEngineImpl.readRecord(SSLEngineImpl.java:636) ~[?:?]
	at sun.security.ssl.SSLEngineImpl.unwrap(SSLEngineImpl.java:454) ~[?:?]
	at sun.security.ssl.SSLEngineImpl.unwrap(SSLEngineImpl.java:433) ~[?:?]
	at javax.net.ssl.SSLEngine.unwrap(SSLEngine.java:637) ~[?:?]
	at io.netty.handler.ssl.SslHandler$SslEngineType$3.unwrap(SslHandler.java:272) ~[netty-all-4.0.51.Final.jar:4.0.51.Final]
	at io.netty.handler.ssl.SslHandler.unwrap(SslHandler.java:1175) ~[netty-all-4.0.51.Final.jar:4.0.51.Final]
	at io.netty.handler.ssl.SslHandler.decodeJdkCompatible(SslHandler.java:1087) ~[netty-all-4.0.51.Final.jar:4.0.51.Final]
	at io.netty.handler.ssl.SslHandler.decode(SslHandler.java:1122) ~[netty-all-4.0.51.Final.jar:4.0.51.Final]
	at io.netty.handler.codec.ByteToMessageDecoder.decodeRemovalReentryProtection(ByteToMessageDecoder.java:491) ~[netty-all-4.0.51.Final.jar:4.0.51.Final]
	at io.netty.handler.codec.ByteToMessageDecoder.callDecode(ByteToMessageDecoder.java:430) ~[netty-all-4.0.51.Final.jar:4.0.51.Final]
	at io.netty.handler.codec.ByteToMessageDecoder.channelRead(ByteToMessageDecoder.java:267) ~[netty-all-4.0.51.Final.jar:4.0.51.Final]
	at io.netty.channel.AbstractChannelHandlerContext.invokeChannelRead(AbstractChannelHandlerContext.java:356) ~[netty-all-4.0.51.Final.jar:4.0.51.Final]
	at io.netty.channel.AbstractChannelHandlerContext.invokeChannelRead(AbstractChannelHandlerContext.java:342) ~[netty-all-4.0.51.Final.jar:4.0.51.Final]
	at io.netty.channel.AbstractChannelHandlerContext.fireChannelRead(AbstractChannelHandlerContext.java:335) ~[netty-all-4.0.51.Final.jar:4.0.51.Final]
	at io.netty.channel.DefaultChannelPipeline$HeadContext.channelRead(DefaultChannelPipeline.java:1302) ~[netty-all-4.0.51.Final.jar:4.0.51.Final]
	at io.netty.channel.AbstractChannelHandlerContext.invokeChannelRead(AbstractChannelHandlerContext.java:356) ~[netty-all-4.0.51.Final.jar:4.0.51.Final]
	at io.netty.channel.AbstractChannelHandlerContext.invokeChannelRead(AbstractChannelHandlerContext.java:342) ~[netty-all-4.0.51.Final.jar:4.0.51.Final]
	at io.netty.channel.DefaultChannelPipeline.fireChannelRead(DefaultChannelPipeline.java:919) ~[netty-all-4.0.51.Final.jar:4.0.51.Final]
	at io.netty.channel.nio.AbstractNioByteChannel$NioByteUnsafe.read(AbstractNioByteChannel.java:131) ~[netty-all-4.0.51.Final.jar:4.0.51.Final]
	at io.netty.channel.nio.NioEventLoop.processSelectedKey(NioEventLoop.java:646) ~[netty-all-4.0.51.Final.jar:4.0.51.Final]
	at io.netty.channel.nio.NioEventLoop.processSelectedKeysOptimized(NioEventLoop.java:581) ~[netty-all-4.0.51.Final.jar:4.0.51.Final]
	at io.netty.channel.nio.NioEventLoop.processSelectedKeys(NioEventLoop.java:498) ~[netty-all-4.0.51.Final.jar:4.0.51.Final]
	at io.netty.channel.nio.NioEventLoop.run(NioEventLoop.java:460) [netty-all-4.0.51.Final.jar:4.0.51.Final]
	at io.netty.util.concurrent.SingleThreadEventExecutor$2.run(SingleThreadEventExecutor.java:131) [netty-all-4.0.51.Final.jar:4.0.51.Final]
	at java.lang.Thread.run(Thread.java:829) [?:?]
2024-10-03 16:55:28 ERROR org.littleshoot.proxy.impl.ClientToProxyConnection - (NEGOTIATING_CONNECT) [id: 0x25badafe, L:0.0.0.0/0.0.0.0:52009 ! R:/0:0:0:0:0:0:0:1:52126]: Caught an exception on ClientToProxyConnection
io.netty.handler.codec.DecoderException: javax.net.ssl.SSLHandshakeException: Received fatal alert: certificate_unknown
	at io.netty.handler.codec.ByteToMessageDecoder.callDecode(ByteToMessageDecoder.java:461) ~[netty-all-4.0.51.Final.jar:4.0.51.Final]
	at io.netty.handler.codec.ByteToMessageDecoder.channelRead(ByteToMessageDecoder.java:267) ~[netty-all-4.0.51.Final.jar:4.0.51.Final]
	at io.netty.channel.AbstractChannelHandlerContext.invokeChannelRead(AbstractChannelHandlerContext.java:356) [netty-all-4.0.51.Final.jar:4.0.51.Final]
	at io.netty.channel.AbstractChannelHandlerContext.invokeChannelRead(AbstractChannelHandlerContext.java:342) [netty-all-4.0.51.Final.jar:4.0.51.Final]
	at io.netty.channel.AbstractChannelHandlerContext.fireChannelRead(AbstractChannelHandlerContext.java:335) [netty-all-4.0.51.Final.jar:4.0.51.Final]
	at io.netty.channel.DefaultChannelPipeline$HeadContext.channelRead(DefaultChannelPipeline.java:1302) [netty-all-4.0.51.Final.jar:4.0.51.Final]
	at io.netty.channel.AbstractChannelHandlerContext.invokeChannelRead(AbstractChannelHandlerContext.java:356) [netty-all-4.0.51.Final.jar:4.0.51.Final]
	at io.netty.channel.AbstractChannelHandlerContext.invokeChannelRead(AbstractChannelHandlerContext.java:342) [netty-all-4.0.51.Final.jar:4.0.51.Final]
	at io.netty.channel.DefaultChannelPipeline.fireChannelRead(DefaultChannelPipeline.java:919) [netty-all-4.0.51.Final.jar:4.0.51.Final]
	at io.netty.channel.nio.AbstractNioByteChannel$NioByteUnsafe.read(AbstractNioByteChannel.java:131) [netty-all-4.0.51.Final.jar:4.0.51.Final]
	at io.netty.channel.nio.NioEventLoop.processSelectedKey(NioEventLoop.java:646) [netty-all-4.0.51.Final.jar:4.0.51.Final]
	at io.netty.channel.nio.NioEventLoop.processSelectedKeysOptimized(NioEventLoop.java:581) [netty-all-4.0.51.Final.jar:4.0.51.Final]
	at io.netty.channel.nio.NioEventLoop.processSelectedKeys(NioEventLoop.java:498) [netty-all-4.0.51.Final.jar:4.0.51.Final]
	at io.netty.channel.nio.NioEventLoop.run(NioEventLoop.java:460) [netty-all-4.0.51.Final.jar:4.0.51.Final]
	at io.netty.util.concurrent.SingleThreadEventExecutor$2.run(SingleThreadEventExecutor.java:131) [netty-all-4.0.51.Final.jar:4.0.51.Final]
	at java.lang.Thread.run(Thread.java:829) [?:?]
Caused by: javax.net.ssl.SSLHandshakeException: Received fatal alert: certificate_unknown
	at sun.security.ssl.Alert.createSSLException(Alert.java:131) ~[?:?]
	at sun.security.ssl.Alert.createSSLException(Alert.java:117) ~[?:?]
	at sun.security.ssl.TransportContext.fatal(TransportContext.java:347) ~[?:?]
	at sun.security.ssl.Alert$AlertConsumer.consume(Alert.java:293) ~[?:?]
	at sun.security.ssl.TransportContext.dispatch(TransportContext.java:186) ~[?:?]
	at sun.security.ssl.SSLTransport.decode(SSLTransport.java:172) ~[?:?]
	at sun.security.ssl.SSLEngineImpl.decode(SSLEngineImpl.java:681) ~[?:?]
	at sun.security.ssl.SSLEngineImpl.readRecord(SSLEngineImpl.java:636) ~[?:?]
	at sun.security.ssl.SSLEngineImpl.unwrap(SSLEngineImpl.java:454) ~[?:?]
	at sun.security.ssl.SSLEngineImpl.unwrap(SSLEngineImpl.java:433) ~[?:?]
	at javax.net.ssl.SSLEngine.unwrap(SSLEngine.java:637) ~[?:?]
	at io.netty.handler.ssl.SslHandler$SslEngineType$3.unwrap(SslHandler.java:272) ~[netty-all-4.0.51.Final.jar:4.0.51.Final]
	at io.netty.handler.ssl.SslHandler.unwrap(SslHandler.java:1175) ~[netty-all-4.0.51.Final.jar:4.0.51.Final]
	at io.netty.handler.ssl.SslHandler.decodeJdkCompatible(SslHandler.java:1087) ~[netty-all-4.0.51.Final.jar:4.0.51.Final]
	at io.netty.handler.ssl.SslHandler.decode(SslHandler.java:1122) ~[netty-all-4.0.51.Final.jar:4.0.51.Final]
	at io.netty.handler.codec.ByteToMessageDecoder.decodeRemovalReentryProtection(ByteToMessageDecoder.java:491) ~[netty-all-4.0.51.Final.jar:4.0.51.Final]
	at io.netty.handler.codec.ByteToMessageDecoder.callDecode(ByteToMessageDecoder.java:430) ~[netty-all-4.0.51.Final.jar:4.0.51.Final]
	... 15 more
2024-10-03 16:55:28 ERROR org.littleshoot.proxy.impl.ClientToProxyConnection - (NEGOTIATING_CONNECT) [id: 0x9287f84e, L:0.0.0.0/0.0.0.0:52009 ! R:/0:0:0:0:0:0:0:1:52127]: Caught an exception on ClientToProxyConnection
io.netty.handler.codec.DecoderException: javax.net.ssl.SSLHandshakeException: Received fatal alert: certificate_unknown
	at io.netty.handler.codec.ByteToMessageDecoder.callDecode(ByteToMessageDecoder.java:461) ~[netty-all-4.0.51.Final.jar:4.0.51.Final]
	at io.netty.handler.codec.ByteToMessageDecoder.channelRead(ByteToMessageDecoder.java:267) ~[netty-all-4.0.51.Final.jar:4.0.51.Final]
	at io.netty.channel.AbstractChannelHandlerContext.invokeChannelRead(AbstractChannelHandlerContext.java:356) [netty-all-4.0.51.Final.jar:4.0.51.Final]
	at io.netty.channel.AbstractChannelHandlerContext.invokeChannelRead(AbstractChannelHandlerContext.java:342) [netty-all-4.0.51.Final.jar:4.0.51.Final]
	at io.netty.channel.AbstractChannelHandlerContext.fireChannelRead(AbstractChannelHandlerContext.java:335) [netty-all-4.0.51.Final.jar:4.0.51.Final]
	at io.netty.channel.DefaultChannelPipeline$HeadContext.channelRead(DefaultChannelPipeline.java:1302) [netty-all-4.0.51.Final.jar:4.0.51.Final]
	at io.netty.channel.AbstractChannelHandlerContext.invokeChannelRead(AbstractChannelHandlerContext.java:356) [netty-all-4.0.51.Final.jar:4.0.51.Final]
	at io.netty.channel.AbstractChannelHandlerContext.invokeChannelRead(AbstractChannelHandlerContext.java:342) [netty-all-4.0.51.Final.jar:4.0.51.Final]
	at io.netty.channel.DefaultChannelPipeline.fireChannelRead(DefaultChannelPipeline.java:919) [netty-all-4.0.51.Final.jar:4.0.51.Final]
	at io.netty.channel.nio.AbstractNioByteChannel$NioByteUnsafe.read(AbstractNioByteChannel.java:131) [netty-all-4.0.51.Final.jar:4.0.51.Final]
	at io.netty.channel.nio.NioEventLoop.processSelectedKey(NioEventLoop.java:646) [netty-all-4.0.51.Final.jar:4.0.51.Final]
	at io.netty.channel.nio.NioEventLoop.processSelectedKeysOptimized(NioEventLoop.java:581) [netty-all-4.0.51.Final.jar:4.0.51.Final]
	at io.netty.channel.nio.NioEventLoop.processSelectedKeys(NioEventLoop.java:498) [netty-all-4.0.51.Final.jar:4.0.51.Final]
	at io.netty.channel.nio.NioEventLoop.run(NioEventLoop.java:460) [netty-all-4.0.51.Final.jar:4.0.51.Final]
	at io.netty.util.concurrent.SingleThreadEventExecutor$2.run(SingleThreadEventExecutor.java:131) [netty-all-4.0.51.Final.jar:4.0.51.Final]
	at java.lang.Thread.run(Thread.java:829) [?:?]
Caused by: javax.net.ssl.SSLHandshakeException: Received fatal alert: certificate_unknown
	at sun.security.ssl.Alert.createSSLException(Alert.java:131) ~[?:?]
	at sun.security.ssl.Alert.createSSLException(Alert.java:117) ~[?:?]
	at sun.security.ssl.TransportContext.fatal(TransportContext.java:347) ~[?:?]
	at sun.security.ssl.Alert$AlertConsumer.consume(Alert.java:293) ~[?:?]
	at sun.security.ssl.TransportContext.dispatch(TransportContext.java:186) ~[?:?]
	at sun.security.ssl.SSLTransport.decode(SSLTransport.java:172) ~[?:?]
	at sun.security.ssl.SSLEngineImpl.decode(SSLEngineImpl.java:681) ~[?:?]
	at sun.security.ssl.SSLEngineImpl.readRecord(SSLEngineImpl.java:636) ~[?:?]
	at sun.security.ssl.SSLEngineImpl.unwrap(SSLEngineImpl.java:454) ~[?:?]
	at sun.security.ssl.SSLEngineImpl.unwrap(SSLEngineImpl.java:433) ~[?:?]
	at javax.net.ssl.SSLEngine.unwrap(SSLEngine.java:637) ~[?:?]
	at io.netty.handler.ssl.SslHandler$SslEngineType$3.unwrap(SslHandler.java:272) ~[netty-all-4.0.51.Final.jar:4.0.51.Final]
	at io.netty.handler.ssl.SslHandler.unwrap(SslHandler.java:1175) ~[netty-all-4.0.51.Final.jar:4.0.51.Final]
	at io.netty.handler.ssl.SslHandler.decodeJdkCompatible(SslHandler.java:1087) ~[netty-all-4.0.51.Final.jar:4.0.51.Final]
	at io.netty.handler.ssl.SslHandler.decode(SslHandler.java:1122) ~[netty-all-4.0.51.Final.jar:4.0.51.Final]
	at io.netty.handler.codec.ByteToMessageDecoder.decodeRemovalReentryProtection(ByteToMessageDecoder.java:491) ~[netty-all-4.0.51.Final.jar:4.0.51.Final]
	at io.netty.handler.codec.ByteToMessageDecoder.callDecode(ByteToMessageDecoder.java:430) ~[netty-all-4.0.51.Final.jar:4.0.51.Final]
	... 15 more
2024-10-03 16:55:28 INFO  org.littleshoot.proxy.impl.ProxyToServerConnection - (HANDSHAKING) [id: 0xf99da4dc, L:0.0.0.0/0.0.0.0:52128]: Connection to upstream server failed
javax.net.ssl.SSLHandshakeException: Received fatal alert: certificate_unknown
	at sun.security.ssl.Alert.createSSLException(Alert.java:131) ~[?:?]
	at sun.security.ssl.Alert.createSSLException(Alert.java:117) ~[?:?]
	at sun.security.ssl.TransportContext.fatal(TransportContext.java:347) ~[?:?]
	at sun.security.ssl.Alert$AlertConsumer.consume(Alert.java:293) ~[?:?]
	at sun.security.ssl.TransportContext.dispatch(TransportContext.java:186) ~[?:?]
	at sun.security.ssl.SSLTransport.decode(SSLTransport.java:172) ~[?:?]
	at sun.security.ssl.SSLEngineImpl.decode(SSLEngineImpl.java:681) ~[?:?]
	at sun.security.ssl.SSLEngineImpl.readRecord(SSLEngineImpl.java:636) ~[?:?]
	at sun.security.ssl.SSLEngineImpl.unwrap(SSLEngineImpl.java:454) ~[?:?]
	at sun.security.ssl.SSLEngineImpl.unwrap(SSLEngineImpl.java:433) ~[?:?]
	at javax.net.ssl.SSLEngine.unwrap(SSLEngine.java:637) ~[?:?]
	at io.netty.handler.ssl.SslHandler$SslEngineType$3.unwrap(SslHandler.java:272) ~[netty-all-4.0.51.Final.jar:4.0.51.Final]
	at io.netty.handler.ssl.SslHandler.unwrap(SslHandler.java:1175) ~[netty-all-4.0.51.Final.jar:4.0.51.Final]
	at io.netty.handler.ssl.SslHandler.decodeJdkCompatible(SslHandler.java:1087) ~[netty-all-4.0.51.Final.jar:4.0.51.Final]
	at io.netty.handler.ssl.SslHandler.decode(SslHandler.java:1122) ~[netty-all-4.0.51.Final.jar:4.0.51.Final]
	at io.netty.handler.codec.ByteToMessageDecoder.decodeRemovalReentryProtection(ByteToMessageDecoder.java:491) ~[netty-all-4.0.51.Final.jar:4.0.51.Final]
	at io.netty.handler.codec.ByteToMessageDecoder.callDecode(ByteToMessageDecoder.java:430) ~[netty-all-4.0.51.Final.jar:4.0.51.Final]
	at io.netty.handler.codec.ByteToMessageDecoder.channelRead(ByteToMessageDecoder.java:267) ~[netty-all-4.0.51.Final.jar:4.0.51.Final]
	at io.netty.channel.AbstractChannelHandlerContext.invokeChannelRead(AbstractChannelHandlerContext.java:356) ~[netty-all-4.0.51.Final.jar:4.0.51.Final]
	at io.netty.channel.AbstractChannelHandlerContext.invokeChannelRead(AbstractChannelHandlerContext.java:342) ~[netty-all-4.0.51.Final.jar:4.0.51.Final]
	at io.netty.channel.AbstractChannelHandlerContext.fireChannelRead(AbstractChannelHandlerContext.java:335) ~[netty-all-4.0.51.Final.jar:4.0.51.Final]
	at io.netty.channel.DefaultChannelPipeline$HeadContext.channelRead(DefaultChannelPipeline.java:1302) ~[netty-all-4.0.51.Final.jar:4.0.51.Final]
	at io.netty.channel.AbstractChannelHandlerContext.invokeChannelRead(AbstractChannelHandlerContext.java:356) ~[netty-all-4.0.51.Final.jar:4.0.51.Final]
	at io.netty.channel.AbstractChannelHandlerContext.invokeChannelRead(AbstractChannelHandlerContext.java:342) ~[netty-all-4.0.51.Final.jar:4.0.51.Final]
	at io.netty.channel.DefaultChannelPipeline.fireChannelRead(DefaultChannelPipeline.java:919) ~[netty-all-4.0.51.Final.jar:4.0.51.Final]
	at io.netty.channel.nio.AbstractNioByteChannel$NioByteUnsafe.read(AbstractNioByteChannel.java:131) ~[netty-all-4.0.51.Final.jar:4.0.51.Final]
	at io.netty.channel.nio.NioEventLoop.processSelectedKey(NioEventLoop.java:646) ~[netty-all-4.0.51.Final.jar:4.0.51.Final]
	at io.netty.channel.nio.NioEventLoop.processSelectedKeysOptimized(NioEventLoop.java:581) ~[netty-all-4.0.51.Final.jar:4.0.51.Final]
	at io.netty.channel.nio.NioEventLoop.processSelectedKeys(NioEventLoop.java:498) ~[netty-all-4.0.51.Final.jar:4.0.51.Final]
	at io.netty.channel.nio.NioEventLoop.run(NioEventLoop.java:460) [netty-all-4.0.51.Final.jar:4.0.51.Final]
	at io.netty.util.concurrent.SingleThreadEventExecutor$2.run(SingleThreadEventExecutor.java:131) [netty-all-4.0.51.Final.jar:4.0.51.Final]
	at java.lang.Thread.run(Thread.java:829) [?:?]
2024-10-03 16:55:28 INFO  org.littleshoot.proxy.impl.ProxyToServerConnection - (HANDSHAKING) [id: 0x726f5224, L:0.0.0.0/0.0.0.0:52129]: Connection to upstream server failed
javax.net.ssl.SSLHandshakeException: Received fatal alert: certificate_unknown
	at sun.security.ssl.Alert.createSSLException(Alert.java:131) ~[?:?]
	at sun.security.ssl.Alert.createSSLException(Alert.java:117) ~[?:?]
	at sun.security.ssl.TransportContext.fatal(TransportContext.java:347) ~[?:?]
	at sun.security.ssl.Alert$AlertConsumer.consume(Alert.java:293) ~[?:?]
	at sun.security.ssl.TransportContext.dispatch(TransportContext.java:186) ~[?:?]
	at sun.security.ssl.SSLTransport.decode(SSLTransport.java:172) ~[?:?]
	at sun.security.ssl.SSLEngineImpl.decode(SSLEngineImpl.java:681) ~[?:?]
	at sun.security.ssl.SSLEngineImpl.readRecord(SSLEngineImpl.java:636) ~[?:?]
	at sun.security.ssl.SSLEngineImpl.unwrap(SSLEngineImpl.java:454) ~[?:?]
	at sun.security.ssl.SSLEngineImpl.unwrap(SSLEngineImpl.java:433) ~[?:?]
	at javax.net.ssl.SSLEngine.unwrap(SSLEngine.java:637) ~[?:?]
	at io.netty.handler.ssl.SslHandler$SslEngineType$3.unwrap(SslHandler.java:272) ~[netty-all-4.0.51.Final.jar:4.0.51.Final]
	at io.netty.handler.ssl.SslHandler.unwrap(SslHandler.java:1175) ~[netty-all-4.0.51.Final.jar:4.0.51.Final]
	at io.netty.handler.ssl.SslHandler.decodeJdkCompatible(SslHandler.java:1087) ~[netty-all-4.0.51.Final.jar:4.0.51.Final]
	at io.netty.handler.ssl.SslHandler.decode(SslHandler.java:1122) ~[netty-all-4.0.51.Final.jar:4.0.51.Final]
	at io.netty.handler.codec.ByteToMessageDecoder.decodeRemovalReentryProtection(ByteToMessageDecoder.java:491) ~[netty-all-4.0.51.Final.jar:4.0.51.Final]
	at io.netty.handler.codec.ByteToMessageDecoder.callDecode(ByteToMessageDecoder.java:430) ~[netty-all-4.0.51.Final.jar:4.0.51.Final]
	at io.netty.handler.codec.ByteToMessageDecoder.channelRead(ByteToMessageDecoder.java:267) ~[netty-all-4.0.51.Final.jar:4.0.51.Final]
	at io.netty.channel.AbstractChannelHandlerContext.invokeChannelRead(AbstractChannelHandlerContext.java:356) ~[netty-all-4.0.51.Final.jar:4.0.51.Final]
	at io.netty.channel.AbstractChannelHandlerContext.invokeChannelRead(AbstractChannelHandlerContext.java:342) ~[netty-all-4.0.51.Final.jar:4.0.51.Final]
	at io.netty.channel.AbstractChannelHandlerContext.fireChannelRead(AbstractChannelHandlerContext.java:335) ~[netty-all-4.0.51.Final.jar:4.0.51.Final]
	at io.netty.channel.DefaultChannelPipeline$HeadContext.channelRead(DefaultChannelPipeline.java:1302) ~[netty-all-4.0.51.Final.jar:4.0.51.Final]
	at io.netty.channel.AbstractChannelHandlerContext.invokeChannelRead(AbstractChannelHandlerContext.java:356) ~[netty-all-4.0.51.Final.jar:4.0.51.Final]
	at io.netty.channel.AbstractChannelHandlerContext.invokeChannelRead(AbstractChannelHandlerContext.java:342) ~[netty-all-4.0.51.Final.jar:4.0.51.Final]
	at io.netty.channel.DefaultChannelPipeline.fireChannelRead(DefaultChannelPipeline.java:919) ~[netty-all-4.0.51.Final.jar:4.0.51.Final]
	at io.netty.channel.nio.AbstractNioByteChannel$NioByteUnsafe.read(AbstractNioByteChannel.java:131) ~[netty-all-4.0.51.Final.jar:4.0.51.Final]
	at io.netty.channel.nio.NioEventLoop.processSelectedKey(NioEventLoop.java:646) ~[netty-all-4.0.51.Final.jar:4.0.51.Final]
	at io.netty.channel.nio.NioEventLoop.processSelectedKeysOptimized(NioEventLoop.java:581) ~[netty-all-4.0.51.Final.jar:4.0.51.Final]
	at io.netty.channel.nio.NioEventLoop.processSelectedKeys(NioEventLoop.java:498) ~[netty-all-4.0.51.Final.jar:4.0.51.Final]
	at io.netty.channel.nio.NioEventLoop.run(NioEventLoop.java:460) [netty-all-4.0.51.Final.jar:4.0.51.Final]
	at io.netty.util.concurrent.SingleThreadEventExecutor$2.run(SingleThreadEventExecutor.java:131) [netty-all-4.0.51.Final.jar:4.0.51.Final]
	at java.lang.Thread.run(Thread.java:829) [?:?]
2024-10-03 16:55:28 INFO  utils.Hooks - Navigated to base URL
2024-10-03 16:55:28 INFO  utils.Hooks - Checking for popup...
2024-10-03 16:55:28 INFO  utils.Hooks - Popup window not found or not displayed
2024-10-03 16:55:29 INFO  org.littleshoot.proxy.impl.ProxyToServerConnection - (HANDSHAKING) [id: 0x2f32778a, L:0.0.0.0/0.0.0.0:52135]: Connection to upstream server failed
javax.net.ssl.SSLHandshakeException: Received fatal alert: certificate_unknown
	at sun.security.ssl.Alert.createSSLException(Alert.java:131) ~[?:?]
	at sun.security.ssl.Alert.createSSLException(Alert.java:117) ~[?:?]
	at sun.security.ssl.TransportContext.fatal(TransportContext.java:347) ~[?:?]
	at sun.security.ssl.Alert$AlertConsumer.consume(Alert.java:293) ~[?:?]
	at sun.security.ssl.TransportContext.dispatch(TransportContext.java:186) ~[?:?]
	at sun.security.ssl.SSLTransport.decode(SSLTransport.java:172) ~[?:?]
	at sun.security.ssl.SSLEngineImpl.decode(SSLEngineImpl.java:681) ~[?:?]
	at sun.security.ssl.SSLEngineImpl.readRecord(SSLEngineImpl.java:636) ~[?:?]
	at sun.security.ssl.SSLEngineImpl.unwrap(SSLEngineImpl.java:454) ~[?:?]
	at sun.security.ssl.SSLEngineImpl.unwrap(SSLEngineImpl.java:433) ~[?:?]
	at javax.net.ssl.SSLEngine.unwrap(SSLEngine.java:637) ~[?:?]
	at io.netty.handler.ssl.SslHandler$SslEngineType$3.unwrap(SslHandler.java:272) ~[netty-all-4.0.51.Final.jar:4.0.51.Final]
	at io.netty.handler.ssl.SslHandler.unwrap(SslHandler.java:1175) ~[netty-all-4.0.51.Final.jar:4.0.51.Final]
	at io.netty.handler.ssl.SslHandler.decodeJdkCompatible(SslHandler.java:1087) ~[netty-all-4.0.51.Final.jar:4.0.51.Final]
	at io.netty.handler.ssl.SslHandler.decode(SslHandler.java:1122) ~[netty-all-4.0.51.Final.jar:4.0.51.Final]
	at io.netty.handler.codec.ByteToMessageDecoder.decodeRemovalReentryProtection(ByteToMessageDecoder.java:491) ~[netty-all-4.0.51.Final.jar:4.0.51.Final]
	at io.netty.handler.codec.ByteToMessageDecoder.callDecode(ByteToMessageDecoder.java:430) ~[netty-all-4.0.51.Final.jar:4.0.51.Final]
	at io.netty.handler.codec.ByteToMessageDecoder.channelRead(ByteToMessageDecoder.java:267) ~[netty-all-4.0.51.Final.jar:4.0.51.Final]
	at io.netty.channel.AbstractChannelHandlerContext.invokeChannelRead(AbstractChannelHandlerContext.java:356) ~[netty-all-4.0.51.Final.jar:4.0.51.Final]
	at io.netty.channel.AbstractChannelHandlerContext.invokeChannelRead(AbstractChannelHandlerContext.java:342) ~[netty-all-4.0.51.Final.jar:4.0.51.Final]
	at io.netty.channel.AbstractChannelHandlerContext.fireChannelRead(AbstractChannelHandlerContext.java:335) ~[netty-all-4.0.51.Final.jar:4.0.51.Final]
	at io.netty.channel.DefaultChannelPipeline$HeadContext.channelRead(DefaultChannelPipeline.java:1302) ~[netty-all-4.0.51.Final.jar:4.0.51.Final]
	at io.netty.channel.AbstractChannelHandlerContext.invokeChannelRead(AbstractChannelHandlerContext.java:356) ~[netty-all-4.0.51.Final.jar:4.0.51.Final]
	at io.netty.channel.AbstractChannelHandlerContext.invokeChannelRead(AbstractChannelHandlerContext.java:342) ~[netty-all-4.0.51.Final.jar:4.0.51.Final]
	at io.netty.channel.DefaultChannelPipeline.fireChannelRead(DefaultChannelPipeline.java:919) ~[netty-all-4.0.51.Final.jar:4.0.51.Final]
	at io.netty.channel.nio.AbstractNioByteChannel$NioByteUnsafe.read(AbstractNioByteChannel.java:131) ~[netty-all-4.0.51.Final.jar:4.0.51.Final]
	at io.netty.channel.nio.NioEventLoop.processSelectedKey(NioEventLoop.java:646) ~[netty-all-4.0.51.Final.jar:4.0.51.Final]
	at io.netty.channel.nio.NioEventLoop.processSelectedKeysOptimized(NioEventLoop.java:581) ~[netty-all-4.0.51.Final.jar:4.0.51.Final]
	at io.netty.channel.nio.NioEventLoop.processSelectedKeys(NioEventLoop.java:498) ~[netty-all-4.0.51.Final.jar:4.0.51.Final]
	at io.netty.channel.nio.NioEventLoop.run(NioEventLoop.java:460) [netty-all-4.0.51.Final.jar:4.0.51.Final]
	at io.netty.util.concurrent.SingleThreadEventExecutor$2.run(SingleThreadEventExecutor.java:131) [netty-all-4.0.51.Final.jar:4.0.51.Final]
	at java.lang.Thread.run(Thread.java:829) [?:?]
2024-10-03 16:55:29 ERROR org.littleshoot.proxy.impl.ClientToProxyConnection - (NEGOTIATING_CONNECT) [id: 0xca326a69, L:0.0.0.0/0.0.0.0:52009 ! R:/0:0:0:0:0:0:0:1:52134]: Caught an exception on ClientToProxyConnection
io.netty.handler.codec.DecoderException: javax.net.ssl.SSLHandshakeException: Received fatal alert: certificate_unknown
	at io.netty.handler.codec.ByteToMessageDecoder.callDecode(ByteToMessageDecoder.java:461) ~[netty-all-4.0.51.Final.jar:4.0.51.Final]
	at io.netty.handler.codec.ByteToMessageDecoder.channelRead(ByteToMessageDecoder.java:267) ~[netty-all-4.0.51.Final.jar:4.0.51.Final]
	at io.netty.channel.AbstractChannelHandlerContext.invokeChannelRead(AbstractChannelHandlerContext.java:356) [netty-all-4.0.51.Final.jar:4.0.51.Final]
	at io.netty.channel.AbstractChannelHandlerContext.invokeChannelRead(AbstractChannelHandlerContext.java:342) [netty-all-4.0.51.Final.jar:4.0.51.Final]
	at io.netty.channel.AbstractChannelHandlerContext.fireChannelRead(AbstractChannelHandlerContext.java:335) [netty-all-4.0.51.Final.jar:4.0.51.Final]
	at io.netty.channel.DefaultChannelPipeline$HeadContext.channelRead(DefaultChannelPipeline.java:1302) [netty-all-4.0.51.Final.jar:4.0.51.Final]
	at io.netty.channel.AbstractChannelHandlerContext.invokeChannelRead(AbstractChannelHandlerContext.java:356) [netty-all-4.0.51.Final.jar:4.0.51.Final]
	at io.netty.channel.AbstractChannelHandlerContext.invokeChannelRead(AbstractChannelHandlerContext.java:342) [netty-all-4.0.51.Final.jar:4.0.51.Final]
	at io.netty.channel.DefaultChannelPipeline.fireChannelRead(DefaultChannelPipeline.java:919) [netty-all-4.0.51.Final.jar:4.0.51.Final]
	at io.netty.channel.nio.AbstractNioByteChannel$NioByteUnsafe.read(AbstractNioByteChannel.java:131) [netty-all-4.0.51.Final.jar:4.0.51.Final]
	at io.netty.channel.nio.NioEventLoop.processSelectedKey(NioEventLoop.java:646) [netty-all-4.0.51.Final.jar:4.0.51.Final]
	at io.netty.channel.nio.NioEventLoop.processSelectedKeysOptimized(NioEventLoop.java:581) [netty-all-4.0.51.Final.jar:4.0.51.Final]
	at io.netty.channel.nio.NioEventLoop.processSelectedKeys(NioEventLoop.java:498) [netty-all-4.0.51.Final.jar:4.0.51.Final]
	at io.netty.channel.nio.NioEventLoop.run(NioEventLoop.java:460) [netty-all-4.0.51.Final.jar:4.0.51.Final]
	at io.netty.util.concurrent.SingleThreadEventExecutor$2.run(SingleThreadEventExecutor.java:131) [netty-all-4.0.51.Final.jar:4.0.51.Final]
	at java.lang.Thread.run(Thread.java:829) [?:?]
Caused by: javax.net.ssl.SSLHandshakeException: Received fatal alert: certificate_unknown
	at sun.security.ssl.Alert.createSSLException(Alert.java:131) ~[?:?]
	at sun.security.ssl.Alert.createSSLException(Alert.java:117) ~[?:?]
	at sun.security.ssl.TransportContext.fatal(TransportContext.java:347) ~[?:?]
	at sun.security.ssl.Alert$AlertConsumer.consume(Alert.java:293) ~[?:?]
	at sun.security.ssl.TransportContext.dispatch(TransportContext.java:186) ~[?:?]
	at sun.security.ssl.SSLTransport.decode(SSLTransport.java:172) ~[?:?]
	at sun.security.ssl.SSLEngineImpl.decode(SSLEngineImpl.java:681) ~[?:?]
	at sun.security.ssl.SSLEngineImpl.readRecord(SSLEngineImpl.java:636) ~[?:?]
	at sun.security.ssl.SSLEngineImpl.unwrap(SSLEngineImpl.java:454) ~[?:?]
	at sun.security.ssl.SSLEngineImpl.unwrap(SSLEngineImpl.java:433) ~[?:?]
	at javax.net.ssl.SSLEngine.unwrap(SSLEngine.java:637) ~[?:?]
	at io.netty.handler.ssl.SslHandler$SslEngineType$3.unwrap(SslHandler.java:272) ~[netty-all-4.0.51.Final.jar:4.0.51.Final]
	at io.netty.handler.ssl.SslHandler.unwrap(SslHandler.java:1175) ~[netty-all-4.0.51.Final.jar:4.0.51.Final]
	at io.netty.handler.ssl.SslHandler.decodeJdkCompatible(SslHandler.java:1087) ~[netty-all-4.0.51.Final.jar:4.0.51.Final]
	at io.netty.handler.ssl.SslHandler.decode(SslHandler.java:1122) ~[netty-all-4.0.51.Final.jar:4.0.51.Final]
	at io.netty.handler.codec.ByteToMessageDecoder.decodeRemovalReentryProtection(ByteToMessageDecoder.java:491) ~[netty-all-4.0.51.Final.jar:4.0.51.Final]
	at io.netty.handler.codec.ByteToMessageDecoder.callDecode(ByteToMessageDecoder.java:430) ~[netty-all-4.0.51.Final.jar:4.0.51.Final]
	... 15 more
2024-10-03 16:55:29 ERROR org.littleshoot.proxy.impl.ClientToProxyConnection - (NEGOTIATING_CONNECT) [id: 0x84c3eeb3, L:0.0.0.0/0.0.0.0:52009 ! R:/0:0:0:0:0:0:0:1:52136]: Caught an exception on ClientToProxyConnection
io.netty.handler.codec.DecoderException: javax.net.ssl.SSLHandshakeException: Received fatal alert: certificate_unknown
	at io.netty.handler.codec.ByteToMessageDecoder.callDecode(ByteToMessageDecoder.java:461) ~[netty-all-4.0.51.Final.jar:4.0.51.Final]
	at io.netty.handler.codec.ByteToMessageDecoder.channelRead(ByteToMessageDecoder.java:267) ~[netty-all-4.0.51.Final.jar:4.0.51.Final]
	at io.netty.channel.AbstractChannelHandlerContext.invokeChannelRead(AbstractChannelHandlerContext.java:356) [netty-all-4.0.51.Final.jar:4.0.51.Final]
	at io.netty.channel.AbstractChannelHandlerContext.invokeChannelRead(AbstractChannelHandlerContext.java:342) [netty-all-4.0.51.Final.jar:4.0.51.Final]
	at io.netty.channel.AbstractChannelHandlerContext.fireChannelRead(AbstractChannelHandlerContext.java:335) [netty-all-4.0.51.Final.jar:4.0.51.Final]
	at io.netty.channel.DefaultChannelPipeline$HeadContext.channelRead(DefaultChannelPipeline.java:1302) [netty-all-4.0.51.Final.jar:4.0.51.Final]
	at io.netty.channel.AbstractChannelHandlerContext.invokeChannelRead(AbstractChannelHandlerContext.java:356) [netty-all-4.0.51.Final.jar:4.0.51.Final]
	at io.netty.channel.AbstractChannelHandlerContext.invokeChannelRead(AbstractChannelHandlerContext.java:342) [netty-all-4.0.51.Final.jar:4.0.51.Final]
	at io.netty.channel.DefaultChannelPipeline.fireChannelRead(DefaultChannelPipeline.java:919) [netty-all-4.0.51.Final.jar:4.0.51.Final]
	at io.netty.channel.nio.AbstractNioByteChannel$NioByteUnsafe.read(AbstractNioByteChannel.java:131) [netty-all-4.0.51.Final.jar:4.0.51.Final]
	at io.netty.channel.nio.NioEventLoop.processSelectedKey(NioEventLoop.java:646) [netty-all-4.0.51.Final.jar:4.0.51.Final]
	at io.netty.channel.nio.NioEventLoop.processSelectedKeysOptimized(NioEventLoop.java:581) [netty-all-4.0.51.Final.jar:4.0.51.Final]
	at io.netty.channel.nio.NioEventLoop.processSelectedKeys(NioEventLoop.java:498) [netty-all-4.0.51.Final.jar:4.0.51.Final]
	at io.netty.channel.nio.NioEventLoop.run(NioEventLoop.java:460) [netty-all-4.0.51.Final.jar:4.0.51.Final]
	at io.netty.util.concurrent.SingleThreadEventExecutor$2.run(SingleThreadEventExecutor.java:131) [netty-all-4.0.51.Final.jar:4.0.51.Final]
	at java.lang.Thread.run(Thread.java:829) [?:?]
Caused by: javax.net.ssl.SSLHandshakeException: Received fatal alert: certificate_unknown
	at sun.security.ssl.Alert.createSSLException(Alert.java:131) ~[?:?]
	at sun.security.ssl.Alert.createSSLException(Alert.java:117) ~[?:?]
	at sun.security.ssl.TransportContext.fatal(TransportContext.java:347) ~[?:?]
	at sun.security.ssl.Alert$AlertConsumer.consume(Alert.java:293) ~[?:?]
	at sun.security.ssl.TransportContext.dispatch(TransportContext.java:186) ~[?:?]
	at sun.security.ssl.SSLTransport.decode(SSLTransport.java:172) ~[?:?]
	at sun.security.ssl.SSLEngineImpl.decode(SSLEngineImpl.java:681) ~[?:?]
	at sun.security.ssl.SSLEngineImpl.readRecord(SSLEngineImpl.java:636) ~[?:?]
	at sun.security.ssl.SSLEngineImpl.unwrap(SSLEngineImpl.java:454) ~[?:?]
	at sun.security.ssl.SSLEngineImpl.unwrap(SSLEngineImpl.java:433) ~[?:?]
	at javax.net.ssl.SSLEngine.unwrap(SSLEngine.java:637) ~[?:?]
	at io.netty.handler.ssl.SslHandler$SslEngineType$3.unwrap(SslHandler.java:272) ~[netty-all-4.0.51.Final.jar:4.0.51.Final]
	at io.netty.handler.ssl.SslHandler.unwrap(SslHandler.java:1175) ~[netty-all-4.0.51.Final.jar:4.0.51.Final]
	at io.netty.handler.ssl.SslHandler.decodeJdkCompatible(SslHandler.java:1087) ~[netty-all-4.0.51.Final.jar:4.0.51.Final]
	at io.netty.handler.ssl.SslHandler.decode(SslHandler.java:1122) ~[netty-all-4.0.51.Final.jar:4.0.51.Final]
	at io.netty.handler.codec.ByteToMessageDecoder.decodeRemovalReentryProtection(ByteToMessageDecoder.java:491) ~[netty-all-4.0.51.Final.jar:4.0.51.Final]
	at io.netty.handler.codec.ByteToMessageDecoder.callDecode(ByteToMessageDecoder.java:430) ~[netty-all-4.0.51.Final.jar:4.0.51.Final]
	... 15 more
2024-10-03 16:55:29 INFO  org.littleshoot.proxy.impl.ProxyToServerConnection - (HANDSHAKING) [id: 0x3f6bcd37, L:0.0.0.0/0.0.0.0:52137]: Connection to upstream server failed
javax.net.ssl.SSLHandshakeException: Received fatal alert: certificate_unknown
	at sun.security.ssl.Alert.createSSLException(Alert.java:131) ~[?:?]
	at sun.security.ssl.Alert.createSSLException(Alert.java:117) ~[?:?]
	at sun.security.ssl.TransportContext.fatal(TransportContext.java:347) ~[?:?]
	at sun.security.ssl.Alert$AlertConsumer.consume(Alert.java:293) ~[?:?]
	at sun.security.ssl.TransportContext.dispatch(TransportContext.java:186) ~[?:?]
	at sun.security.ssl.SSLTransport.decode(SSLTransport.java:172) ~[?:?]
	at sun.security.ssl.SSLEngineImpl.decode(SSLEngineImpl.java:681) ~[?:?]
	at sun.security.ssl.SSLEngineImpl.readRecord(SSLEngineImpl.java:636) ~[?:?]
	at sun.security.ssl.SSLEngineImpl.unwrap(SSLEngineImpl.java:454) ~[?:?]
	at sun.security.ssl.SSLEngineImpl.unwrap(SSLEngineImpl.java:433) ~[?:?]
	at javax.net.ssl.SSLEngine.unwrap(SSLEngine.java:637) ~[?:?]
	at io.netty.handler.ssl.SslHandler$SslEngineType$3.unwrap(SslHandler.java:272) ~[netty-all-4.0.51.Final.jar:4.0.51.Final]
	at io.netty.handler.ssl.SslHandler.unwrap(SslHandler.java:1175) ~[netty-all-4.0.51.Final.jar:4.0.51.Final]
	at io.netty.handler.ssl.SslHandler.decodeJdkCompatible(SslHandler.java:1087) ~[netty-all-4.0.51.Final.jar:4.0.51.Final]
	at io.netty.handler.ssl.SslHandler.decode(SslHandler.java:1122) ~[netty-all-4.0.51.Final.jar:4.0.51.Final]
	at io.netty.handler.codec.ByteToMessageDecoder.decodeRemovalReentryProtection(ByteToMessageDecoder.java:491) ~[netty-all-4.0.51.Final.jar:4.0.51.Final]
	at io.netty.handler.codec.ByteToMessageDecoder.callDecode(ByteToMessageDecoder.java:430) ~[netty-all-4.0.51.Final.jar:4.0.51.Final]
	at io.netty.handler.codec.ByteToMessageDecoder.channelRead(ByteToMessageDecoder.java:267) ~[netty-all-4.0.51.Final.jar:4.0.51.Final]
	at io.netty.channel.AbstractChannelHandlerContext.invokeChannelRead(AbstractChannelHandlerContext.java:356) ~[netty-all-4.0.51.Final.jar:4.0.51.Final]
	at io.netty.channel.AbstractChannelHandlerContext.invokeChannelRead(AbstractChannelHandlerContext.java:342) ~[netty-all-4.0.51.Final.jar:4.0.51.Final]
	at io.netty.channel.AbstractChannelHandlerContext.fireChannelRead(AbstractChannelHandlerContext.java:335) ~[netty-all-4.0.51.Final.jar:4.0.51.Final]
	at io.netty.channel.DefaultChannelPipeline$HeadContext.channelRead(DefaultChannelPipeline.java:1302) ~[netty-all-4.0.51.Final.jar:4.0.51.Final]
	at io.netty.channel.AbstractChannelHandlerContext.invokeChannelRead(AbstractChannelHandlerContext.java:356) ~[netty-all-4.0.51.Final.jar:4.0.51.Final]
	at io.netty.channel.AbstractChannelHandlerContext.invokeChannelRead(AbstractChannelHandlerContext.java:342) ~[netty-all-4.0.51.Final.jar:4.0.51.Final]
	at io.netty.channel.DefaultChannelPipeline.fireChannelRead(DefaultChannelPipeline.java:919) ~[netty-all-4.0.51.Final.jar:4.0.51.Final]
	at io.netty.channel.nio.AbstractNioByteChannel$NioByteUnsafe.read(AbstractNioByteChannel.java:131) ~[netty-all-4.0.51.Final.jar:4.0.51.Final]
	at io.netty.channel.nio.NioEventLoop.processSelectedKey(NioEventLoop.java:646) ~[netty-all-4.0.51.Final.jar:4.0.51.Final]
	at io.netty.channel.nio.NioEventLoop.processSelectedKeysOptimized(NioEventLoop.java:581) ~[netty-all-4.0.51.Final.jar:4.0.51.Final]
	at io.netty.channel.nio.NioEventLoop.processSelectedKeys(NioEventLoop.java:498) ~[netty-all-4.0.51.Final.jar:4.0.51.Final]
	at io.netty.channel.nio.NioEventLoop.run(NioEventLoop.java:460) [netty-all-4.0.51.Final.jar:4.0.51.Final]
	at io.netty.util.concurrent.SingleThreadEventExecutor$2.run(SingleThreadEventExecutor.java:131) [netty-all-4.0.51.Final.jar:4.0.51.Final]
	at java.lang.Thread.run(Thread.java:829) [?:?]
2024-10-03 16:55:29 INFO  ui.stepsdef.CommonSteps - Opened the homepage
2024-10-03 16:55:29 ERROR utils.Hooks - Test failed: View product details
2024-10-03 16:55:29 INFO  utils.ScreenshotUtil - Screenshot taken: screenshots/View product details_1727967329211.png
2024-10-03 16:55:29 INFO  org.littleshoot.proxy.impl.ClientToProxyConnection - (AWAITING_INITIAL) [id: 0xdd44ddaf, L:/0:0:0:0:0:0:0:1:52009 - R:/0:0:0:0:0:0:0:1:52132]: An IOException occurred on ClientToProxyConnection: ��������� ���� ������������� �������� ������������ �����������
2024-10-03 16:55:29 INFO  org.littleshoot.proxy.impl.DefaultHttpProxyServer - Shutting down proxy server gracefully
2024-10-03 16:55:29 INFO  org.littleshoot.proxy.impl.DefaultHttpProxyServer - Closing all channels (graceful)
2024-10-03 16:55:29 INFO  org.littleshoot.proxy.impl.ServerGroup - Shutting down server group event loops (graceful)
2024-10-03 16:55:31 INFO  org.littleshoot.proxy.impl.DefaultHttpProxyServer - Done shutting down proxy server
2024-10-03 16:55:31 INFO  utils.Hooks - Driver quit
2024-10-03 16:58:08 INFO  org.testng.internal.Utils - [XmlSuite] [WARN] 'parallel' value 'false' is no longer valid, defaulting to 'none'.
2024-10-03 16:58:09 INFO  io.github.bonigarcia.wdm.WebDriverManager - Using chromedriver 129.0.6668.89 (resolved driver for Chrome 129)
2024-10-03 16:58:09 INFO  io.github.bonigarcia.wdm.WebDriverManager - Exporting webdriver.chrome.driver as C:\Users\iryna\.cache\selenium\chromedriver\win64\129.0.6668.89\chromedriver.exe
2024-10-03 16:58:09 INFO  utils.Hooks - Driver initialized
2024-10-03 16:58:11 INFO  utils.Hooks - Navigated to base URL
2024-10-03 16:58:11 INFO  utils.Hooks - Checking for popup...
2024-10-03 16:58:11 INFO  utils.Hooks - Popup window closed by clicking 'I agree' button
2024-10-03 16:58:14 INFO  ui.stepsdef.CommonSteps - Opened the homepage
2024-10-03 16:58:15 INFO  ui.stepsdef.CommonSteps - Clicked on Products link
2024-10-03 16:58:15 INFO  ui.pages.ProductsPage - No banner found, proceeding.
2024-10-03 16:58:17 INFO  ui.pages.ProductsPage - Scrolled to the product at index: 0 and clicked.
2024-10-03 16:58:17 INFO  ui.stepsdef.ProductDetailsInformationSteps - Clicked on the 'View Product' button for the first product
2024-10-03 16:58:17 INFO  ui.stepsdef.ProductDetailsInformationSteps - Product details are displayed correctly
2024-10-03 16:58:17 INFO  utils.Hooks - Test passed: View product details
2024-10-03 16:58:17 INFO  utils.ScreenshotUtil - Screenshot taken: screenshots/View product details_1727967497796.png
2024-10-03 16:58:17 INFO  utils.Hooks - Driver quit
2024-10-03 17:00:23 INFO  org.testng.internal.Utils - [XmlSuite] [WARN] 'parallel' value 'false' is no longer valid, defaulting to 'none'.
2024-10-03 17:00:23 INFO  io.github.bonigarcia.wdm.WebDriverManager - Using chromedriver 129.0.6668.89 (resolved driver for Chrome 129)
2024-10-03 17:00:23 INFO  io.github.bonigarcia.wdm.WebDriverManager - Exporting webdriver.chrome.driver as C:\Users\iryna\.cache\selenium\chromedriver\win64\129.0.6668.89\chromedriver.exe
2024-10-03 17:00:24 INFO  utils.Hooks - Driver initialized
2024-10-03 17:00:26 INFO  utils.Hooks - Navigated to base URL
2024-10-03 17:00:26 INFO  utils.Hooks - Checking for popup...
2024-10-03 17:00:26 INFO  utils.Hooks - Popup window closed by clicking 'I agree' button
2024-10-03 17:00:27 INFO  ui.stepsdef.CommonSteps - Opened the homepage
2024-10-03 17:00:29 INFO  ui.stepsdef.CommonSteps - Clicked on Products link
2024-10-03 17:00:29 INFO  ui.pages.ProductsPage - No banner found, proceeding.
2024-10-03 17:00:31 INFO  ui.pages.ProductsPage - Scrolled to the product at index: 0 and clicked.
2024-10-03 17:00:31 INFO  ui.stepsdef.ProductDetailsInformationSteps - Clicked on the 'View Product' button for the first product
2024-10-03 17:00:31 INFO  ui.stepsdef.ProductDetailsInformationSteps - Product details are displayed correctly
2024-10-03 17:00:31 INFO  utils.Hooks - Test passed: View product details
2024-10-03 17:00:31 INFO  utils.ScreenshotUtil - Screenshot taken: screenshots/View product details_1727967631833.png
2024-10-03 17:00:31 INFO  utils.Hooks - Driver quit
2024-10-03 17:01:26 INFO  org.testng.internal.Utils - [XmlSuite] [WARN] 'parallel' value 'false' is no longer valid, defaulting to 'none'.
2024-10-03 17:01:27 INFO  io.github.bonigarcia.wdm.WebDriverManager - Using chromedriver 129.0.6668.89 (resolved driver for Chrome 129)
2024-10-03 17:01:27 INFO  io.github.bonigarcia.wdm.WebDriverManager - Exporting webdriver.chrome.driver as C:\Users\iryna\.cache\selenium\chromedriver\win64\129.0.6668.89\chromedriver.exe
2024-10-03 17:01:27 INFO  utils.Hooks - Driver initialized
2024-10-03 17:01:29 INFO  utils.Hooks - Navigated to base URL
2024-10-03 17:01:29 INFO  utils.Hooks - Checking for popup...
2024-10-03 17:01:29 INFO  utils.Hooks - Popup window closed by clicking 'I agree' button
2024-10-03 17:01:31 INFO  ui.stepsdef.CommonSteps - Opened the homepage
2024-10-03 17:01:33 INFO  ui.stepsdef.CommonSteps - Clicked on Products link
2024-10-03 17:01:33 INFO  ui.pages.ProductsPage - No banner found, proceeding.
2024-10-03 17:01:35 INFO  ui.pages.ProductsPage - Scrolled to the product at index: 0 and clicked.
2024-10-03 17:01:35 INFO  ui.stepsdef.ProductDetailsInformationSteps - Clicked on the 'View Product' button for the first product
2024-10-03 17:01:35 INFO  ui.stepsdef.ProductDetailsInformationSteps - Product details are displayed correctly
2024-10-03 17:01:35 INFO  utils.Hooks - Test passed: View product details
2024-10-03 17:01:35 INFO  utils.ScreenshotUtil - Screenshot taken: screenshots/View product details_1727967695637.png
2024-10-03 17:01:35 INFO  utils.Hooks - Driver quit
2024-10-03 17:01:35 INFO  io.github.bonigarcia.wdm.WebDriverManager - Using chromedriver 129.0.6668.89 (resolved driver for Chrome 129)
2024-10-03 17:01:36 INFO  io.github.bonigarcia.wdm.WebDriverManager - Exporting webdriver.chrome.driver as C:\Users\iryna\.cache\selenium\chromedriver\win64\129.0.6668.89\chromedriver.exe
2024-10-03 17:01:36 INFO  utils.Hooks - Driver initialized
2024-10-03 17:01:38 INFO  utils.Hooks - Navigated to base URL
2024-10-03 17:01:38 INFO  utils.Hooks - Checking for popup...
2024-10-03 17:01:38 INFO  utils.Hooks - Popup window closed by clicking 'I agree' button
2024-10-03 17:01:41 INFO  ui.stepsdef.CommonSteps - Opened the homepage
2024-10-03 17:01:42 INFO  ui.stepsdef.ViewAndFilterProductsSteps - Clicked on Women category
2024-10-03 17:01:42 ERROR utils.Hooks - Test failed: Filter products by category "Women > Dress"
2024-10-03 17:04:11 INFO  org.testng.internal.Utils - [XmlSuite] [WARN] 'parallel' value 'false' is no longer valid, defaulting to 'none'.
2024-10-03 17:04:12 INFO  io.github.bonigarcia.wdm.WebDriverManager - Using chromedriver 129.0.6668.89 (resolved driver for Chrome 129)
2024-10-03 17:04:12 INFO  io.github.bonigarcia.wdm.WebDriverManager - Exporting webdriver.chrome.driver as C:\Users\iryna\.cache\selenium\chromedriver\win64\129.0.6668.89\chromedriver.exe
2024-10-03 17:04:13 INFO  utils.Hooks - Driver initialized
2024-10-03 17:04:15 INFO  utils.Hooks - Navigated to base URL
2024-10-03 17:04:15 INFO  utils.Hooks - Checking for popup...
2024-10-03 17:04:15 INFO  utils.Hooks - Popup window closed by clicking 'I agree' button
2024-10-03 17:04:16 INFO  ui.stepsdef.CommonSteps - Opened the homepage
2024-10-03 17:04:18 INFO  ui.stepsdef.CommonSteps - Clicked on Products link
2024-10-03 17:04:18 INFO  ui.pages.ProductsPage - No banner found, proceeding.
2024-10-03 17:04:21 INFO  ui.pages.ProductsPage - Scrolled to the product at index: 0 and clicked.
2024-10-03 17:04:21 INFO  ui.stepsdef.ProductDetailsInformationSteps - Clicked on the 'View Product' button for the first product
2024-10-03 17:04:21 INFO  ui.stepsdef.ProductDetailsInformationSteps - Product details are displayed correctly
2024-10-03 17:04:21 INFO  utils.Hooks - Test passed: View product details
2024-10-03 17:04:21 INFO  utils.ScreenshotUtil - Screenshot taken: screenshots/View product details_1727967861479.png
2024-10-03 17:04:21 INFO  utils.Hooks - Driver quit
2024-10-03 17:12:43 INFO  org.testng.internal.Utils - [XmlSuite] [WARN] 'parallel' value 'false' is no longer valid, defaulting to 'none'.
2024-10-03 17:12:43 INFO  io.github.bonigarcia.wdm.WebDriverManager - Using chromedriver 129.0.6668.89 (resolved driver for Chrome 129)
2024-10-03 17:12:43 INFO  io.github.bonigarcia.wdm.WebDriverManager - Exporting webdriver.chrome.driver as C:\Users\iryna\.cache\selenium\chromedriver\win64\129.0.6668.89\chromedriver.exe
2024-10-03 17:12:44 INFO  utils.Hooks - Driver initialized
2024-10-03 17:12:46 INFO  utils.Hooks - Navigated to base URL
2024-10-03 17:12:46 INFO  utils.Hooks - Checking for popup...
2024-10-03 17:12:46 INFO  utils.Hooks - Popup window closed by clicking 'I agree' button
2024-10-03 17:12:48 INFO  ui.stepsdef.CommonSteps - Opened the homepage
2024-10-03 17:12:50 INFO  ui.stepsdef.CommonSteps - Clicked on Products link
2024-10-03 17:12:50 INFO  ui.pages.ProductsPage - No banner found, proceeding.
2024-10-03 17:12:51 INFO  ui.pages.ProductsPage - Scrolled to the product at index: 0 and clicked.
2024-10-03 17:12:51 INFO  ui.stepsdef.ProductDetailsInformationSteps - Clicked on the 'View Product' button for the first product
2024-10-03 17:12:52 INFO  ui.stepsdef.ProductDetailsInformationSteps - Product details are displayed correctly
2024-10-03 17:12:52 INFO  utils.Hooks - Test passed: View product details
2024-10-03 17:12:52 INFO  utils.ScreenshotUtil - Screenshot taken: screenshots/View product details_1727968372327.png
2024-10-03 17:12:52 INFO  utils.Hooks - Driver quit
2024-10-03 17:16:55 INFO  org.testng.internal.Utils - [XmlSuite] [WARN] 'parallel' value 'false' is no longer valid, defaulting to 'none'.
2024-10-03 17:16:56 INFO  io.github.bonigarcia.wdm.WebDriverManager - Using chromedriver 129.0.6668.89 (resolved driver for Chrome 129)
2024-10-03 17:16:56 INFO  io.github.bonigarcia.wdm.WebDriverManager - Exporting webdriver.chrome.driver as C:\Users\iryna\.cache\selenium\chromedriver\win64\129.0.6668.89\chromedriver.exe
2024-10-03 17:16:57 INFO  utils.Hooks - Driver initialized
2024-10-03 17:16:59 INFO  utils.Hooks - Navigated to base URL
2024-10-03 17:16:59 INFO  utils.Hooks - Checking for popup...
2024-10-03 17:16:59 INFO  utils.Hooks - Popup window closed by clicking 'I agree' button
2024-10-03 17:17:01 INFO  ui.stepsdef.CommonSteps - Opened the homepage
2024-10-03 17:17:03 INFO  ui.stepsdef.CommonSteps - Clicked on Products link
2024-10-03 17:17:03 INFO  ui.pages.ProductsPage - No banner found, proceeding.
2024-10-03 17:17:05 INFO  ui.pages.ProductsPage - Scrolled to the product at index: 0 and clicked.
2024-10-03 17:17:05 INFO  ui.stepsdef.ProductDetailsInformationSteps - Clicked on the 'View Product' button for the first product
2024-10-03 17:17:05 INFO  ui.stepsdef.ProductDetailsInformationSteps - Product details are displayed correctly
2024-10-03 17:17:05 INFO  utils.Hooks - Test passed: View product details
2024-10-03 17:17:05 INFO  utils.ScreenshotUtil - Screenshot taken: screenshots/View product details_1727968625393.png
2024-10-03 17:17:05 INFO  utils.Hooks - Driver quit
2024-10-03 17:19:29 INFO  org.testng.internal.Utils - [XmlSuite] [WARN] 'parallel' value 'false' is no longer valid, defaulting to 'none'.
2024-10-03 17:19:29 INFO  io.github.bonigarcia.wdm.WebDriverManager - Using chromedriver 129.0.6668.89 (resolved driver for Chrome 129)
2024-10-03 17:19:29 INFO  io.github.bonigarcia.wdm.WebDriverManager - Exporting webdriver.chrome.driver as C:\Users\iryna\.cache\selenium\chromedriver\win64\129.0.6668.89\chromedriver.exe
2024-10-03 17:19:30 INFO  utils.Hooks - Driver initialized
2024-10-03 17:19:33 INFO  utils.Hooks - Navigated to base URL
2024-10-03 17:19:33 INFO  utils.Hooks - Checking for popup...
2024-10-03 17:19:33 INFO  utils.Hooks - Popup window closed by clicking 'I agree' button
2024-10-03 17:19:34 INFO  ui.stepsdef.CommonSteps - Opened the homepage
2024-10-03 17:19:36 INFO  ui.stepsdef.CommonSteps - Clicked on Products link
2024-10-03 17:19:36 INFO  ui.pages.ProductsPage - No banner found, proceeding.
2024-10-03 17:19:38 INFO  ui.pages.ProductsPage - Scrolled to the product at index: 0 and clicked.
2024-10-03 17:19:38 INFO  ui.stepsdef.ProductDetailsInformationSteps - Clicked on the 'View Product' button for the first product
2024-10-03 17:19:38 INFO  ui.stepsdef.ProductDetailsInformationSteps - Product details are displayed correctly
2024-10-03 17:19:38 INFO  utils.Hooks - Test passed: View product details
2024-10-03 17:19:38 INFO  utils.ScreenshotUtil - Screenshot taken: screenshots/View product details_1727968778804.png
2024-10-03 17:19:39 INFO  utils.Hooks - Driver quit
2024-10-03 17:23:33 INFO  org.testng.internal.Utils - [XmlSuite] [WARN] 'parallel' value 'false' is no longer valid, defaulting to 'none'.
2024-10-03 17:23:34 INFO  io.github.bonigarcia.wdm.WebDriverManager - Using chromedriver 129.0.6668.89 (resolved driver for Chrome 129)
2024-10-03 17:23:34 INFO  io.github.bonigarcia.wdm.WebDriverManager - Exporting webdriver.chrome.driver as C:\Users\iryna\.cache\selenium\chromedriver\win64\129.0.6668.89\chromedriver.exe
2024-10-03 17:23:35 INFO  utils.Hooks - Driver initialized
2024-10-03 17:23:37 INFO  utils.Hooks - Navigated to base URL
2024-10-03 17:23:37 INFO  utils.Hooks - Checking for popup...
2024-10-03 17:23:37 INFO  utils.Hooks - Popup window closed by clicking 'I agree' button
2024-10-03 17:23:39 INFO  ui.stepsdef.CommonSteps - Opened the homepage
2024-10-03 17:23:39 INFO  ui.stepsdef.ViewAndFilterProductsSteps - Clicked on Women category
2024-10-03 17:23:39 ERROR utils.Hooks - Test failed: Filter products by category "Women > Dress"
2024-10-03 17:38:17 INFO  org.testng.internal.Utils - [XmlSuite] [WARN] 'parallel' value 'false' is no longer valid, defaulting to 'none'.
2024-10-03 17:38:18 INFO  io.github.bonigarcia.wdm.WebDriverManager - Using chromedriver 129.0.6668.89 (resolved driver for Chrome 129)
2024-10-03 17:38:18 INFO  io.github.bonigarcia.wdm.WebDriverManager - Exporting webdriver.chrome.driver as C:\Users\iryna\.cache\selenium\chromedriver\win64\129.0.6668.89\chromedriver.exe
2024-10-03 17:38:19 INFO  utils.Hooks - Driver initialized
2024-10-03 17:38:21 INFO  utils.Hooks - Navigated to base URL
2024-10-03 17:38:21 INFO  utils.Hooks - Checking for popup...
2024-10-03 17:38:21 INFO  utils.Hooks - Popup window closed by clicking 'I agree' button
2024-10-03 17:38:23 INFO  ui.stepsdef.CommonSteps - Opened the homepage
2024-10-03 17:38:23 INFO  ui.stepsdef.ViewAndFilterProductsSteps - Clicked on Women category
2024-10-03 17:38:25 INFO  ui.pages.HomePage - Clicked on Dress subcategory successfully
2024-10-03 17:38:25 INFO  ui.stepsdef.ViewAndFilterProductsSteps - Clicked on Dress subcategory
2024-10-03 17:38:25 INFO  ui.stepsdef.ViewAndFilterProductsSteps - Filtered products are displayed
2024-10-03 17:38:25 INFO  utils.Hooks - Test passed: Filter products by category "Women > Dress"
2024-10-03 17:42:58 INFO  org.testng.internal.Utils - [XmlSuite] [WARN] 'parallel' value 'false' is no longer valid, defaulting to 'none'.
2024-10-03 17:42:58 INFO  io.github.bonigarcia.wdm.WebDriverManager - Using chromedriver 129.0.6668.89 (resolved driver for Chrome 129)
2024-10-03 17:42:58 INFO  io.github.bonigarcia.wdm.WebDriverManager - Exporting webdriver.chrome.driver as C:\Users\iryna\.cache\selenium\chromedriver\win64\129.0.6668.89\chromedriver.exe
2024-10-03 17:42:59 INFO  utils.Hooks - Driver initialized
2024-10-03 17:43:01 INFO  utils.Hooks - Navigated to base URL
2024-10-03 17:43:01 INFO  utils.Hooks - Checking for popup...
2024-10-03 17:43:01 INFO  utils.Hooks - Popup window closed by clicking 'I agree' button
2024-10-03 17:43:03 INFO  ui.stepsdef.CommonSteps - Opened the homepage
2024-10-03 17:43:03 INFO  ui.stepsdef.ViewAndFilterProductsSteps - Clicked on Women category
2024-10-03 17:43:06 INFO  ui.pages.HomePage - Clicked on Dress subcategory successfully
2024-10-03 17:43:06 INFO  ui.stepsdef.ViewAndFilterProductsSteps - Clicked on Dress subcategory
2024-10-03 17:43:06 INFO  ui.stepsdef.ViewAndFilterProductsSteps - Filtered products are displayed
2024-10-03 17:43:06 INFO  utils.Hooks - Test passed: Filter products by category "Women > Dress"
2024-10-03 17:51:23 INFO  org.testng.internal.Utils - [XmlSuite] [WARN] 'parallel' value 'false' is no longer valid, defaulting to 'none'.
2024-10-03 17:51:24 INFO  io.github.bonigarcia.wdm.WebDriverManager - Using chromedriver 129.0.6668.89 (resolved driver for Chrome 129)
2024-10-03 17:51:24 INFO  io.github.bonigarcia.wdm.WebDriverManager - Exporting webdriver.chrome.driver as C:\Users\iryna\.cache\selenium\chromedriver\win64\129.0.6668.89\chromedriver.exe
2024-10-03 17:51:24 INFO  utils.Hooks - Driver initialized
2024-10-03 17:51:27 INFO  utils.Hooks - Navigated to base URL
2024-10-03 17:51:27 INFO  utils.Hooks - Checking for popup...
2024-10-03 17:51:28 INFO  utils.Hooks - Popup window closed by clicking 'I agree' button
2024-10-03 17:51:29 INFO  ui.stepsdef.CommonSteps - Opened the homepage
2024-10-03 17:51:30 INFO  ui.stepsdef.ViewAndFilterProductsSteps - Clicked on Women category
2024-10-03 17:51:31 INFO  ui.pages.HomePage - Clicked on Dress subcategory successfully
2024-10-03 17:51:31 INFO  ui.stepsdef.ViewAndFilterProductsSteps - Clicked on Dress subcategory
2024-10-03 17:51:31 INFO  ui.stepsdef.ViewAndFilterProductsSteps - Filtered products are displayed
2024-10-03 17:51:31 INFO  utils.Hooks - Test passed: Filter products by category "Women > Dress"
2024-10-03 17:51:32 INFO  utils.ScreenshotUtil - Screenshot taken: screenshots/Filter_products_by_category_Women__Dress_1727970692127.png
2024-10-03 17:51:32 INFO  utils.Hooks - Driver quit
2024-10-03 18:02:37 INFO  org.testng.internal.Utils - [XmlSuite] [WARN] 'parallel' value 'false' is no longer valid, defaulting to 'none'.
2024-10-03 18:02:37 INFO  io.github.bonigarcia.wdm.WebDriverManager - Using chromedriver 129.0.6668.89 (resolved driver for Chrome 129)
2024-10-03 18:02:37 INFO  io.github.bonigarcia.wdm.WebDriverManager - Exporting webdriver.chrome.driver as C:\Users\iryna\.cache\selenium\chromedriver\win64\129.0.6668.89\chromedriver.exe
2024-10-03 18:02:38 INFO  utils.Hooks - Driver initialized
2024-10-03 18:02:40 INFO  utils.Hooks - Navigated to base URL
2024-10-03 18:02:40 INFO  utils.Hooks - Checking for popup...
2024-10-03 18:02:40 INFO  utils.Hooks - Popup window closed by clicking 'I agree' button
2024-10-03 18:02:42 INFO  ui.stepsdef.CommonSteps - Opened the homepage
2024-10-03 18:02:43 INFO  ui.stepsdef.CommonSteps - Clicked on Signup / Login link
2024-10-03 18:02:43 INFO  ui.stepsdef.LoginSteps - Entered valid login credentials
2024-10-03 18:02:43 INFO  ui.stepsdef.CommonSteps - Clicking login button
2024-10-03 18:02:44 INFO  ui.stepsdef.LoginSteps - User is logged in
2024-10-03 18:02:44 INFO  utils.Hooks - Test passed: Successful login with valid credentials
2024-10-03 18:02:45 INFO  utils.ScreenshotUtil - Screenshot taken: screenshots/Successful_login_with_valid_credentials_1727971365091.png
2024-10-03 18:02:45 INFO  utils.Hooks - Driver quit
2024-10-03 18:02:45 INFO  io.github.bonigarcia.wdm.WebDriverManager - Using chromedriver 129.0.6668.89 (resolved driver for Chrome 129)
2024-10-03 18:02:45 INFO  io.github.bonigarcia.wdm.WebDriverManager - Exporting webdriver.chrome.driver as C:\Users\iryna\.cache\selenium\chromedriver\win64\129.0.6668.89\chromedriver.exe
2024-10-03 18:02:45 INFO  utils.Hooks - Driver initialized
2024-10-03 18:02:47 INFO  utils.Hooks - Navigated to base URL
2024-10-03 18:02:47 INFO  utils.Hooks - Checking for popup...
2024-10-03 18:02:47 INFO  utils.Hooks - Popup window closed by clicking 'I agree' button
2024-10-03 18:02:48 INFO  ui.stepsdef.CommonSteps - Opened the homepage
2024-10-03 18:02:50 INFO  ui.stepsdef.CommonSteps - Clicked on Signup / Login link
2024-10-03 18:02:50 INFO  ui.stepsdef.LoginSteps - Entered invalid login credentials
2024-10-03 18:02:50 INFO  ui.stepsdef.CommonSteps - Clicking login button
2024-10-03 18:02:51 INFO  ui.stepsdef.LoginSteps - Error message is displayed: Your email or password is incorrect!
2024-10-03 18:02:51 INFO  utils.Hooks - Test passed: Unsuccessful login with invalid credentials
2024-10-03 18:02:52 INFO  utils.ScreenshotUtil - Screenshot taken: screenshots/Unsuccessful_login_with_invalid_credentials_1727971372096.png
2024-10-03 18:02:52 INFO  utils.Hooks - Driver quit
2024-10-03 18:02:52 INFO  io.github.bonigarcia.wdm.WebDriverManager - Using chromedriver 129.0.6668.89 (resolved driver for Chrome 129)
2024-10-03 18:02:52 INFO  io.github.bonigarcia.wdm.WebDriverManager - Exporting webdriver.chrome.driver as C:\Users\iryna\.cache\selenium\chromedriver\win64\129.0.6668.89\chromedriver.exe
2024-10-03 18:02:52 INFO  utils.Hooks - Driver initialized
2024-10-03 18:02:54 INFO  utils.Hooks - Navigated to base URL
2024-10-03 18:02:54 INFO  utils.Hooks - Checking for popup...
2024-10-03 18:02:54 INFO  utils.Hooks - Popup window closed by clicking 'I agree' button
2024-10-03 18:02:59 INFO  ui.stepsdef.LogoutSteps - Logged in as user
2024-10-03 18:03:00 INFO  ui.stepsdef.LogoutSteps - Clicked on Logout link
2024-10-03 18:03:00 ERROR ui.stepsdef.LogoutSteps - Not redirected to the homepage
2024-10-03 18:03:00 INFO  ui.stepsdef.LogoutSteps - User is not logged in
2024-10-03 18:03:00 INFO  utils.Hooks - Test passed: Successful logout
2024-10-03 18:03:00 INFO  utils.ScreenshotUtil - Screenshot taken: screenshots/Successful_logout_1727971380682.png
2024-10-03 18:03:00 INFO  utils.Hooks - Driver quit
2024-10-03 18:03:00 INFO  io.github.bonigarcia.wdm.WebDriverManager - Using chromedriver 129.0.6668.89 (resolved driver for Chrome 129)
2024-10-03 18:03:00 INFO  io.github.bonigarcia.wdm.WebDriverManager - Exporting webdriver.chrome.driver as C:\Users\iryna\.cache\selenium\chromedriver\win64\129.0.6668.89\chromedriver.exe
2024-10-03 18:03:01 INFO  utils.Hooks - Driver initialized
2024-10-03 18:03:03 INFO  utils.Hooks - Navigated to base URL
2024-10-03 18:03:03 INFO  utils.Hooks - Checking for popup...
2024-10-03 18:03:03 INFO  utils.Hooks - Popup window closed by clicking 'I agree' button
2024-10-03 18:03:04 INFO  ui.stepsdef.CommonSteps - Opened the homepage
2024-10-03 18:03:06 INFO  ui.stepsdef.CommonSteps - Clicked on Products link
2024-10-03 18:03:06 INFO  ui.pages.ProductsPage - No banner found, proceeding.
2024-10-03 18:03:08 INFO  ui.pages.ProductsPage - Scrolled to the product at index: 0 and clicked.
2024-10-03 18:03:08 INFO  ui.stepsdef.ProductDetailsInformationSteps - Clicked on the 'View Product' button for the first product
2024-10-03 18:03:08 INFO  ui.stepsdef.ProductDetailsInformationSteps - Product details are displayed correctly
2024-10-03 18:03:08 INFO  utils.Hooks - Test passed: View product details
2024-10-03 18:03:08 INFO  utils.ScreenshotUtil - Screenshot taken: screenshots/View_product_details_1727971388607.png
2024-10-03 18:03:08 INFO  utils.Hooks - Driver quit
2024-10-03 18:03:08 INFO  io.github.bonigarcia.wdm.WebDriverManager - Using chromedriver 129.0.6668.89 (resolved driver for Chrome 129)
2024-10-03 18:03:08 INFO  io.github.bonigarcia.wdm.WebDriverManager - Exporting webdriver.chrome.driver as C:\Users\iryna\.cache\selenium\chromedriver\win64\129.0.6668.89\chromedriver.exe
2024-10-03 18:03:09 INFO  utils.Hooks - Driver initialized
2024-10-03 18:03:11 INFO  utils.Hooks - Navigated to base URL
2024-10-03 18:03:11 INFO  utils.Hooks - Checking for popup...
2024-10-03 18:03:11 INFO  utils.Hooks - Popup window closed by clicking 'I agree' button
2024-10-03 18:03:12 INFO  ui.stepsdef.CommonSteps - Opened the homepage
2024-10-03 18:03:13 INFO  ui.stepsdef.CommonSteps - Clicked on Signup / Login link
2024-10-03 18:03:14 INFO  ui.stepsdef.RegistrationSteps - Entered signup name: Hubert and email: catherine.hilpert@hotmail.com
2024-10-03 18:03:15 INFO  ui.stepsdef.CommonSteps - Clicked on Signup button
2024-10-03 18:03:16 INFO  ui.stepsdef.RegistrationSteps - Filled out registration form with faker data
2024-10-03 18:03:18 INFO  ui.stepsdef.RegistrationSteps - Submitted the registration form
2024-10-03 18:03:18 INFO  ui.stepsdef.RegistrationSteps - Expected message is displayed: ACCOUNT CREATED!
2024-10-03 18:03:20 INFO  ui.stepsdef.RegistrationSteps - Clicked on button: Continue
2024-10-03 18:03:20 INFO  ui.stepsdef.RegistrationSteps - User is logged in
2024-10-03 18:03:20 INFO  utils.Hooks - Test passed: Successful user registration
2024-10-03 18:03:21 INFO  utils.ScreenshotUtil - Screenshot taken: screenshots/Successful_user_registration_1727971401092.png
2024-10-03 18:03:21 INFO  utils.Hooks - Driver quit
2024-10-03 18:03:21 INFO  io.github.bonigarcia.wdm.WebDriverManager - Using chromedriver 129.0.6668.89 (resolved driver for Chrome 129)
2024-10-03 18:03:21 INFO  io.github.bonigarcia.wdm.WebDriverManager - Exporting webdriver.chrome.driver as C:\Users\iryna\.cache\selenium\chromedriver\win64\129.0.6668.89\chromedriver.exe
2024-10-03 18:03:21 INFO  utils.Hooks - Driver initialized
2024-10-03 18:03:23 INFO  utils.Hooks - Navigated to base URL
2024-10-03 18:03:23 INFO  utils.Hooks - Checking for popup...
2024-10-03 18:03:23 INFO  utils.Hooks - Popup window closed by clicking 'I agree' button
2024-10-03 18:03:25 INFO  ui.stepsdef.CommonSteps - Opened the homepage
2024-10-03 18:03:26 INFO  ui.stepsdef.CommonSteps - Clicked on Products link
2024-10-03 18:03:27 INFO  ui.stepsdef.ViewAndFilterProductsSteps - Product list is displayed
2024-10-03 18:03:27 INFO  utils.Hooks - Test passed: View all products
2024-10-03 18:03:27 INFO  utils.ScreenshotUtil - Screenshot taken: screenshots/View_all_products_1727971407168.png
2024-10-03 18:03:27 INFO  utils.Hooks - Driver quit
2024-10-03 18:03:27 INFO  io.github.bonigarcia.wdm.WebDriverManager - Using chromedriver 129.0.6668.89 (resolved driver for Chrome 129)
2024-10-03 18:03:27 INFO  io.github.bonigarcia.wdm.WebDriverManager - Exporting webdriver.chrome.driver as C:\Users\iryna\.cache\selenium\chromedriver\win64\129.0.6668.89\chromedriver.exe
2024-10-03 18:03:27 INFO  utils.Hooks - Driver initialized
2024-10-03 18:03:29 INFO  utils.Hooks - Navigated to base URL
2024-10-03 18:03:29 INFO  utils.Hooks - Checking for popup...
2024-10-03 18:03:29 INFO  utils.Hooks - Popup window closed by clicking 'I agree' button
2024-10-03 18:03:31 INFO  ui.stepsdef.CommonSteps - Opened the homepage
2024-10-03 18:03:31 INFO  ui.stepsdef.ViewAndFilterProductsSteps - Clicked on Women category
2024-10-03 18:03:34 INFO  ui.pages.HomePage - Clicked on Dress subcategory successfully
2024-10-03 18:03:34 INFO  ui.stepsdef.ViewAndFilterProductsSteps - Clicked on Dress subcategory
2024-10-03 18:03:34 INFO  ui.stepsdef.ViewAndFilterProductsSteps - Filtered products are displayed
2024-10-03 18:03:34 INFO  utils.Hooks - Test passed: Filter products by category "Women > Dress"
2024-10-03 18:03:34 INFO  utils.ScreenshotUtil - Screenshot taken: screenshots/Filter_products_by_category_Women__Dress_1727971414198.png
2024-10-03 18:03:34 INFO  utils.Hooks - Driver quit
2024-10-03 22:55:55 INFO  org.testng.internal.Utils - [XmlSuite] [WARN] 'parallel' value 'false' is no longer valid, defaulting to 'none'.
2024-10-03 22:55:56 INFO  io.github.bonigarcia.wdm.WebDriverManager - Using chromedriver 129.0.6668.89 (resolved driver for Chrome 129)
2024-10-03 22:55:56 INFO  io.github.bonigarcia.wdm.WebDriverManager - Exporting webdriver.chrome.driver as C:\Users\iryna\.cache\selenium\chromedriver\win64\129.0.6668.89\chromedriver.exe
2024-10-03 22:55:57 INFO  utils.Hooks - Driver initialized
2024-10-03 22:55:59 INFO  utils.Hooks - Navigated to base URL
2024-10-03 22:55:59 INFO  utils.Hooks - Checking for popup...
2024-10-03 22:55:59 INFO  utils.Hooks - Popup window closed by clicking 'I agree' button
2024-10-03 22:56:01 INFO  ui.stepsdef.CommonSteps - Opened the homepage
2024-10-03 22:56:02 INFO  ui.stepsdef.CommonSteps - Clicked on Signup / Login link
2024-10-03 22:56:02 INFO  ui.stepsdef.LoginSteps - Entered valid login credentials
2024-10-03 22:56:02 INFO  ui.stepsdef.CommonSteps - Clicking login button
2024-10-03 22:56:04 INFO  ui.stepsdef.LoginSteps - User is logged in
2024-10-03 22:56:04 INFO  utils.Hooks - Test passed: Successful login with valid credentials
2024-10-03 22:56:04 INFO  utils.ScreenshotUtil - Screenshot taken: screenshots/Successful_login_with_valid_credentials_1727988964323.png
2024-10-03 22:56:04 INFO  utils.Hooks - Driver quit
2024-10-03 22:56:04 INFO  io.github.bonigarcia.wdm.WebDriverManager - Using chromedriver 129.0.6668.89 (resolved driver for Chrome 129)
2024-10-03 22:56:04 INFO  io.github.bonigarcia.wdm.WebDriverManager - Exporting webdriver.chrome.driver as C:\Users\iryna\.cache\selenium\chromedriver\win64\129.0.6668.89\chromedriver.exe
2024-10-03 22:56:05 INFO  utils.Hooks - Driver initialized
2024-10-03 22:56:06 INFO  utils.Hooks - Navigated to base URL
2024-10-03 22:56:06 INFO  utils.Hooks - Checking for popup...
2024-10-03 22:56:07 INFO  utils.Hooks - Popup window closed by clicking 'I agree' button
2024-10-03 22:56:08 INFO  ui.stepsdef.CommonSteps - Opened the homepage
2024-10-03 22:56:09 INFO  ui.stepsdef.CommonSteps - Clicked on Signup / Login link
2024-10-03 22:56:10 INFO  ui.stepsdef.LoginSteps - Entered invalid login credentials
2024-10-03 22:56:10 INFO  ui.stepsdef.CommonSteps - Clicking login button
2024-10-03 22:56:11 INFO  ui.stepsdef.LoginSteps - Error message is displayed: Your email or password is incorrect!
2024-10-03 22:56:11 INFO  utils.Hooks - Test passed: Unsuccessful login with invalid credentials
2024-10-03 22:56:11 INFO  utils.ScreenshotUtil - Screenshot taken: screenshots/Unsuccessful_login_with_invalid_credentials_1727988971152.png
2024-10-03 22:56:11 INFO  utils.Hooks - Driver quit
2024-10-03 22:56:11 INFO  io.github.bonigarcia.wdm.WebDriverManager - Using chromedriver 129.0.6668.89 (resolved driver for Chrome 129)
2024-10-03 22:56:11 INFO  io.github.bonigarcia.wdm.WebDriverManager - Exporting webdriver.chrome.driver as C:\Users\iryna\.cache\selenium\chromedriver\win64\129.0.6668.89\chromedriver.exe
2024-10-03 22:56:11 INFO  utils.Hooks - Driver initialized
2024-10-03 22:56:13 INFO  utils.Hooks - Navigated to base URL
2024-10-03 22:56:13 INFO  utils.Hooks - Checking for popup...
2024-10-03 22:56:13 INFO  utils.Hooks - Popup window closed by clicking 'I agree' button
2024-10-03 22:56:19 INFO  ui.stepsdef.LogoutSteps - Logged in as user
2024-10-03 22:56:20 INFO  ui.stepsdef.LogoutSteps - Clicked on Logout link
2024-10-03 22:56:20 ERROR ui.stepsdef.LogoutSteps - Not redirected to the homepage
2024-10-03 22:56:20 INFO  ui.stepsdef.LogoutSteps - User is not logged in
2024-10-03 22:56:20 INFO  utils.Hooks - Test passed: Successful logout
2024-10-03 22:56:20 INFO  utils.ScreenshotUtil - Screenshot taken: screenshots/Successful_logout_1727988980413.png
2024-10-03 22:56:20 INFO  utils.Hooks - Driver quit
2024-10-03 22:56:20 INFO  io.github.bonigarcia.wdm.WebDriverManager - Using chromedriver 129.0.6668.89 (resolved driver for Chrome 129)
2024-10-03 22:56:20 INFO  io.github.bonigarcia.wdm.WebDriverManager - Exporting webdriver.chrome.driver as C:\Users\iryna\.cache\selenium\chromedriver\win64\129.0.6668.89\chromedriver.exe
2024-10-03 22:56:21 INFO  utils.Hooks - Driver initialized
2024-10-03 22:56:22 INFO  utils.Hooks - Navigated to base URL
2024-10-03 22:56:23 INFO  utils.Hooks - Checking for popup...
2024-10-03 22:56:23 INFO  utils.Hooks - Popup window closed by clicking 'I agree' button
2024-10-03 22:56:24 INFO  ui.stepsdef.CommonSteps - Opened the homepage
2024-10-03 22:56:26 INFO  ui.stepsdef.CommonSteps - Clicked on Products link
2024-10-03 22:56:26 INFO  ui.pages.ProductsPage - No banner found, proceeding.
2024-10-03 22:56:28 INFO  ui.pages.ProductsPage - Scrolled to the product at index: 0 and clicked.
2024-10-03 22:56:28 INFO  ui.stepsdef.ProductDetailsInformationSteps - Clicked on the 'View Product' button for the first product
2024-10-03 22:56:28 INFO  ui.stepsdef.ProductDetailsInformationSteps - Product details are displayed correctly
2024-10-03 22:56:28 INFO  utils.Hooks - Test passed: View product details
2024-10-03 22:56:28 INFO  utils.ScreenshotUtil - Screenshot taken: screenshots/View_product_details_1727988988258.png
2024-10-03 22:56:28 INFO  utils.Hooks - Driver quit
2024-10-03 22:56:28 INFO  io.github.bonigarcia.wdm.WebDriverManager - Using chromedriver 129.0.6668.89 (resolved driver for Chrome 129)
2024-10-03 22:56:28 INFO  io.github.bonigarcia.wdm.WebDriverManager - Exporting webdriver.chrome.driver as C:\Users\iryna\.cache\selenium\chromedriver\win64\129.0.6668.89\chromedriver.exe
2024-10-03 22:56:28 INFO  utils.Hooks - Driver initialized
2024-10-03 22:56:30 INFO  utils.Hooks - Navigated to base URL
2024-10-03 22:56:30 INFO  utils.Hooks - Checking for popup...
2024-10-03 22:56:30 INFO  utils.Hooks - Popup window closed by clicking 'I agree' button
2024-10-03 22:56:32 INFO  ui.stepsdef.CommonSteps - Opened the homepage
2024-10-03 22:56:33 INFO  ui.stepsdef.CommonSteps - Clicked on Signup / Login link
2024-10-03 22:56:34 INFO  ui.stepsdef.RegistrationSteps - Entered signup name: Eduardo and email: cecille.jones@hotmail.com
2024-10-03 22:56:35 INFO  ui.stepsdef.CommonSteps - Clicked on Signup button
2024-10-03 22:56:36 INFO  ui.stepsdef.RegistrationSteps - Filled out registration form with faker data
2024-10-03 22:56:37 INFO  ui.stepsdef.RegistrationSteps - Submitted the registration form
2024-10-03 22:56:37 INFO  ui.stepsdef.RegistrationSteps - Expected message is displayed: ACCOUNT CREATED!
2024-10-03 22:56:39 INFO  ui.stepsdef.RegistrationSteps - Clicked on button: Continue
2024-10-03 22:56:39 INFO  ui.stepsdef.RegistrationSteps - User is logged in
2024-10-03 22:56:39 INFO  utils.Hooks - Test passed: Successful user registration
2024-10-03 22:56:39 INFO  utils.ScreenshotUtil - Screenshot taken: screenshots/Successful_user_registration_1727988999444.png
2024-10-03 22:56:39 INFO  utils.Hooks - Driver quit
2024-10-03 22:56:39 INFO  io.github.bonigarcia.wdm.WebDriverManager - Using chromedriver 129.0.6668.89 (resolved driver for Chrome 129)
2024-10-03 22:56:39 INFO  io.github.bonigarcia.wdm.WebDriverManager - Exporting webdriver.chrome.driver as C:\Users\iryna\.cache\selenium\chromedriver\win64\129.0.6668.89\chromedriver.exe
2024-10-03 22:56:40 INFO  utils.Hooks - Driver initialized
2024-10-03 22:56:41 INFO  utils.Hooks - Navigated to base URL
2024-10-03 22:56:41 INFO  utils.Hooks - Checking for popup...
2024-10-03 22:56:42 INFO  utils.Hooks - Popup window closed by clicking 'I agree' button
2024-10-03 22:56:43 INFO  ui.stepsdef.CommonSteps - Opened the homepage
2024-10-03 22:56:44 INFO  ui.stepsdef.CommonSteps - Clicked on Products link
2024-10-03 22:56:44 INFO  ui.stepsdef.ViewAndFilterProductsSteps - Product list is displayed
2024-10-03 22:56:44 INFO  utils.Hooks - Test passed: View all products
2024-10-03 22:56:44 INFO  utils.ScreenshotUtil - Screenshot taken: screenshots/View_all_products_1727989004963.png
2024-10-03 22:56:45 INFO  utils.Hooks - Driver quit
2024-10-03 22:56:45 INFO  io.github.bonigarcia.wdm.WebDriverManager - Using chromedriver 129.0.6668.89 (resolved driver for Chrome 129)
2024-10-03 22:56:45 INFO  io.github.bonigarcia.wdm.WebDriverManager - Exporting webdriver.chrome.driver as C:\Users\iryna\.cache\selenium\chromedriver\win64\129.0.6668.89\chromedriver.exe
2024-10-03 22:56:45 INFO  utils.Hooks - Driver initialized
2024-10-03 22:56:47 INFO  utils.Hooks - Navigated to base URL
2024-10-03 22:56:47 INFO  utils.Hooks - Checking for popup...
2024-10-03 22:56:47 INFO  utils.Hooks - Popup window closed by clicking 'I agree' button
2024-10-03 22:56:49 INFO  ui.stepsdef.CommonSteps - Opened the homepage
2024-10-03 22:56:49 INFO  ui.stepsdef.ViewAndFilterProductsSteps - Clicked on Women category
2024-10-03 22:56:51 INFO  ui.pages.HomePage - Clicked on Dress subcategory successfully
2024-10-03 22:56:51 INFO  ui.stepsdef.ViewAndFilterProductsSteps - Clicked on Dress subcategory
2024-10-03 22:56:51 INFO  ui.stepsdef.ViewAndFilterProductsSteps - Filtered products are displayed
2024-10-03 22:56:51 INFO  utils.Hooks - Test passed: Filter products by category "Women > Dress"
2024-10-03 22:56:51 INFO  utils.ScreenshotUtil - Screenshot taken: screenshots/Filter_products_by_category_Women__Dress_1727989011438.png
2024-10-03 22:56:51 INFO  utils.Hooks - Driver quit
2024-10-03 22:58:26 INFO  org.testng.internal.Utils - [XmlSuite] [WARN] 'parallel' value 'false' is no longer valid, defaulting to 'none'.
2024-10-03 22:58:27 INFO  io.github.bonigarcia.wdm.WebDriverManager - Using chromedriver 129.0.6668.89 (resolved driver for Chrome 129)
2024-10-03 22:58:27 INFO  io.github.bonigarcia.wdm.WebDriverManager - Exporting webdriver.chrome.driver as C:\Users\iryna\.cache\selenium\chromedriver\win64\129.0.6668.89\chromedriver.exe
2024-10-03 22:58:28 INFO  utils.Hooks - Driver initialized
2024-10-03 22:58:30 INFO  utils.Hooks - Navigated to base URL
2024-10-03 22:58:30 INFO  utils.Hooks - Checking for popup...
2024-10-03 22:58:30 INFO  utils.Hooks - Popup window closed by clicking 'I agree' button
2024-10-03 22:58:32 INFO  ui.stepsdef.CommonSteps - Opened the homepage
2024-10-03 22:58:33 INFO  ui.stepsdef.CommonSteps - Clicked on Signup / Login link
2024-10-03 22:58:33 INFO  ui.stepsdef.LoginSteps - Entered valid login credentials
2024-10-03 22:58:33 INFO  ui.stepsdef.CommonSteps - Clicking login button
2024-10-03 22:58:35 INFO  ui.stepsdef.LoginSteps - User is logged in
2024-10-03 22:58:35 INFO  utils.Hooks - Test passed: Successful login with valid credentials
2024-10-03 22:58:35 INFO  utils.ScreenshotUtil - Screenshot taken: screenshots/Successful_login_with_valid_credentials_1727989115960.png
2024-10-03 22:58:36 INFO  utils.Hooks - Driver quit
2024-10-03 22:58:36 INFO  io.github.bonigarcia.wdm.WebDriverManager - Using chromedriver 129.0.6668.89 (resolved driver for Chrome 129)
2024-10-03 22:58:36 INFO  io.github.bonigarcia.wdm.WebDriverManager - Exporting webdriver.chrome.driver as C:\Users\iryna\.cache\selenium\chromedriver\win64\129.0.6668.89\chromedriver.exe
2024-10-03 22:58:36 INFO  utils.Hooks - Driver initialized
2024-10-03 22:58:38 INFO  utils.Hooks - Navigated to base URL
2024-10-03 22:58:38 INFO  utils.Hooks - Checking for popup...
2024-10-03 22:58:38 INFO  utils.Hooks - Popup window closed by clicking 'I agree' button
2024-10-03 22:58:40 INFO  ui.stepsdef.CommonSteps - Opened the homepage
2024-10-03 22:58:42 INFO  ui.stepsdef.CommonSteps - Clicked on Signup / Login link
2024-10-03 22:58:42 INFO  ui.stepsdef.LoginSteps - Entered invalid login credentials
2024-10-03 22:58:42 INFO  ui.stepsdef.CommonSteps - Clicking login button
2024-10-03 22:58:43 INFO  ui.stepsdef.LoginSteps - Error message is displayed: Your email or password is incorrect!
2024-10-03 22:58:43 INFO  utils.Hooks - Test passed: Unsuccessful login with invalid credentials
2024-10-03 22:58:43 INFO  utils.ScreenshotUtil - Screenshot taken: screenshots/Unsuccessful_login_with_invalid_credentials_1727989123504.png
2024-10-03 22:58:43 INFO  utils.Hooks - Driver quit
2024-10-03 22:58:43 INFO  io.github.bonigarcia.wdm.WebDriverManager - Using chromedriver 129.0.6668.89 (resolved driver for Chrome 129)
2024-10-03 22:58:43 INFO  io.github.bonigarcia.wdm.WebDriverManager - Exporting webdriver.chrome.driver as C:\Users\iryna\.cache\selenium\chromedriver\win64\129.0.6668.89\chromedriver.exe
2024-10-03 22:58:44 INFO  utils.Hooks - Driver initialized
2024-10-03 22:58:51 INFO  utils.Hooks - Navigated to base URL
2024-10-03 22:58:51 INFO  utils.Hooks - Checking for popup...
2024-10-03 22:58:51 INFO  utils.Hooks - Popup window closed by clicking 'I agree' button
2024-10-03 22:58:56 INFO  ui.stepsdef.LogoutSteps - Logged in as user
2024-10-03 22:58:57 INFO  ui.stepsdef.LogoutSteps - Clicked on Logout link
2024-10-03 22:58:57 ERROR ui.stepsdef.LogoutSteps - Not redirected to the homepage
2024-10-03 22:58:57 INFO  ui.stepsdef.LogoutSteps - User is not logged in
2024-10-03 22:58:57 INFO  utils.Hooks - Test passed: Successful logout
2024-10-03 22:58:57 INFO  utils.ScreenshotUtil - Screenshot taken: screenshots/Successful_logout_1727989137597.png
2024-10-03 22:58:57 INFO  utils.Hooks - Driver quit
2024-10-03 22:58:57 INFO  io.github.bonigarcia.wdm.WebDriverManager - Using chromedriver 129.0.6668.89 (resolved driver for Chrome 129)
2024-10-03 22:58:57 INFO  io.github.bonigarcia.wdm.WebDriverManager - Exporting webdriver.chrome.driver as C:\Users\iryna\.cache\selenium\chromedriver\win64\129.0.6668.89\chromedriver.exe
2024-10-03 22:58:58 INFO  utils.Hooks - Driver initialized
2024-10-03 22:59:00 INFO  utils.Hooks - Navigated to base URL
2024-10-03 22:59:00 INFO  utils.Hooks - Checking for popup...
2024-10-03 22:59:00 INFO  utils.Hooks - Popup window closed by clicking 'I agree' button
2024-10-03 22:59:01 INFO  ui.stepsdef.CommonSteps - Opened the homepage
2024-10-03 22:59:03 INFO  ui.stepsdef.CommonSteps - Clicked on Products link
2024-10-03 22:59:03 INFO  ui.pages.ProductsPage - No banner found, proceeding.
2024-10-03 22:59:04 INFO  ui.pages.ProductsPage - Scrolled to the product at index: 0 and clicked.
2024-10-03 22:59:04 INFO  ui.stepsdef.ProductDetailsInformationSteps - Clicked on the 'View Product' button for the first product
2024-10-03 22:59:04 INFO  ui.stepsdef.ProductDetailsInformationSteps - Product details are displayed correctly
2024-10-03 22:59:04 INFO  utils.Hooks - Test passed: View product details
2024-10-03 22:59:04 INFO  utils.ScreenshotUtil - Screenshot taken: screenshots/View_product_details_1727989144767.png
2024-10-03 22:59:04 INFO  utils.Hooks - Driver quit
2024-10-03 22:59:04 INFO  io.github.bonigarcia.wdm.WebDriverManager - Using chromedriver 129.0.6668.89 (resolved driver for Chrome 129)
2024-10-03 22:59:04 INFO  io.github.bonigarcia.wdm.WebDriverManager - Exporting webdriver.chrome.driver as C:\Users\iryna\.cache\selenium\chromedriver\win64\129.0.6668.89\chromedriver.exe
2024-10-03 22:59:05 INFO  utils.Hooks - Driver initialized
2024-10-03 22:59:07 INFO  utils.Hooks - Navigated to base URL
2024-10-03 22:59:07 INFO  utils.Hooks - Checking for popup...
2024-10-03 22:59:07 INFO  utils.Hooks - Popup window closed by clicking 'I agree' button
2024-10-03 22:59:09 INFO  ui.stepsdef.CommonSteps - Opened the homepage
2024-10-03 22:59:10 INFO  ui.stepsdef.CommonSteps - Clicked on Signup / Login link
2024-10-03 22:59:10 INFO  ui.stepsdef.RegistrationSteps - Entered signup name: Marilynn and email: hunter.mayert@gmail.com
2024-10-03 22:59:12 INFO  ui.stepsdef.CommonSteps - Clicked on Signup button
2024-10-03 22:59:13 INFO  ui.stepsdef.RegistrationSteps - Filled out registration form with faker data
2024-10-03 22:59:14 INFO  ui.stepsdef.RegistrationSteps - Submitted the registration form
2024-10-03 22:59:14 INFO  ui.stepsdef.RegistrationSteps - Expected message is displayed: ACCOUNT CREATED!
2024-10-03 22:59:16 INFO  ui.stepsdef.RegistrationSteps - Clicked on button: Continue
2024-10-03 22:59:16 INFO  ui.stepsdef.RegistrationSteps - User is logged in
2024-10-03 22:59:16 INFO  utils.Hooks - Test passed: Successful user registration
2024-10-03 22:59:16 INFO  utils.ScreenshotUtil - Screenshot taken: screenshots/Successful_user_registration_1727989156299.png
2024-10-03 22:59:16 INFO  utils.Hooks - Driver quit
2024-10-03 22:59:16 INFO  io.github.bonigarcia.wdm.WebDriverManager - Using chromedriver 129.0.6668.89 (resolved driver for Chrome 129)
2024-10-03 22:59:16 INFO  io.github.bonigarcia.wdm.WebDriverManager - Exporting webdriver.chrome.driver as C:\Users\iryna\.cache\selenium\chromedriver\win64\129.0.6668.89\chromedriver.exe
2024-10-03 22:59:17 INFO  utils.Hooks - Driver initialized
2024-10-03 22:59:18 INFO  utils.Hooks - Navigated to base URL
2024-10-03 22:59:18 INFO  utils.Hooks - Checking for popup...
2024-10-03 22:59:18 INFO  utils.Hooks - Popup window closed by clicking 'I agree' button
2024-10-03 22:59:20 INFO  ui.stepsdef.CommonSteps - Opened the homepage
2024-10-03 22:59:22 INFO  ui.stepsdef.CommonSteps - Clicked on Products link
2024-10-03 22:59:22 INFO  ui.stepsdef.ViewAndFilterProductsSteps - Product list is displayed
2024-10-03 22:59:22 INFO  utils.Hooks - Test passed: View all products
2024-10-03 22:59:22 INFO  utils.ScreenshotUtil - Screenshot taken: screenshots/View_all_products_1727989162460.png
2024-10-03 22:59:22 INFO  utils.Hooks - Driver quit
2024-10-03 22:59:22 INFO  io.github.bonigarcia.wdm.WebDriverManager - Using chromedriver 129.0.6668.89 (resolved driver for Chrome 129)
2024-10-03 22:59:22 INFO  io.github.bonigarcia.wdm.WebDriverManager - Exporting webdriver.chrome.driver as C:\Users\iryna\.cache\selenium\chromedriver\win64\129.0.6668.89\chromedriver.exe
2024-10-03 22:59:23 INFO  utils.Hooks - Driver initialized
2024-10-03 22:59:24 INFO  utils.Hooks - Navigated to base URL
2024-10-03 22:59:24 INFO  utils.Hooks - Checking for popup...
2024-10-03 22:59:24 INFO  utils.Hooks - Popup window closed by clicking 'I agree' button
2024-10-03 22:59:26 INFO  ui.stepsdef.CommonSteps - Opened the homepage
2024-10-03 22:59:26 INFO  ui.stepsdef.ViewAndFilterProductsSteps - Clicked on Women category
2024-10-03 22:59:29 INFO  ui.pages.HomePage - Clicked on Dress subcategory successfully
2024-10-03 22:59:29 INFO  ui.stepsdef.ViewAndFilterProductsSteps - Clicked on Dress subcategory
2024-10-03 22:59:29 INFO  ui.stepsdef.ViewAndFilterProductsSteps - Filtered products are displayed
2024-10-03 22:59:29 INFO  utils.Hooks - Test passed: Filter products by category "Women > Dress"
2024-10-03 22:59:29 INFO  utils.ScreenshotUtil - Screenshot taken: screenshots/Filter_products_by_category_Women__Dress_1727989169365.png
2024-10-03 22:59:29 INFO  utils.Hooks - Driver quit
2024-10-03 23:03:36 INFO  org.testng.internal.Utils - [XmlSuite] [WARN] 'parallel' value 'false' is no longer valid, defaulting to 'none'.
2024-10-03 23:03:37 INFO  io.github.bonigarcia.wdm.WebDriverManager - Using chromedriver 129.0.6668.89 (resolved driver for Chrome 129)
2024-10-03 23:03:37 INFO  io.github.bonigarcia.wdm.WebDriverManager - Exporting webdriver.chrome.driver as C:\Users\iryna\.cache\selenium\chromedriver\win64\129.0.6668.89\chromedriver.exe
2024-10-03 23:03:38 INFO  utils.Hooks - Driver initialized
2024-10-03 23:03:39 INFO  utils.Hooks - Navigated to base URL
2024-10-03 23:03:39 INFO  utils.Hooks - Checking for popup...
2024-10-03 23:03:39 INFO  utils.Hooks - Popup window closed by clicking 'I agree' button
2024-10-03 23:03:42 INFO  ui.stepsdef.CommonSteps - Opened the homepage
2024-10-03 23:03:42 INFO  ui.stepsdef.CommonSteps - Clicked on Signup / Login link
2024-10-03 23:03:42 INFO  ui.stepsdef.LoginSteps - Entered valid login credentials
2024-10-03 23:03:42 INFO  ui.stepsdef.CommonSteps - Clicking login button
2024-10-03 23:03:44 INFO  ui.stepsdef.LoginSteps - User is logged in
2024-10-03 23:03:44 INFO  utils.Hooks - Test passed: Successful login with valid credentials
2024-10-03 23:03:44 INFO  utils.ScreenshotUtil - Screenshot taken: screenshots/Successful_login_with_valid_credentials_1727989424572.png
2024-10-03 23:03:44 INFO  utils.Hooks - Driver quit
2024-10-03 23:03:44 INFO  io.github.bonigarcia.wdm.WebDriverManager - Using chromedriver 129.0.6668.89 (resolved driver for Chrome 129)
2024-10-03 23:03:44 INFO  io.github.bonigarcia.wdm.WebDriverManager - Exporting webdriver.chrome.driver as C:\Users\iryna\.cache\selenium\chromedriver\win64\129.0.6668.89\chromedriver.exe
2024-10-03 23:03:45 INFO  utils.Hooks - Driver initialized
2024-10-03 23:03:47 INFO  utils.Hooks - Navigated to base URL
2024-10-03 23:03:47 INFO  utils.Hooks - Checking for popup...
2024-10-03 23:03:47 INFO  utils.Hooks - Popup window closed by clicking 'I agree' button
2024-10-03 23:03:48 INFO  ui.stepsdef.CommonSteps - Opened the homepage
2024-10-03 23:03:48 INFO  ui.stepsdef.CommonSteps - Clicked on Signup / Login link
2024-10-03 23:03:48 INFO  ui.stepsdef.LoginSteps - Entered invalid login credentials
2024-10-03 23:03:48 INFO  ui.stepsdef.CommonSteps - Clicking login button
2024-10-03 23:03:49 INFO  ui.stepsdef.LoginSteps - Error message is displayed: Your email or password is incorrect!
2024-10-03 23:03:49 INFO  utils.Hooks - Test passed: Unsuccessful login with invalid credentials
2024-10-03 23:03:49 INFO  utils.ScreenshotUtil - Screenshot taken: screenshots/Unsuccessful_login_with_invalid_credentials_1727989429751.png
2024-10-03 23:03:49 INFO  utils.Hooks - Driver quit
2024-10-03 23:03:49 INFO  io.github.bonigarcia.wdm.WebDriverManager - Using chromedriver 129.0.6668.89 (resolved driver for Chrome 129)
2024-10-03 23:03:49 INFO  io.github.bonigarcia.wdm.WebDriverManager - Exporting webdriver.chrome.driver as C:\Users\iryna\.cache\selenium\chromedriver\win64\129.0.6668.89\chromedriver.exe
2024-10-03 23:03:50 INFO  utils.Hooks - Driver initialized
2024-10-03 23:03:51 INFO  utils.Hooks - Navigated to base URL
2024-10-03 23:03:51 INFO  utils.Hooks - Checking for popup...
2024-10-03 23:03:51 INFO  utils.Hooks - Popup window closed by clicking 'I agree' button
2024-10-03 23:03:55 INFO  ui.stepsdef.LogoutSteps - Logged in as user
2024-10-03 23:03:56 INFO  ui.stepsdef.LogoutSteps - Clicked on Logout link
2024-10-03 23:03:56 ERROR ui.stepsdef.LogoutSteps - Not redirected to the homepage
2024-10-03 23:03:56 INFO  ui.stepsdef.LogoutSteps - User is not logged in
2024-10-03 23:03:56 INFO  utils.Hooks - Test passed: Successful logout
2024-10-03 23:03:56 INFO  utils.ScreenshotUtil - Screenshot taken: screenshots/Successful_logout_1727989436217.png
2024-10-03 23:03:56 INFO  utils.Hooks - Driver quit
2024-10-03 23:03:56 INFO  io.github.bonigarcia.wdm.WebDriverManager - Using chromedriver 129.0.6668.89 (resolved driver for Chrome 129)
2024-10-03 23:03:56 INFO  io.github.bonigarcia.wdm.WebDriverManager - Exporting webdriver.chrome.driver as C:\Users\iryna\.cache\selenium\chromedriver\win64\129.0.6668.89\chromedriver.exe
2024-10-03 23:03:56 INFO  utils.Hooks - Driver initialized
2024-10-03 23:03:58 INFO  utils.Hooks - Navigated to base URL
2024-10-03 23:03:58 INFO  utils.Hooks - Checking for popup...
2024-10-03 23:03:58 INFO  utils.Hooks - Popup window closed by clicking 'I agree' button
2024-10-03 23:03:59 INFO  ui.stepsdef.CommonSteps - Opened the homepage
2024-10-03 23:04:01 INFO  ui.stepsdef.CommonSteps - Clicked on Products link
2024-10-03 23:04:01 INFO  ui.pages.ProductsPage - No banner found, proceeding.
2024-10-03 23:04:02 INFO  ui.pages.ProductsPage - Scrolled to the product at index: 0 and clicked.
2024-10-03 23:04:02 INFO  ui.stepsdef.ProductDetailsInformationSteps - Clicked on the 'View Product' button for the first product
2024-10-03 23:04:02 INFO  ui.stepsdef.ProductDetailsInformationSteps - Product details are displayed correctly
2024-10-03 23:04:02 INFO  utils.Hooks - Test passed: View product details
2024-10-03 23:04:02 INFO  utils.ScreenshotUtil - Screenshot taken: screenshots/View_product_details_1727989442550.png
2024-10-03 23:04:02 INFO  utils.Hooks - Driver quit
2024-10-03 23:04:02 INFO  io.github.bonigarcia.wdm.WebDriverManager - Using chromedriver 129.0.6668.89 (resolved driver for Chrome 129)
2024-10-03 23:04:02 INFO  io.github.bonigarcia.wdm.WebDriverManager - Exporting webdriver.chrome.driver as C:\Users\iryna\.cache\selenium\chromedriver\win64\129.0.6668.89\chromedriver.exe
2024-10-03 23:04:03 INFO  utils.Hooks - Driver initialized
2024-10-03 23:04:04 INFO  utils.Hooks - Navigated to base URL
2024-10-03 23:04:04 INFO  utils.Hooks - Checking for popup...
2024-10-03 23:04:05 INFO  utils.Hooks - Popup window closed by clicking 'I agree' button
2024-10-03 23:04:05 INFO  ui.stepsdef.CommonSteps - Opened the homepage
2024-10-03 23:04:06 INFO  ui.stepsdef.CommonSteps - Clicked on Signup / Login link
2024-10-03 23:04:07 INFO  ui.stepsdef.RegistrationSteps - Entered signup name: Dwayne and email: karren.wilderman@hotmail.com
2024-10-03 23:04:07 INFO  ui.stepsdef.CommonSteps - Clicked on Signup button
2024-10-03 23:04:08 INFO  ui.stepsdef.RegistrationSteps - Filled out registration form with faker data
2024-10-03 23:04:10 INFO  ui.stepsdef.RegistrationSteps - Submitted the registration form
2024-10-03 23:04:10 INFO  ui.stepsdef.RegistrationSteps - Expected message is displayed: ACCOUNT CREATED!
2024-10-03 23:04:11 INFO  ui.stepsdef.RegistrationSteps - Clicked on button: Continue
2024-10-03 23:04:11 INFO  ui.stepsdef.RegistrationSteps - User is logged in
2024-10-03 23:04:11 INFO  utils.Hooks - Test passed: Successful user registration
2024-10-03 23:04:11 INFO  utils.ScreenshotUtil - Screenshot taken: screenshots/Successful_user_registration_1727989451880.png
2024-10-03 23:04:12 INFO  utils.Hooks - Driver quit
2024-10-03 23:04:12 INFO  io.github.bonigarcia.wdm.WebDriverManager - Using chromedriver 129.0.6668.89 (resolved driver for Chrome 129)
2024-10-03 23:04:12 INFO  io.github.bonigarcia.wdm.WebDriverManager - Exporting webdriver.chrome.driver as C:\Users\iryna\.cache\selenium\chromedriver\win64\129.0.6668.89\chromedriver.exe
2024-10-03 23:04:12 INFO  utils.Hooks - Driver initialized
2024-10-03 23:04:14 INFO  utils.Hooks - Navigated to base URL
2024-10-03 23:04:14 INFO  utils.Hooks - Checking for popup...
2024-10-03 23:04:14 INFO  utils.Hooks - Popup window closed by clicking 'I agree' button
2024-10-03 23:04:15 INFO  ui.stepsdef.CommonSteps - Opened the homepage
2024-10-03 23:04:15 INFO  ui.stepsdef.CommonSteps - Clicked on Products link
2024-10-03 23:04:15 INFO  ui.stepsdef.ViewAndFilterProductsSteps - Product list is displayed
2024-10-03 23:04:15 INFO  utils.Hooks - Test passed: View all products
2024-10-03 23:04:16 INFO  utils.ScreenshotUtil - Screenshot taken: screenshots/View_all_products_1727989456095.png
2024-10-03 23:04:16 INFO  utils.Hooks - Driver quit
2024-10-03 23:04:16 INFO  io.github.bonigarcia.wdm.WebDriverManager - Using chromedriver 129.0.6668.89 (resolved driver for Chrome 129)
2024-10-03 23:04:16 INFO  io.github.bonigarcia.wdm.WebDriverManager - Exporting webdriver.chrome.driver as C:\Users\iryna\.cache\selenium\chromedriver\win64\129.0.6668.89\chromedriver.exe
2024-10-03 23:04:16 INFO  utils.Hooks - Driver initialized
2024-10-03 23:04:18 INFO  utils.Hooks - Navigated to base URL
2024-10-03 23:04:18 INFO  utils.Hooks - Checking for popup...
2024-10-03 23:04:18 INFO  utils.Hooks - Popup window closed by clicking 'I agree' button
2024-10-03 23:04:21 INFO  ui.stepsdef.CommonSteps - Opened the homepage
2024-10-03 23:04:21 INFO  ui.stepsdef.ViewAndFilterProductsSteps - Clicked on Women category
2024-10-03 23:04:22 INFO  ui.pages.HomePage - Clicked on Dress subcategory successfully
2024-10-03 23:04:22 INFO  ui.stepsdef.ViewAndFilterProductsSteps - Clicked on Dress subcategory
2024-10-03 23:04:22 INFO  ui.stepsdef.ViewAndFilterProductsSteps - Filtered products are displayed
2024-10-03 23:04:22 INFO  utils.Hooks - Test passed: Filter products by category "Women > Dress"
2024-10-03 23:04:22 INFO  utils.ScreenshotUtil - Screenshot taken: screenshots/Filter_products_by_category_Women__Dress_1727989462922.png
2024-10-03 23:04:23 INFO  utils.Hooks - Driver quit
2024-10-03 23:22:30 INFO  org.testng.internal.Utils - [XmlSuite] [WARN] 'parallel' value 'false' is no longer valid, defaulting to 'none'.
2024-10-03 23:22:30 INFO  utils.TestListener - Test suite started: AutomationExerciseTests
2024-10-03 23:22:30 INFO  utils.TestListener - Starting test: runScenario
2024-10-03 23:22:31 INFO  io.github.bonigarcia.wdm.WebDriverManager - Using chromedriver 129.0.6668.89 (resolved driver for Chrome 129)
2024-10-03 23:22:31 INFO  io.github.bonigarcia.wdm.WebDriverManager - Exporting webdriver.chrome.driver as C:\Users\iryna\.cache\selenium\chromedriver\win64\129.0.6668.89\chromedriver.exe
2024-10-03 23:22:31 INFO  utils.Hooks - Driver initialized
2024-10-03 23:22:33 INFO  utils.Hooks - Navigated to base URL
2024-10-03 23:22:33 INFO  utils.Hooks - Checking for popup...
2024-10-03 23:22:33 INFO  utils.Hooks - Popup window closed by clicking 'I agree' button
2024-10-03 23:22:35 INFO  ui.stepsdef.CommonSteps - Opened the homepage
2024-10-03 23:22:36 INFO  ui.stepsdef.CommonSteps - Clicked on Signup / Login link
2024-10-03 23:22:37 INFO  ui.stepsdef.LoginSteps - Entered valid login credentials
2024-10-03 23:22:37 INFO  ui.stepsdef.CommonSteps - Clicking login button
2024-10-03 23:22:38 INFO  ui.stepsdef.LoginSteps - User is logged in
2024-10-03 23:22:38 INFO  utils.Hooks - Test passed: Successful login with valid credentials
2024-10-03 23:22:38 INFO  utils.ScreenshotUtil - Screenshot taken: screenshots/Successful_login_with_valid_credentials_1727990558532.png
2024-10-03 23:22:38 INFO  utils.Hooks - Driver quit
2024-10-03 23:22:38 INFO  io.github.bonigarcia.wdm.WebDriverManager - Using chromedriver 129.0.6668.89 (resolved driver for Chrome 129)
2024-10-03 23:22:38 INFO  io.github.bonigarcia.wdm.WebDriverManager - Exporting webdriver.chrome.driver as C:\Users\iryna\.cache\selenium\chromedriver\win64\129.0.6668.89\chromedriver.exe
2024-10-03 23:22:39 INFO  utils.TestListener - Test succeeded: runScenario
2024-10-03 23:22:39 INFO  utils.ScreenshotUtil - Screenshot taken: screenshots/runScenario_1727990559393.png
2024-10-03 23:22:39 INFO  utils.TestListener - Starting test: runScenario
2024-10-03 23:22:39 INFO  utils.Hooks - Driver initialized
2024-10-03 23:22:41 INFO  utils.Hooks - Navigated to base URL
2024-10-03 23:22:41 INFO  utils.Hooks - Checking for popup...
2024-10-03 23:22:41 INFO  utils.Hooks - Popup window closed by clicking 'I agree' button
2024-10-03 23:22:43 INFO  ui.stepsdef.CommonSteps - Opened the homepage
2024-10-03 23:22:44 INFO  ui.stepsdef.CommonSteps - Clicked on Signup / Login link
2024-10-03 23:22:45 INFO  ui.stepsdef.LoginSteps - Entered invalid login credentials
2024-10-03 23:22:45 INFO  ui.stepsdef.CommonSteps - Clicking login button
2024-10-03 23:22:46 INFO  ui.stepsdef.LoginSteps - Error message is displayed: Your email or password is incorrect!
2024-10-03 23:22:46 INFO  utils.Hooks - Test passed: Unsuccessful login with invalid credentials
2024-10-03 23:22:46 INFO  utils.ScreenshotUtil - Screenshot taken: screenshots/Unsuccessful_login_with_invalid_credentials_1727990566229.png
2024-10-03 23:22:46 INFO  utils.Hooks - Driver quit
2024-10-03 23:22:46 INFO  io.github.bonigarcia.wdm.WebDriverManager - Using chromedriver 129.0.6668.89 (resolved driver for Chrome 129)
2024-10-03 23:22:46 INFO  io.github.bonigarcia.wdm.WebDriverManager - Exporting webdriver.chrome.driver as C:\Users\iryna\.cache\selenium\chromedriver\win64\129.0.6668.89\chromedriver.exe
2024-10-03 23:22:46 INFO  utils.TestListener - Test succeeded: runScenario
2024-10-03 23:22:47 INFO  utils.ScreenshotUtil - Screenshot taken: screenshots/runScenario_1727990567011.png
2024-10-03 23:22:47 INFO  utils.TestListener - Starting test: runScenario
2024-10-03 23:22:47 INFO  utils.Hooks - Driver initialized
2024-10-03 23:22:48 INFO  utils.Hooks - Navigated to base URL
2024-10-03 23:22:48 INFO  utils.Hooks - Checking for popup...
2024-10-03 23:22:48 INFO  utils.Hooks - Popup window closed by clicking 'I agree' button
2024-10-03 23:22:52 INFO  ui.stepsdef.LogoutSteps - Logged in as user
2024-10-03 23:22:54 INFO  ui.stepsdef.LogoutSteps - Clicked on Logout link
2024-10-03 23:22:54 ERROR ui.stepsdef.LogoutSteps - Not redirected to the homepage
2024-10-03 23:22:54 INFO  ui.stepsdef.LogoutSteps - User is not logged in
2024-10-03 23:22:54 INFO  utils.Hooks - Test passed: Successful logout
2024-10-03 23:22:54 INFO  utils.ScreenshotUtil - Screenshot taken: screenshots/Successful_logout_1727990574954.png
2024-10-03 23:22:55 INFO  utils.Hooks - Driver quit
2024-10-03 23:22:55 INFO  io.github.bonigarcia.wdm.WebDriverManager - Using chromedriver 129.0.6668.89 (resolved driver for Chrome 129)
2024-10-03 23:22:55 INFO  io.github.bonigarcia.wdm.WebDriverManager - Exporting webdriver.chrome.driver as C:\Users\iryna\.cache\selenium\chromedriver\win64\129.0.6668.89\chromedriver.exe
2024-10-03 23:22:55 INFO  utils.TestListener - Test succeeded: runScenario
2024-10-03 23:22:55 INFO  utils.ScreenshotUtil - Screenshot taken: screenshots/runScenario_1727990575807.png
2024-10-03 23:22:55 INFO  utils.TestListener - Starting test: runScenario
2024-10-03 23:22:55 INFO  utils.Hooks - Driver initialized
2024-10-03 23:22:57 INFO  utils.Hooks - Navigated to base URL
2024-10-03 23:22:57 INFO  utils.Hooks - Checking for popup...
2024-10-03 23:22:57 INFO  utils.Hooks - Popup window closed by clicking 'I agree' button
2024-10-03 23:22:58 INFO  ui.stepsdef.CommonSteps - Opened the homepage
2024-10-03 23:23:00 INFO  ui.stepsdef.CommonSteps - Clicked on Products link
2024-10-03 23:23:00 INFO  ui.pages.ProductsPage - No banner found, proceeding.
2024-10-03 23:23:01 INFO  ui.pages.ProductsPage - Scrolled to the product at index: 0 and clicked.
2024-10-03 23:23:01 INFO  ui.stepsdef.ProductDetailsInformationSteps - Clicked on the 'View Product' button for the first product
2024-10-03 23:23:01 INFO  ui.stepsdef.ProductDetailsInformationSteps - Product details are displayed correctly
2024-10-03 23:23:01 INFO  utils.Hooks - Test passed: View product details
2024-10-03 23:23:01 INFO  utils.ScreenshotUtil - Screenshot taken: screenshots/View_product_details_1727990581598.png
2024-10-03 23:23:01 INFO  utils.Hooks - Driver quit
2024-10-03 23:23:01 INFO  io.github.bonigarcia.wdm.WebDriverManager - Using chromedriver 129.0.6668.89 (resolved driver for Chrome 129)
2024-10-03 23:23:01 INFO  io.github.bonigarcia.wdm.WebDriverManager - Exporting webdriver.chrome.driver as C:\Users\iryna\.cache\selenium\chromedriver\win64\129.0.6668.89\chromedriver.exe
2024-10-03 23:23:02 INFO  utils.TestListener - Test succeeded: runScenario
2024-10-03 23:23:02 INFO  utils.ScreenshotUtil - Screenshot taken: screenshots/runScenario_1727990582320.png
2024-10-03 23:23:02 INFO  utils.TestListener - Starting test: runScenario
2024-10-03 23:23:02 INFO  utils.Hooks - Driver initialized
2024-10-03 23:23:04 INFO  utils.Hooks - Navigated to base URL
2024-10-03 23:23:04 INFO  utils.Hooks - Checking for popup...
2024-10-03 23:23:04 INFO  utils.Hooks - Popup window closed by clicking 'I agree' button
2024-10-03 23:23:06 INFO  ui.stepsdef.CommonSteps - Opened the homepage
2024-10-03 23:23:08 INFO  ui.stepsdef.CommonSteps - Clicked on Signup / Login link
2024-10-03 23:23:09 INFO  ui.stepsdef.RegistrationSteps - Entered signup name: Shane and email: isa.ryan@hotmail.com
2024-10-03 23:23:10 INFO  ui.stepsdef.CommonSteps - Clicked on Signup button
2024-10-03 23:23:11 INFO  ui.stepsdef.RegistrationSteps - Filled out registration form with faker data
2024-10-03 23:23:12 INFO  ui.stepsdef.RegistrationSteps - Submitted the registration form
2024-10-03 23:23:12 INFO  ui.stepsdef.RegistrationSteps - Expected message is displayed: ACCOUNT CREATED!
2024-10-03 23:23:14 INFO  ui.stepsdef.RegistrationSteps - Clicked on button: Continue
2024-10-03 23:23:14 INFO  ui.stepsdef.RegistrationSteps - User is logged in
2024-10-03 23:23:14 INFO  utils.Hooks - Test passed: Successful user registration
2024-10-03 23:23:14 INFO  utils.ScreenshotUtil - Screenshot taken: screenshots/Successful_user_registration_1727990594359.png
2024-10-03 23:23:14 INFO  utils.Hooks - Driver quit
2024-10-03 23:23:14 INFO  io.github.bonigarcia.wdm.WebDriverManager - Using chromedriver 129.0.6668.89 (resolved driver for Chrome 129)
2024-10-03 23:23:14 INFO  io.github.bonigarcia.wdm.WebDriverManager - Exporting webdriver.chrome.driver as C:\Users\iryna\.cache\selenium\chromedriver\win64\129.0.6668.89\chromedriver.exe
2024-10-03 23:23:15 INFO  utils.TestListener - Test succeeded: runScenario
2024-10-03 23:23:15 INFO  utils.ScreenshotUtil - Screenshot taken: screenshots/runScenario_1727990595154.png
2024-10-03 23:23:15 INFO  utils.TestListener - Starting test: runScenario
2024-10-03 23:23:15 INFO  utils.Hooks - Driver initialized
2024-10-03 23:23:17 INFO  utils.Hooks - Navigated to base URL
2024-10-03 23:23:17 INFO  utils.Hooks - Checking for popup...
2024-10-03 23:23:17 INFO  utils.Hooks - Popup window closed by clicking 'I agree' button
2024-10-03 23:23:18 INFO  ui.stepsdef.CommonSteps - Opened the homepage
2024-10-03 23:23:20 INFO  ui.stepsdef.CommonSteps - Clicked on Products link
2024-10-03 23:23:20 INFO  ui.stepsdef.ViewAndFilterProductsSteps - Product list is displayed
2024-10-03 23:23:20 INFO  utils.Hooks - Test passed: View all products
2024-10-03 23:23:20 INFO  utils.ScreenshotUtil - Screenshot taken: screenshots/View_all_products_1727990600744.png
2024-10-03 23:23:20 INFO  utils.Hooks - Driver quit
2024-10-03 23:23:20 INFO  io.github.bonigarcia.wdm.WebDriverManager - Using chromedriver 129.0.6668.89 (resolved driver for Chrome 129)
2024-10-03 23:23:20 INFO  io.github.bonigarcia.wdm.WebDriverManager - Exporting webdriver.chrome.driver as C:\Users\iryna\.cache\selenium\chromedriver\win64\129.0.6668.89\chromedriver.exe
2024-10-03 23:23:21 INFO  utils.TestListener - Test succeeded: runScenario
2024-10-03 23:23:21 INFO  utils.ScreenshotUtil - Screenshot taken: screenshots/runScenario_1727990601604.png
2024-10-03 23:23:21 INFO  utils.TestListener - Starting test: runScenario
2024-10-03 23:23:21 INFO  utils.Hooks - Driver initialized
2024-10-03 23:23:23 INFO  utils.Hooks - Navigated to base URL
2024-10-03 23:23:23 INFO  utils.Hooks - Checking for popup...
2024-10-03 23:23:23 INFO  utils.Hooks - Popup window closed by clicking 'I agree' button
2024-10-03 23:23:25 INFO  ui.stepsdef.CommonSteps - Opened the homepage
2024-10-03 23:23:25 INFO  ui.stepsdef.ViewAndFilterProductsSteps - Clicked on Women category
2024-10-03 23:23:25 INFO  ui.pages.HomePage - Clicked on Dress subcategory successfully
2024-10-03 23:23:25 INFO  ui.stepsdef.ViewAndFilterProductsSteps - Clicked on Dress subcategory
2024-10-03 23:23:25 INFO  ui.stepsdef.ViewAndFilterProductsSteps - Filtered products are displayed
2024-10-03 23:23:25 INFO  utils.Hooks - Test passed: Filter products by category "Women > Dress"
2024-10-03 23:23:25 INFO  utils.ScreenshotUtil - Screenshot taken: screenshots/Filter_products_by_category_Women__Dress_1727990605728.png
2024-10-03 23:23:25 INFO  utils.Hooks - Driver quit
2024-10-03 23:23:25 INFO  io.github.bonigarcia.wdm.WebDriverManager - Using chromedriver 129.0.6668.89 (resolved driver for Chrome 129)
2024-10-03 23:23:25 INFO  io.github.bonigarcia.wdm.WebDriverManager - Exporting webdriver.chrome.driver as C:\Users\iryna\.cache\selenium\chromedriver\win64\129.0.6668.89\chromedriver.exe
2024-10-03 23:23:26 INFO  utils.TestListener - Test succeeded: runScenario
2024-10-03 23:23:26 INFO  utils.ScreenshotUtil - Screenshot taken: screenshots/runScenario_1727990606578.png
2024-10-03 23:23:26 INFO  utils.TestListener - Test suite finished: AutomationExerciseTests
